{"C:\\Planning-Poker\\planning-poker\\frontend\\src\\App.js": {"path":"C:\\Planning-Poker\\planning-poker\\frontend\\src\\App.js","statementMap":{"0":{"start":{"line":10,"column":2},"end":{"line":22,"column":4}}},"fnMap":{"0":{"name":"App","decl":{"start":{"line":9,"column":9},"end":{"line":9,"column":12}},"loc":{"start":{"line":9,"column":15},"end":{"line":23,"column":1}},"line":9}},"branchMap":{},"s":{"0":3},"f":{"0":3},"b":{},"_coverageSchema":"1a1c01bbd47fc00a2c39e90264f33305004495a9","hash":"c5be506799608fad44d99a26a5cc33c5fb09ee92"}
,"C:\\Planning-Poker\\planning-poker\\frontend\\src\\index.js": {"path":"C:\\Planning-Poker\\planning-poker\\frontend\\src\\index.js","statementMap":{"0":{"start":{"line":6,"column":13},"end":{"line":6,"column":65}},"1":{"start":{"line":7,"column":0},"end":{"line":11,"column":2}}},"fnMap":{},"branchMap":{},"s":{"0":0,"1":0},"f":{},"b":{}}
,"C:\\Planning-Poker\\planning-poker\\frontend\\src\\reportWebVitals.js": {"path":"C:\\Planning-Poker\\planning-poker\\frontend\\src\\reportWebVitals.js","statementMap":{"0":{"start":{"line":1,"column":24},"end":{"line":11,"column":1}},"1":{"start":{"line":2,"column":2},"end":{"line":10,"column":3}},"2":{"start":{"line":3,"column":4},"end":{"line":9,"column":7}},"3":{"start":{"line":4,"column":6},"end":{"line":4,"column":26}},"4":{"start":{"line":5,"column":6},"end":{"line":5,"column":26}},"5":{"start":{"line":6,"column":6},"end":{"line":6,"column":26}},"6":{"start":{"line":7,"column":6},"end":{"line":7,"column":26}},"7":{"start":{"line":8,"column":6},"end":{"line":8,"column":27}}},"fnMap":{"0":{"name":"(anonymous_0)","decl":{"start":{"line":1,"column":24},"end":{"line":1,"column":25}},"loc":{"start":{"line":1,"column":39},"end":{"line":11,"column":1}},"line":1},"1":{"name":"(anonymous_1)","decl":{"start":{"line":3,"column":30},"end":{"line":3,"column":31}},"loc":{"start":{"line":3,"column":79},"end":{"line":9,"column":5}},"line":3}},"branchMap":{"0":{"loc":{"start":{"line":2,"column":2},"end":{"line":10,"column":3}},"type":"if","locations":[{"start":{"line":2,"column":2},"end":{"line":10,"column":3}},{"start":{},"end":{}}],"line":2},"1":{"loc":{"start":{"line":2,"column":6},"end":{"line":2,"column":52}},"type":"binary-expr","locations":[{"start":{"line":2,"column":6},"end":{"line":2,"column":17}},{"start":{"line":2,"column":21},"end":{"line":2,"column":52}}],"line":2}},"s":{"0":0,"1":0,"2":0,"3":0,"4":0,"5":0,"6":0,"7":0},"f":{"0":0,"1":0},"b":{"0":[0,0],"1":[0,0]}}
,"C:\\Planning-Poker\\planning-poker\\frontend\\src\\socket.js": {"path":"C:\\Planning-Poker\\planning-poker\\frontend\\src\\socket.js","statementMap":{"0":{"start":{"line":4,"column":15},"end":{"line":7,"column":2}}},"fnMap":{},"branchMap":{},"s":{"0":0},"f":{},"b":{}}
,"C:\\Planning-Poker\\planning-poker\\frontend\\src\\components\\DarkModeBtn.js": {"path":"C:\\Planning-Poker\\planning-poker\\frontend\\src\\components\\DarkModeBtn.js","statementMap":{"0":{"start":{"line":6,"column":32},"end":{"line":6,"column":47}},"1":{"start":{"line":8,"column":25},"end":{"line":21,"column":3}},"2":{"start":{"line":9,"column":4},"end":{"line":9,"column":50}},"3":{"start":{"line":10,"column":4},"end":{"line":20,"column":5}},"4":{"start":{"line":11,"column":6},"end":{"line":11,"column":56}},"5":{"start":{"line":12,"column":6},"end":{"line":14,"column":9}},"6":{"start":{"line":13,"column":8},"end":{"line":13,"column":38}},"7":{"start":{"line":16,"column":6},"end":{"line":16,"column":52}},"8":{"start":{"line":17,"column":6},"end":{"line":19,"column":9}},"9":{"start":{"line":18,"column":8},"end":{"line":18,"column":42}},"10":{"start":{"line":23,"column":0},"end":{"line":63,"column":1}}},"fnMap":{"0":{"name":"DarkModeBtn","decl":{"start":{"line":4,"column":9},"end":{"line":4,"column":20}},"loc":{"start":{"line":4,"column":22},"end":{"line":66,"column":1}},"line":4},"1":{"name":"(anonymous_1)","decl":{"start":{"line":8,"column":25},"end":{"line":8,"column":26}},"loc":{"start":{"line":8,"column":31},"end":{"line":21,"column":3}},"line":8},"2":{"name":"(anonymous_2)","decl":{"start":{"line":12,"column":72},"end":{"line":12,"column":73}},"loc":{"start":{"line":12,"column":83},"end":{"line":14,"column":7}},"line":12},"3":{"name":"(anonymous_3)","decl":{"start":{"line":17,"column":72},"end":{"line":17,"column":73}},"loc":{"start":{"line":17,"column":83},"end":{"line":19,"column":7}},"line":17}},"branchMap":{"0":{"loc":{"start":{"line":9,"column":16},"end":{"line":9,"column":48}},"type":"cond-expr","locations":[{"start":{"line":9,"column":36},"end":{"line":9,"column":40}},{"start":{"line":9,"column":43},"end":{"line":9,"column":48}}],"line":9},"1":{"loc":{"start":{"line":10,"column":4},"end":{"line":20,"column":5}},"type":"if","locations":[{"start":{"line":10,"column":4},"end":{"line":20,"column":5}},{"start":{"line":15,"column":9},"end":{"line":20,"column":5}}],"line":10},"2":{"loc":{"start":{"line":32,"column":20},"end":{"line":32,"column":71}},"type":"cond-expr","locations":[{"start":{"line":32,"column":41},"end":{"line":32,"column":57}},{"start":{"line":32,"column":60},"end":{"line":32,"column":71}}],"line":32},"3":{"loc":{"start":{"line":33,"column":24},"end":{"line":33,"column":70}},"type":"cond-expr","locations":[{"start":{"line":33,"column":45},"end":{"line":33,"column":56}},{"start":{"line":33,"column":59},"end":{"line":33,"column":70}}],"line":33},"4":{"loc":{"start":{"line":56,"column":13},"end":{"line":60,"column":13}},"type":"cond-expr","locations":[{"start":{"line":57,"column":16},"end":{"line":57,"column":117}},{"start":{"line":59,"column":16},"end":{"line":59,"column":86}}],"line":56}},"s":{"0":0,"1":0,"2":0,"3":0,"4":0,"5":0,"6":0,"7":0,"8":0,"9":0,"10":0},"f":{"0":0,"1":0,"2":0,"3":0},"b":{"0":[0,0],"1":[0,0],"2":[0,0],"3":[0,0],"4":[0,0]}}
,"C:\\Planning-Poker\\planning-poker\\frontend\\src\\components\\Navbar.js": {"path":"C:\\Planning-Poker\\planning-poker\\frontend\\src\\components\\Navbar.js","statementMap":{"0":{"start":{"line":6,"column":2},"end":{"line":16,"column":4}}},"fnMap":{"0":{"name":"Navbar","decl":{"start":{"line":5,"column":24},"end":{"line":5,"column":30}},"loc":{"start":{"line":5,"column":33},"end":{"line":17,"column":1}},"line":5}},"branchMap":{},"s":{"0":3},"f":{"0":3},"b":{},"_coverageSchema":"1a1c01bbd47fc00a2c39e90264f33305004495a9","hash":"14f1f736a5fabad16c37ecc73ed4995754a23d9a"}
,"C:\\Planning-Poker\\planning-poker\\frontend\\src\\components\\UsersList.js": {"path":"C:\\Planning-Poker\\planning-poker\\frontend\\src\\components\\UsersList.js","statementMap":{"0":{"start":{"line":4,"column":4},"end":{"line":120,"column":6}},"1":{"start":{"line":22,"column":41},"end":{"line":22,"column":111}},"2":{"start":{"line":23,"column":46},"end":{"line":23,"column":81}},"3":{"start":{"line":25,"column":24},"end":{"line":115,"column":26}}},"fnMap":{"0":{"name":"UsersList","decl":{"start":{"line":3,"column":24},"end":{"line":3,"column":33}},"loc":{"start":{"line":3,"column":75},"end":{"line":121,"column":1}},"line":3},"1":{"name":"(anonymous_1)","decl":{"start":{"line":21,"column":33},"end":{"line":21,"column":34}},"loc":{"start":{"line":21,"column":52},"end":{"line":116,"column":21}},"line":21}},"branchMap":{"0":{"loc":{"start":{"line":22,"column":41},"end":{"line":22,"column":111}},"type":"binary-expr","locations":[{"start":{"line":22,"column":41},"end":{"line":22,"column":56}},{"start":{"line":22,"column":61},"end":{"line":22,"column":81}},{"start":{"line":22,"column":85},"end":{"line":22,"column":110}}],"line":22},"1":{"loc":{"start":{"line":33,"column":53},"end":{"line":33,"column":88}},"type":"cond-expr","locations":[{"start":{"line":33,"column":69},"end":{"line":33,"column":78}},{"start":{"line":33,"column":81},"end":{"line":33,"column":88}}],"line":33},"2":{"loc":{"start":{"line":34,"column":44},"end":{"line":34,"column":103}},"type":"cond-expr","locations":[{"start":{"line":34,"column":60},"end":{"line":34,"column":81}},{"start":{"line":34,"column":84},"end":{"line":34,"column":103}}],"line":34},"3":{"loc":{"start":{"line":46,"column":61},"end":{"line":46,"column":102}},"type":"cond-expr","locations":[{"start":{"line":46,"column":77},"end":{"line":46,"column":88}},{"start":{"line":46,"column":91},"end":{"line":46,"column":102}}],"line":46},"4":{"loc":{"start":{"line":64,"column":60},"end":{"line":64,"column":89}},"type":"cond-expr","locations":[{"start":{"line":64,"column":76},"end":{"line":64,"column":81}},{"start":{"line":64,"column":84},"end":{"line":64,"column":89}}],"line":64},"5":{"loc":{"start":{"line":65,"column":55},"end":{"line":65,"column":91}},"type":"cond-expr","locations":[{"start":{"line":65,"column":71},"end":{"line":65,"column":82}},{"start":{"line":65,"column":85},"end":{"line":65,"column":91}}],"line":65},"6":{"loc":{"start":{"line":69,"column":45},"end":{"line":69,"column":112}},"type":"binary-expr","locations":[{"start":{"line":69,"column":45},"end":{"line":69,"column":58}},{"start":{"line":69,"column":62},"end":{"line":69,"column":112}}],"line":69},"7":{"loc":{"start":{"line":76,"column":37},"end":{"line":95,"column":37}},"type":"binary-expr","locations":[{"start":{"line":76,"column":37},"end":{"line":76,"column":59}},{"start":{"line":77,"column":40},"end":{"line":94,"column":46}}],"line":76},"8":{"loc":{"start":{"line":85,"column":65},"end":{"line":85,"column":97}},"type":"cond-expr","locations":[{"start":{"line":85,"column":76},"end":{"line":85,"column":85}},{"start":{"line":85,"column":88},"end":{"line":85,"column":97}}],"line":85},"9":{"loc":{"start":{"line":89,"column":45},"end":{"line":93,"column":45}},"type":"cond-expr","locations":[{"start":{"line":90,"column":48},"end":{"line":90,"column":107}},{"start":{"line":92,"column":48},"end":{"line":92,"column":106}}],"line":89},"10":{"loc":{"start":{"line":97,"column":37},"end":{"line":112,"column":37}},"type":"binary-expr","locations":[{"start":{"line":97,"column":37},"end":{"line":97,"column":61}},{"start":{"line":97,"column":65},"end":{"line":97,"column":85}},{"start":{"line":97,"column":89},"end":{"line":97,"column":114}},{"start":{"line":98,"column":40},"end":{"line":111,"column":46}}],"line":97}},"s":{"0":0,"1":0,"2":0,"3":0},"f":{"0":0,"1":0},"b":{"0":[0,0,0],"1":[0,0],"2":[0,0],"3":[0,0],"4":[0,0],"5":[0,0],"6":[0,0],"7":[0,0],"8":[0,0],"9":[0,0],"10":[0,0,0,0]}}
,"C:\\Planning-Poker\\planning-poker\\frontend\\src\\components\\VotingCards.js": {"path":"C:\\Planning-Poker\\planning-poker\\frontend\\src\\components\\VotingCards.js","statementMap":{"0":{"start":{"line":4,"column":4},"end":{"line":104,"column":6}},"1":{"start":{"line":39,"column":39},"end":{"line":39,"column":60}},"2":{"start":{"line":40,"column":40},"end":{"line":40,"column":75}},"3":{"start":{"line":42,"column":20},"end":{"line":88,"column":22}},"4":{"start":{"line":45,"column":43},"end":{"line":45,"column":76}},"5":{"start":{"line":72,"column":32},"end":{"line":76,"column":33}},"6":{"start":{"line":73,"column":36},"end":{"line":73,"column":79}},"7":{"start":{"line":74,"column":36},"end":{"line":74,"column":77}},"8":{"start":{"line":75,"column":36},"end":{"line":75,"column":77}},"9":{"start":{"line":79,"column":32},"end":{"line":83,"column":33}},"10":{"start":{"line":80,"column":36},"end":{"line":80,"column":77}},"11":{"start":{"line":81,"column":36},"end":{"line":81,"column":75}},"12":{"start":{"line":82,"column":36},"end":{"line":82,"column":74}},"13":{"start":{"line":108,"column":4},"end":{"line":110,"column":5}},"14":{"start":{"line":109,"column":8},"end":{"line":109,"column":48}},"15":{"start":{"line":112,"column":4},"end":{"line":117,"column":5}},"16":{"start":{"line":113,"column":8},"end":{"line":115,"column":9}},"17":{"start":{"line":114,"column":12},"end":{"line":114,"column":51}},"18":{"start":{"line":116,"column":8},"end":{"line":116,"column":41}},"19":{"start":{"line":119,"column":4},"end":{"line":121,"column":5}},"20":{"start":{"line":120,"column":8},"end":{"line":120,"column":40}},"21":{"start":{"line":123,"column":4},"end":{"line":123,"column":14}}},"fnMap":{"0":{"name":"VotingCards","decl":{"start":{"line":3,"column":24},"end":{"line":3,"column":35}},"loc":{"start":{"line":3,"column":96},"end":{"line":105,"column":1}},"line":3},"1":{"name":"(anonymous_1)","decl":{"start":{"line":38,"column":27},"end":{"line":38,"column":28}},"loc":{"start":{"line":38,"column":44},"end":{"line":89,"column":17}},"line":38},"2":{"name":"(anonymous_2)","decl":{"start":{"line":45,"column":37},"end":{"line":45,"column":38}},"loc":{"start":{"line":45,"column":43},"end":{"line":45,"column":76}},"line":45},"3":{"name":"(anonymous_3)","decl":{"start":{"line":71,"column":42},"end":{"line":71,"column":43}},"loc":{"start":{"line":71,"column":49},"end":{"line":77,"column":29}},"line":71},"4":{"name":"(anonymous_4)","decl":{"start":{"line":78,"column":42},"end":{"line":78,"column":43}},"loc":{"start":{"line":78,"column":49},"end":{"line":84,"column":29}},"line":78},"5":{"name":"getStatusMessage","decl":{"start":{"line":107,"column":9},"end":{"line":107,"column":25}},"loc":{"start":{"line":107,"column":61},"end":{"line":124,"column":1}},"line":107}},"branchMap":{"0":{"loc":{"start":{"line":25,"column":17},"end":{"line":25,"column":79}},"type":"cond-expr","locations":[{"start":{"line":25,"column":42},"end":{"line":25,"column":58}},{"start":{"line":25,"column":61},"end":{"line":25,"column":79}}],"line":25},"1":{"loc":{"start":{"line":40,"column":40},"end":{"line":40,"column":75}},"type":"binary-expr","locations":[{"start":{"line":40,"column":40},"end":{"line":40,"column":49}},{"start":{"line":40,"column":53},"end":{"line":40,"column":75}}],"line":40},"2":{"loc":{"start":{"line":45,"column":43},"end":{"line":45,"column":76}},"type":"binary-expr","locations":[{"start":{"line":45,"column":43},"end":{"line":45,"column":54}},{"start":{"line":45,"column":58},"end":{"line":45,"column":76}}],"line":45},"3":{"loc":{"start":{"line":51,"column":40},"end":{"line":51,"column":96}},"type":"cond-expr","locations":[{"start":{"line":51,"column":53},"end":{"line":51,"column":74}},{"start":{"line":51,"column":77},"end":{"line":51,"column":96}}],"line":51},"4":{"loc":{"start":{"line":52,"column":49},"end":{"line":56,"column":49}},"type":"cond-expr","locations":[{"start":{"line":53,"column":38},"end":{"line":53,"column":47}},{"start":{"line":54,"column":38},"end":{"line":56,"column":49}}],"line":52},"5":{"loc":{"start":{"line":54,"column":38},"end":{"line":56,"column":49}},"type":"cond-expr","locations":[{"start":{"line":55,"column":42},"end":{"line":55,"column":51}},{"start":{"line":56,"column":42},"end":{"line":56,"column":49}}],"line":54},"6":{"loc":{"start":{"line":57,"column":39},"end":{"line":57,"column":92}},"type":"cond-expr","locations":[{"start":{"line":57,"column":50},"end":{"line":57,"column":56}},{"start":{"line":57,"column":59},"end":{"line":57,"column":92}}],"line":57},"7":{"loc":{"start":{"line":57,"column":59},"end":{"line":57,"column":92}},"type":"cond-expr","locations":[{"start":{"line":57,"column":72},"end":{"line":57,"column":83}},{"start":{"line":57,"column":86},"end":{"line":57,"column":92}}],"line":57},"8":{"loc":{"start":{"line":60,"column":40},"end":{"line":60,"column":79}},"type":"cond-expr","locations":[{"start":{"line":60,"column":54},"end":{"line":60,"column":63}},{"start":{"line":60,"column":66},"end":{"line":60,"column":79}}],"line":60},"9":{"loc":{"start":{"line":65,"column":43},"end":{"line":67,"column":68}},"type":"cond-expr","locations":[{"start":{"line":66,"column":38},"end":{"line":66,"column":73}},{"start":{"line":67,"column":38},"end":{"line":67,"column":68}}],"line":65},"10":{"loc":{"start":{"line":68,"column":43},"end":{"line":68,"column":82}},"type":"cond-expr","locations":[{"start":{"line":68,"column":56},"end":{"line":68,"column":69}},{"start":{"line":68,"column":72},"end":{"line":68,"column":82}}],"line":68},"11":{"loc":{"start":{"line":69,"column":41},"end":{"line":69,"column":59}},"type":"cond-expr","locations":[{"start":{"line":69,"column":52},"end":{"line":69,"column":55}},{"start":{"line":69,"column":58},"end":{"line":69,"column":59}}],"line":69},"12":{"loc":{"start":{"line":72,"column":32},"end":{"line":76,"column":33}},"type":"if","locations":[{"start":{"line":72,"column":32},"end":{"line":76,"column":33}},{"start":{},"end":{}}],"line":72},"13":{"loc":{"start":{"line":72,"column":36},"end":{"line":72,"column":62}},"type":"binary-expr","locations":[{"start":{"line":72,"column":36},"end":{"line":72,"column":47}},{"start":{"line":72,"column":51},"end":{"line":72,"column":62}}],"line":72},"14":{"loc":{"start":{"line":79,"column":32},"end":{"line":83,"column":33}},"type":"if","locations":[{"start":{"line":79,"column":32},"end":{"line":83,"column":33}},{"start":{},"end":{}}],"line":79},"15":{"loc":{"start":{"line":79,"column":36},"end":{"line":79,"column":62}},"type":"binary-expr","locations":[{"start":{"line":79,"column":36},"end":{"line":79,"column":47}},{"start":{"line":79,"column":51},"end":{"line":79,"column":62}}],"line":79},"16":{"loc":{"start":{"line":86,"column":29},"end":{"line":86,"column":75}},"type":"cond-expr","locations":[{"start":{"line":86,"column":44},"end":{"line":86,"column":47}},{"start":{"line":86,"column":50},"end":{"line":86,"column":75}}],"line":86},"17":{"loc":{"start":{"line":86,"column":50},"end":{"line":86,"column":75}},"type":"cond-expr","locations":[{"start":{"line":86,"column":65},"end":{"line":86,"column":68}},{"start":{"line":86,"column":71},"end":{"line":86,"column":75}}],"line":86},"18":{"loc":{"start":{"line":108,"column":4},"end":{"line":110,"column":5}},"type":"if","locations":[{"start":{"line":108,"column":4},"end":{"line":110,"column":5}},{"start":{},"end":{}}],"line":108},"19":{"loc":{"start":{"line":112,"column":4},"end":{"line":117,"column":5}},"type":"if","locations":[{"start":{"line":112,"column":4},"end":{"line":117,"column":5}},{"start":{},"end":{}}],"line":112},"20":{"loc":{"start":{"line":113,"column":8},"end":{"line":115,"column":9}},"type":"if","locations":[{"start":{"line":113,"column":8},"end":{"line":115,"column":9}},{"start":{},"end":{}}],"line":113},"21":{"loc":{"start":{"line":119,"column":4},"end":{"line":121,"column":5}},"type":"if","locations":[{"start":{"line":119,"column":4},"end":{"line":121,"column":5}},{"start":{},"end":{}}],"line":119}},"s":{"0":0,"1":0,"2":0,"3":0,"4":0,"5":0,"6":0,"7":0,"8":0,"9":0,"10":0,"11":0,"12":0,"13":0,"14":0,"15":0,"16":0,"17":0,"18":0,"19":0,"20":0,"21":0},"f":{"0":0,"1":0,"2":0,"3":0,"4":0,"5":0},"b":{"0":[0,0],"1":[0,0],"2":[0,0],"3":[0,0],"4":[0,0],"5":[0,0],"6":[0,0],"7":[0,0],"8":[0,0],"9":[0,0],"10":[0,0],"11":[0,0],"12":[0,0],"13":[0,0],"14":[0,0],"15":[0,0],"16":[0,0],"17":[0,0],"18":[0,0],"19":[0,0],"20":[0,0],"21":[0,0]}}
,"C:\\Planning-Poker\\planning-poker\\frontend\\src\\pages\\CreateRoom.js": {"path":"C:\\Planning-Poker\\planning-poker\\frontend\\src\\pages\\CreateRoom.js","statementMap":{"0":{"start":{"line":7,"column":19},"end":{"line":16,"column":1}},"1":{"start":{"line":19,"column":36},"end":{"line":19,"column":48}},"2":{"start":{"line":20,"column":44},"end":{"line":20,"column":65}},"3":{"start":{"line":21,"column":40},"end":{"line":21,"column":55}},"4":{"start":{"line":22,"column":21},"end":{"line":22,"column":34}},"5":{"start":{"line":24,"column":4},"end":{"line":30,"column":19}},"6":{"start":{"line":25,"column":25},"end":{"line":25,"column":57}},"7":{"start":{"line":26,"column":8},"end":{"line":29,"column":9}},"8":{"start":{"line":27,"column":12},"end":{"line":27,"column":26}},"9":{"start":{"line":28,"column":12},"end":{"line":28,"column":19}},"10":{"start":{"line":32,"column":29},"end":{"line":57,"column":5}},"11":{"start":{"line":33,"column":8},"end":{"line":36,"column":9}},"12":{"start":{"line":34,"column":12},"end":{"line":34,"column":46}},"13":{"start":{"line":35,"column":12},"end":{"line":35,"column":19}},"14":{"start":{"line":38,"column":8},"end":{"line":38,"column":28}},"15":{"start":{"line":41,"column":23},"end":{"line":41,"column":43}},"16":{"start":{"line":42,"column":25},"end":{"line":42,"column":57}},"17":{"start":{"line":45,"column":8},"end":{"line":51,"column":12}},"18":{"start":{"line":54,"column":8},"end":{"line":56,"column":16}},"19":{"start":{"line":55,"column":12},"end":{"line":55,"column":40}},"20":{"start":{"line":59,"column":23},"end":{"line":61,"column":5}},"21":{"start":{"line":60,"column":8},"end":{"line":60,"column":22}},"22":{"start":{"line":63,"column":4},"end":{"line":150,"column":6}},"23":{"start":{"line":85,"column":41},"end":{"line":85,"column":68}},"24":{"start":{"line":86,"column":43},"end":{"line":86,"column":82}},"25":{"start":{"line":100,"column":24},"end":{"line":128,"column":30}},"26":{"start":{"line":103,"column":43},"end":{"line":103,"column":63}},"27":{"start":{"line":109,"column":52},"end":{"line":109,"column":72}},"28":{"start":{"line":120,"column":36},"end":{"line":125,"column":43}}},"fnMap":{"0":{"name":"CreateRoom","decl":{"start":{"line":18,"column":24},"end":{"line":18,"column":34}},"loc":{"start":{"line":18,"column":37},"end":{"line":151,"column":1}},"line":18},"1":{"name":"(anonymous_1)","decl":{"start":{"line":24,"column":14},"end":{"line":24,"column":15}},"loc":{"start":{"line":24,"column":20},"end":{"line":30,"column":5}},"line":24},"2":{"name":"(anonymous_2)","decl":{"start":{"line":32,"column":29},"end":{"line":32,"column":30}},"loc":{"start":{"line":32,"column":41},"end":{"line":57,"column":5}},"line":32},"3":{"name":"(anonymous_3)","decl":{"start":{"line":54,"column":19},"end":{"line":54,"column":20}},"loc":{"start":{"line":54,"column":25},"end":{"line":56,"column":9}},"line":54},"4":{"name":"(anonymous_4)","decl":{"start":{"line":59,"column":23},"end":{"line":59,"column":24}},"loc":{"start":{"line":59,"column":29},"end":{"line":61,"column":5}},"line":59},"5":{"name":"(anonymous_5)","decl":{"start":{"line":85,"column":34},"end":{"line":85,"column":35}},"loc":{"start":{"line":85,"column":41},"end":{"line":85,"column":68}},"line":85},"6":{"name":"(anonymous_6)","decl":{"start":{"line":86,"column":36},"end":{"line":86,"column":37}},"loc":{"start":{"line":86,"column":43},"end":{"line":86,"column":82}},"line":86},"7":{"name":"(anonymous_7)","decl":{"start":{"line":99,"column":52},"end":{"line":99,"column":53}},"loc":{"start":{"line":100,"column":24},"end":{"line":128,"column":30}},"line":100},"8":{"name":"(anonymous_8)","decl":{"start":{"line":103,"column":37},"end":{"line":103,"column":38}},"loc":{"start":{"line":103,"column":43},"end":{"line":103,"column":63}},"line":103},"9":{"name":"(anonymous_9)","decl":{"start":{"line":109,"column":46},"end":{"line":109,"column":47}},"loc":{"start":{"line":109,"column":52},"end":{"line":109,"column":72}},"line":109},"10":{"name":"(anonymous_10)","decl":{"start":{"line":119,"column":48},"end":{"line":119,"column":49}},"loc":{"start":{"line":120,"column":36},"end":{"line":125,"column":43}},"line":120}},"branchMap":{"0":{"loc":{"start":{"line":26,"column":8},"end":{"line":29,"column":9}},"type":"if","locations":[{"start":{"line":26,"column":8},"end":{"line":29,"column":9}},{"start":{},"end":{}}],"line":26},"1":{"loc":{"start":{"line":33,"column":8},"end":{"line":36,"column":9}},"type":"if","locations":[{"start":{"line":33,"column":8},"end":{"line":36,"column":9}},{"start":{},"end":{}}],"line":33},"2":{"loc":{"start":{"line":86,"column":43},"end":{"line":86,"column":82}},"type":"binary-expr","locations":[{"start":{"line":86,"column":43},"end":{"line":86,"column":60}},{"start":{"line":86,"column":64},"end":{"line":86,"column":82}}],"line":86},"3":{"loc":{"start":{"line":102,"column":54},"end":{"line":102,"column":92}},"type":"cond-expr","locations":[{"start":{"line":102,"column":77},"end":{"line":102,"column":87}},{"start":{"line":102,"column":90},"end":{"line":102,"column":92}}],"line":102},"4":{"loc":{"start":{"line":113,"column":71},"end":{"line":113,"column":109}},"type":"cond-expr","locations":[{"start":{"line":113,"column":94},"end":{"line":113,"column":104}},{"start":{"line":113,"column":107},"end":{"line":113,"column":109}}],"line":113},"5":{"loc":{"start":{"line":122,"column":64},"end":{"line":122,"column":102}},"type":"cond-expr","locations":[{"start":{"line":122,"column":87},"end":{"line":122,"column":97}},{"start":{"line":122,"column":100},"end":{"line":122,"column":102}}],"line":122},"6":{"loc":{"start":{"line":142,"column":34},"end":{"line":142,"column":70}},"type":"binary-expr","locations":[{"start":{"line":142,"column":34},"end":{"line":142,"column":44}},{"start":{"line":142,"column":48},"end":{"line":142,"column":70}}],"line":142},"7":{"loc":{"start":{"line":145,"column":25},"end":{"line":145,"column":67}},"type":"cond-expr","locations":[{"start":{"line":145,"column":38},"end":{"line":145,"column":51}},{"start":{"line":145,"column":54},"end":{"line":145,"column":67}}],"line":145}},"s":{"0":1,"1":103,"2":103,"3":103,"4":103,"5":103,"6":20,"7":20,"8":1,"9":1,"10":103,"11":5,"12":0,"13":0,"14":5,"15":5,"16":5,"17":5,"18":5,"19":5,"20":103,"21":1,"22":103,"23":76,"24":1,"25":206,"26":2,"27":2,"28":2266},"f":{"0":103,"1":20,"2":5,"3":5,"4":1,"5":76,"6":1,"7":206,"8":2,"9":2,"10":2266},"b":{"0":[1,19],"1":[0,5],"2":[1,1],"3":[103,103],"4":[103,103],"5":[1133,1133],"6":[103,98],"7":[5,98]},"_coverageSchema":"1a1c01bbd47fc00a2c39e90264f33305004495a9","hash":"e86d43a740aab5303584c8391cc39fa560a3240c"}
,"C:\\Planning-Poker\\planning-poker\\frontend\\src\\pages\\GamePage.js": {"path":"C:\\Planning-Poker\\planning-poker\\frontend\\src\\pages\\GamePage.js","statementMap":{"0":{"start":{"line":11,"column":21},"end":{"line":11,"column":32}},"1":{"start":{"line":12,"column":19},"end":{"line":12,"column":32}},"2":{"start":{"line":13,"column":36},"end":{"line":19,"column":4}},"3":{"start":{"line":20,"column":26},"end":{"line":20,"column":40}},"4":{"start":{"line":21,"column":38},"end":{"line":21,"column":52}},"5":{"start":{"line":22,"column":38},"end":{"line":22,"column":50}},"6":{"start":{"line":25,"column":23},"end":{"line":25,"column":62}},"7":{"start":{"line":26,"column":19},"end":{"line":26,"column":51}},"8":{"start":{"line":28,"column":2},"end":{"line":56,"column":35}},"9":{"start":{"line":29,"column":4},"end":{"line":32,"column":5}},"10":{"start":{"line":30,"column":6},"end":{"line":30,"column":39}},"11":{"start":{"line":31,"column":6},"end":{"line":31,"column":13}},"12":{"start":{"line":35,"column":24},"end":{"line":35,"column":62}},"13":{"start":{"line":36,"column":4},"end":{"line":39,"column":5}},"14":{"start":{"line":37,"column":21},"end":{"line":37,"column":44}},"15":{"start":{"line":38,"column":6},"end":{"line":38,"column":28}},"16":{"start":{"line":42,"column":4},"end":{"line":42,"column":50}},"17":{"start":{"line":44,"column":4},"end":{"line":46,"column":7}},"18":{"start":{"line":45,"column":6},"end":{"line":45,"column":26}},"19":{"start":{"line":48,"column":4},"end":{"line":50,"column":7}},"20":{"start":{"line":49,"column":6},"end":{"line":49,"column":20}},"21":{"start":{"line":52,"column":4},"end":{"line":55,"column":6}},"22":{"start":{"line":53,"column":6},"end":{"line":53,"column":36}},"23":{"start":{"line":54,"column":6},"end":{"line":54,"column":34}},"24":{"start":{"line":58,"column":25},"end":{"line":63,"column":3}},"25":{"start":{"line":59,"column":17},"end":{"line":59,"column":59}},"26":{"start":{"line":60,"column":4},"end":{"line":62,"column":55}},"27":{"start":{"line":61,"column":18},"end":{"line":61,"column":52}},"28":{"start":{"line":62,"column":19},"end":{"line":62,"column":53}},"29":{"start":{"line":65,"column":21},"end":{"line":68,"column":3}},"30":{"start":{"line":66,"column":4},"end":{"line":66,"column":17}},"31":{"start":{"line":67,"column":4},"end":{"line":67,"column":57}},"32":{"start":{"line":70,"column":23},"end":{"line":72,"column":3}},"33":{"start":{"line":71,"column":4},"end":{"line":71,"column":38}},"34":{"start":{"line":74,"column":24},"end":{"line":78,"column":3}},"35":{"start":{"line":75,"column":4},"end":{"line":75,"column":43}},"36":{"start":{"line":76,"column":4},"end":{"line":76,"column":18}},"37":{"start":{"line":77,"column":4},"end":{"line":77,"column":22}},"38":{"start":{"line":80,"column":26},"end":{"line":84,"column":3}},"39":{"start":{"line":82,"column":4},"end":{"line":82,"column":70}},"40":{"start":{"line":83,"column":4},"end":{"line":83,"column":22}},"41":{"start":{"line":86,"column":19},"end":{"line":86,"column":93}},"42":{"start":{"line":86,"column":82},"end":{"line":86,"column":92}},"43":{"start":{"line":87,"column":20},"end":{"line":87,"column":50}},"44":{"start":{"line":90,"column":25},"end":{"line":90,"column":69}},"45":{"start":{"line":93,"column":25},"end":{"line":93,"column":34}},"46":{"start":{"line":94,"column":2},"end":{"line":98,"column":3}},"47":{"start":{"line":95,"column":4},"end":{"line":95,"column":32}},"48":{"start":{"line":96,"column":9},"end":{"line":98,"column":3}},"49":{"start":{"line":97,"column":4},"end":{"line":97,"column":34}},"50":{"start":{"line":101,"column":27},"end":{"line":112,"column":3}},"51":{"start":{"line":102,"column":4},"end":{"line":102,"column":63}},"52":{"start":{"line":102,"column":51},"end":{"line":102,"column":63}},"53":{"start":{"line":104,"column":25},"end":{"line":106,"column":35}},"54":{"start":{"line":105,"column":19},"end":{"line":105,"column":84}},"55":{"start":{"line":106,"column":16},"end":{"line":106,"column":34}},"56":{"start":{"line":108,"column":4},"end":{"line":108,"column":47}},"57":{"start":{"line":108,"column":35},"end":{"line":108,"column":47}},"58":{"start":{"line":110,"column":20},"end":{"line":110,"column":91}},"59":{"start":{"line":110,"column":55},"end":{"line":110,"column":65}},"60":{"start":{"line":111,"column":4},"end":{"line":111,"column":30}},"61":{"start":{"line":114,"column":24},"end":{"line":114,"column":42}},"62":{"start":{"line":116,"column":2},"end":{"line":326,"column":4}},"63":{"start":{"line":227,"column":39},"end":{"line":227,"column":68}},"64":{"start":{"line":244,"column":49},"end":{"line":244,"column":59}},"65":{"start":{"line":263,"column":20},"end":{"line":288,"column":26}}},"fnMap":{"0":{"name":"GamePage","decl":{"start":{"line":10,"column":24},"end":{"line":10,"column":32}},"loc":{"start":{"line":10,"column":35},"end":{"line":327,"column":1}},"line":10},"1":{"name":"(anonymous_1)","decl":{"start":{"line":28,"column":12},"end":{"line":28,"column":13}},"loc":{"start":{"line":28,"column":18},"end":{"line":56,"column":3}},"line":28},"2":{"name":"(anonymous_2)","decl":{"start":{"line":44,"column":33},"end":{"line":44,"column":34}},"loc":{"start":{"line":44,"column":44},"end":{"line":46,"column":5}},"line":44},"3":{"name":"(anonymous_3)","decl":{"start":{"line":48,"column":31},"end":{"line":48,"column":32}},"loc":{"start":{"line":48,"column":37},"end":{"line":50,"column":5}},"line":48},"4":{"name":"(anonymous_4)","decl":{"start":{"line":52,"column":11},"end":{"line":52,"column":12}},"loc":{"start":{"line":52,"column":17},"end":{"line":55,"column":5}},"line":52},"5":{"name":"(anonymous_5)","decl":{"start":{"line":58,"column":25},"end":{"line":58,"column":26}},"loc":{"start":{"line":58,"column":31},"end":{"line":63,"column":3}},"line":58},"6":{"name":"(anonymous_6)","decl":{"start":{"line":61,"column":12},"end":{"line":61,"column":13}},"loc":{"start":{"line":61,"column":18},"end":{"line":61,"column":52}},"line":61},"7":{"name":"(anonymous_7)","decl":{"start":{"line":62,"column":13},"end":{"line":62,"column":14}},"loc":{"start":{"line":62,"column":19},"end":{"line":62,"column":53}},"line":62},"8":{"name":"(anonymous_8)","decl":{"start":{"line":65,"column":21},"end":{"line":65,"column":22}},"loc":{"start":{"line":65,"column":30},"end":{"line":68,"column":3}},"line":65},"9":{"name":"(anonymous_9)","decl":{"start":{"line":70,"column":23},"end":{"line":70,"column":24}},"loc":{"start":{"line":70,"column":29},"end":{"line":72,"column":3}},"line":70},"10":{"name":"(anonymous_10)","decl":{"start":{"line":74,"column":24},"end":{"line":74,"column":25}},"loc":{"start":{"line":74,"column":30},"end":{"line":78,"column":3}},"line":74},"11":{"name":"(anonymous_11)","decl":{"start":{"line":80,"column":26},"end":{"line":80,"column":27}},"loc":{"start":{"line":80,"column":32},"end":{"line":84,"column":3}},"line":80},"12":{"name":"(anonymous_12)","decl":{"start":{"line":86,"column":75},"end":{"line":86,"column":76}},"loc":{"start":{"line":86,"column":82},"end":{"line":86,"column":92}},"line":86},"13":{"name":"(anonymous_13)","decl":{"start":{"line":101,"column":27},"end":{"line":101,"column":28}},"loc":{"start":{"line":101,"column":33},"end":{"line":112,"column":3}},"line":101},"14":{"name":"(anonymous_14)","decl":{"start":{"line":105,"column":14},"end":{"line":105,"column":15}},"loc":{"start":{"line":105,"column":19},"end":{"line":105,"column":84}},"line":105},"15":{"name":"(anonymous_15)","decl":{"start":{"line":106,"column":11},"end":{"line":106,"column":12}},"loc":{"start":{"line":106,"column":16},"end":{"line":106,"column":34}},"line":106},"16":{"name":"(anonymous_16)","decl":{"start":{"line":110,"column":40},"end":{"line":110,"column":41}},"loc":{"start":{"line":110,"column":55},"end":{"line":110,"column":65}},"line":110},"17":{"name":"(anonymous_17)","decl":{"start":{"line":227,"column":32},"end":{"line":227,"column":33}},"loc":{"start":{"line":227,"column":39},"end":{"line":227,"column":68}},"line":227},"18":{"name":"(anonymous_18)","decl":{"start":{"line":244,"column":44},"end":{"line":244,"column":45}},"loc":{"start":{"line":244,"column":49},"end":{"line":244,"column":59}},"line":244},"19":{"name":"(anonymous_19)","decl":{"start":{"line":262,"column":41},"end":{"line":262,"column":42}},"loc":{"start":{"line":263,"column":20},"end":{"line":288,"column":26}},"line":263}},"branchMap":{"0":{"loc":{"start":{"line":29,"column":4},"end":{"line":32,"column":5}},"type":"if","locations":[{"start":{"line":29,"column":4},"end":{"line":32,"column":5}},{"start":{},"end":{}}],"line":29},"1":{"loc":{"start":{"line":36,"column":4},"end":{"line":39,"column":5}},"type":"if","locations":[{"start":{"line":36,"column":4},"end":{"line":39,"column":5}},{"start":{},"end":{}}],"line":36},"2":{"loc":{"start":{"line":86,"column":19},"end":{"line":86,"column":93}},"type":"binary-expr","locations":[{"start":{"line":86,"column":19},"end":{"line":86,"column":47}},{"start":{"line":86,"column":51},"end":{"line":86,"column":93}}],"line":86},"3":{"loc":{"start":{"line":90,"column":25},"end":{"line":90,"column":69}},"type":"cond-expr","locations":[{"start":{"line":90,"column":38},"end":{"line":90,"column":54}},{"start":{"line":90,"column":57},"end":{"line":90,"column":69}}],"line":90},"4":{"loc":{"start":{"line":94,"column":2},"end":{"line":98,"column":3}},"type":"if","locations":[{"start":{"line":94,"column":2},"end":{"line":98,"column":3}},{"start":{"line":96,"column":9},"end":{"line":98,"column":3}}],"line":94},"5":{"loc":{"start":{"line":94,"column":6},"end":{"line":94,"column":46}},"type":"binary-expr","locations":[{"start":{"line":94,"column":6},"end":{"line":94,"column":23}},{"start":{"line":94,"column":27},"end":{"line":94,"column":46}}],"line":94},"6":{"loc":{"start":{"line":96,"column":9},"end":{"line":98,"column":3}},"type":"if","locations":[{"start":{"line":96,"column":9},"end":{"line":98,"column":3}},{"start":{},"end":{}}],"line":96},"7":{"loc":{"start":{"line":102,"column":4},"end":{"line":102,"column":63}},"type":"if","locations":[{"start":{"line":102,"column":4},"end":{"line":102,"column":63}},{"start":{},"end":{}}],"line":102},"8":{"loc":{"start":{"line":102,"column":8},"end":{"line":102,"column":49}},"type":"binary-expr","locations":[{"start":{"line":102,"column":8},"end":{"line":102,"column":27}},{"start":{"line":102,"column":31},"end":{"line":102,"column":49}}],"line":102},"9":{"loc":{"start":{"line":105,"column":19},"end":{"line":105,"column":84}},"type":"binary-expr","locations":[{"start":{"line":105,"column":19},"end":{"line":105,"column":34}},{"start":{"line":105,"column":38},"end":{"line":105,"column":64}},{"start":{"line":105,"column":68},"end":{"line":105,"column":84}}],"line":105},"10":{"loc":{"start":{"line":108,"column":4},"end":{"line":108,"column":47}},"type":"if","locations":[{"start":{"line":108,"column":4},"end":{"line":108,"column":47}},{"start":{},"end":{}}],"line":108},"11":{"loc":{"start":{"line":128,"column":13},"end":{"line":128,"column":62}},"type":"cond-expr","locations":[{"start":{"line":128,"column":26},"end":{"line":128,"column":41}},{"start":{"line":128,"column":44},"end":{"line":128,"column":62}}],"line":128},"12":{"loc":{"start":{"line":136,"column":13},"end":{"line":142,"column":13}},"type":"binary-expr","locations":[{"start":{"line":136,"column":13},"end":{"line":136,"column":23}},{"start":{"line":137,"column":14},"end":{"line":141,"column":21}}],"line":136},"13":{"loc":{"start":{"line":154,"column":11},"end":{"line":183,"column":11}},"type":"binary-expr","locations":[{"start":{"line":154,"column":11},"end":{"line":154,"column":20}},{"start":{"line":155,"column":12},"end":{"line":182,"column":15}}],"line":154},"14":{"loc":{"start":{"line":156,"column":15},"end":{"line":163,"column":15}},"type":"binary-expr","locations":[{"start":{"line":156,"column":15},"end":{"line":156,"column":33}},{"start":{"line":156,"column":37},"end":{"line":156,"column":66}},{"start":{"line":157,"column":16},"end":{"line":162,"column":25}}],"line":156},"15":{"loc":{"start":{"line":165,"column":15},"end":{"line":172,"column":15}},"type":"binary-expr","locations":[{"start":{"line":165,"column":15},"end":{"line":165,"column":32}},{"start":{"line":165,"column":36},"end":{"line":165,"column":55}},{"start":{"line":165,"column":59},"end":{"line":165,"column":67}},{"start":{"line":166,"column":16},"end":{"line":171,"column":25}}],"line":165},"16":{"loc":{"start":{"line":174,"column":15},"end":{"line":181,"column":15}},"type":"binary-expr","locations":[{"start":{"line":174,"column":15},"end":{"line":174,"column":33}},{"start":{"line":175,"column":16},"end":{"line":180,"column":25}}],"line":174},"17":{"loc":{"start":{"line":196,"column":15},"end":{"line":196,"column":67}},"type":"binary-expr","locations":[{"start":{"line":196,"column":15},"end":{"line":196,"column":45}},{"start":{"line":196,"column":49},"end":{"line":196,"column":67}}],"line":196},"18":{"loc":{"start":{"line":197,"column":15},"end":{"line":197,"column":68}},"type":"binary-expr","locations":[{"start":{"line":197,"column":15},"end":{"line":197,"column":44}},{"start":{"line":197,"column":48},"end":{"line":197,"column":68}}],"line":197},"19":{"loc":{"start":{"line":198,"column":15},"end":{"line":198,"column":59}},"type":"binary-expr","locations":[{"start":{"line":198,"column":15},"end":{"line":198,"column":46}},{"start":{"line":198,"column":50},"end":{"line":198,"column":59}}],"line":198},"20":{"loc":{"start":{"line":202,"column":13},"end":{"line":210,"column":13}},"type":"binary-expr","locations":[{"start":{"line":202,"column":13},"end":{"line":202,"column":35}},{"start":{"line":203,"column":14},"end":{"line":209,"column":20}}],"line":202},"21":{"loc":{"start":{"line":212,"column":13},"end":{"line":239,"column":13}},"type":"binary-expr","locations":[{"start":{"line":212,"column":13},"end":{"line":212,"column":43}},{"start":{"line":213,"column":14},"end":{"line":238,"column":20}}],"line":212},"22":{"loc":{"start":{"line":215,"column":19},"end":{"line":217,"column":81}},"type":"cond-expr","locations":[{"start":{"line":216,"column":22},"end":{"line":216,"column":59}},{"start":{"line":217,"column":22},"end":{"line":217,"column":81}}],"line":215},"23":{"loc":{"start":{"line":221,"column":17},"end":{"line":231,"column":17}},"type":"binary-expr","locations":[{"start":{"line":221,"column":17},"end":{"line":221,"column":26}},{"start":{"line":221,"column":30},"end":{"line":221,"column":59}},{"start":{"line":222,"column":18},"end":{"line":230,"column":24}}],"line":221},"24":{"loc":{"start":{"line":233,"column":17},"end":{"line":237,"column":17}},"type":"binary-expr","locations":[{"start":{"line":233,"column":17},"end":{"line":233,"column":46}},{"start":{"line":233,"column":50},"end":{"line":233,"column":60}},{"start":{"line":234,"column":18},"end":{"line":236,"column":22}}],"line":233},"25":{"loc":{"start":{"line":241,"column":13},"end":{"line":252,"column":13}},"type":"binary-expr","locations":[{"start":{"line":241,"column":13},"end":{"line":241,"column":42}},{"start":{"line":242,"column":14},"end":{"line":251,"column":20}}],"line":241},"26":{"loc":{"start":{"line":246,"column":17},"end":{"line":250,"column":17}},"type":"binary-expr","locations":[{"start":{"line":246,"column":17},"end":{"line":246,"column":21}},{"start":{"line":247,"column":18},"end":{"line":249,"column":22}}],"line":246},"27":{"loc":{"start":{"line":254,"column":13},"end":{"line":301,"column":13}},"type":"binary-expr","locations":[{"start":{"line":254,"column":13},"end":{"line":254,"column":44}},{"start":{"line":255,"column":14},"end":{"line":300,"column":20}}],"line":254},"28":{"loc":{"start":{"line":265,"column":53},"end":{"line":265,"column":103}},"type":"cond-expr","locations":[{"start":{"line":265,"column":84},"end":{"line":265,"column":98}},{"start":{"line":265,"column":101},"end":{"line":265,"column":103}}],"line":265},"29":{"loc":{"start":{"line":269,"column":52},"end":{"line":269,"column":102}},"type":"cond-expr","locations":[{"start":{"line":269,"column":83},"end":{"line":269,"column":97}},{"start":{"line":269,"column":100},"end":{"line":269,"column":102}}],"line":269},"30":{"loc":{"start":{"line":276,"column":61},"end":{"line":276,"column":111}},"type":"cond-expr","locations":[{"start":{"line":276,"column":92},"end":{"line":276,"column":106}},{"start":{"line":276,"column":109},"end":{"line":276,"column":111}}],"line":276},"31":{"loc":{"start":{"line":279,"column":25},"end":{"line":281,"column":25}},"type":"binary-expr","locations":[{"start":{"line":279,"column":25},"end":{"line":279,"column":53}},{"start":{"line":280,"column":26},"end":{"line":280,"column":71}}],"line":279},"32":{"loc":{"start":{"line":286,"column":25},"end":{"line":286,"column":94}},"type":"cond-expr","locations":[{"start":{"line":286,"column":77},"end":{"line":286,"column":88}},{"start":{"line":286,"column":91},"end":{"line":286,"column":94}}],"line":286},"33":{"loc":{"start":{"line":286,"column":25},"end":{"line":286,"column":74}},"type":"binary-expr","locations":[{"start":{"line":286,"column":25},"end":{"line":286,"column":45}},{"start":{"line":286,"column":49},"end":{"line":286,"column":74}}],"line":286},"34":{"loc":{"start":{"line":293,"column":17},"end":{"line":299,"column":17}},"type":"binary-expr","locations":[{"start":{"line":293,"column":17},"end":{"line":293,"column":30}},{"start":{"line":294,"column":18},"end":{"line":298,"column":24}}],"line":293},"35":{"loc":{"start":{"line":305,"column":11},"end":{"line":313,"column":11}},"type":"binary-expr","locations":[{"start":{"line":305,"column":11},"end":{"line":305,"column":42}},{"start":{"line":306,"column":12},"end":{"line":312,"column":14}}],"line":305}},"s":{"0":0,"1":0,"2":0,"3":0,"4":0,"5":0,"6":0,"7":0,"8":0,"9":0,"10":0,"11":0,"12":0,"13":0,"14":0,"15":0,"16":0,"17":0,"18":0,"19":0,"20":0,"21":0,"22":0,"23":0,"24":0,"25":0,"26":0,"27":0,"28":0,"29":0,"30":0,"31":0,"32":0,"33":0,"34":0,"35":0,"36":0,"37":0,"38":0,"39":0,"40":0,"41":0,"42":0,"43":0,"44":0,"45":0,"46":0,"47":0,"48":0,"49":0,"50":0,"51":0,"52":0,"53":0,"54":0,"55":0,"56":0,"57":0,"58":0,"59":0,"60":0,"61":0,"62":0,"63":0,"64":0,"65":0},"f":{"0":0,"1":0,"2":0,"3":0,"4":0,"5":0,"6":0,"7":0,"8":0,"9":0,"10":0,"11":0,"12":0,"13":0,"14":0,"15":0,"16":0,"17":0,"18":0,"19":0},"b":{"0":[0,0],"1":[0,0],"2":[0,0],"3":[0,0],"4":[0,0],"5":[0,0],"6":[0,0],"7":[0,0],"8":[0,0],"9":[0,0,0],"10":[0,0],"11":[0,0],"12":[0,0],"13":[0,0],"14":[0,0,0],"15":[0,0,0,0],"16":[0,0],"17":[0,0],"18":[0,0],"19":[0,0],"20":[0,0],"21":[0,0],"22":[0,0],"23":[0,0,0],"24":[0,0,0],"25":[0,0],"26":[0,0],"27":[0,0],"28":[0,0],"29":[0,0],"30":[0,0],"31":[0,0],"32":[0,0],"33":[0,0],"34":[0,0],"35":[0,0]}}
,"C:\\Planning-Poker\\planning-poker\\frontend\\src\\pages\\JoinGame.js": {"path":"C:\\Planning-Poker\\planning-poker\\frontend\\src\\pages\\JoinGame.js","statementMap":{"0":{"start":{"line":9,"column":21},"end":{"line":9,"column":32}},"1":{"start":{"line":10,"column":48},"end":{"line":10,"column":60}},"2":{"start":{"line":11,"column":19},"end":{"line":11,"column":32}},"3":{"start":{"line":13,"column":2},"end":{"line":31,"column":17}},"4":{"start":{"line":15,"column":4},"end":{"line":19,"column":7}},"5":{"start":{"line":16,"column":6},"end":{"line":16,"column":27}},"6":{"start":{"line":18,"column":6},"end":{"line":18,"column":29}},"7":{"start":{"line":22,"column":4},"end":{"line":25,"column":7}},"8":{"start":{"line":24,"column":6},"end":{"line":24,"column":34}},"9":{"start":{"line":27,"column":4},"end":{"line":30,"column":6}},"10":{"start":{"line":28,"column":6},"end":{"line":28,"column":35}},"11":{"start":{"line":29,"column":6},"end":{"line":29,"column":32}},"12":{"start":{"line":33,"column":25},"end":{"line":44,"column":3}},"13":{"start":{"line":34,"column":4},"end":{"line":37,"column":5}},"14":{"start":{"line":35,"column":6},"end":{"line":35,"column":45}},"15":{"start":{"line":36,"column":6},"end":{"line":36,"column":13}},"16":{"start":{"line":40,"column":4},"end":{"line":40,"column":54}},"17":{"start":{"line":43,"column":4},"end":{"line":43,"column":67}},"18":{"start":{"line":46,"column":2},"end":{"line":81,"column":6}},"19":{"start":{"line":67,"column":29},"end":{"line":67,"column":63}},"20":{"start":{"line":68,"column":31},"end":{"line":68,"column":68}}},"fnMap":{"0":{"name":"JoinGame","decl":{"start":{"line":8,"column":24},"end":{"line":8,"column":32}},"loc":{"start":{"line":8,"column":35},"end":{"line":82,"column":1}},"line":8},"1":{"name":"(anonymous_1)","decl":{"start":{"line":13,"column":12},"end":{"line":13,"column":13}},"loc":{"start":{"line":13,"column":18},"end":{"line":31,"column":3}},"line":13},"2":{"name":"(anonymous_2)","decl":{"start":{"line":15,"column":32},"end":{"line":15,"column":33}},"loc":{"start":{"line":15,"column":49},"end":{"line":19,"column":5}},"line":15},"3":{"name":"(anonymous_3)","decl":{"start":{"line":22,"column":29},"end":{"line":22,"column":30}},"loc":{"start":{"line":22,"column":45},"end":{"line":25,"column":5}},"line":22},"4":{"name":"(anonymous_4)","decl":{"start":{"line":27,"column":11},"end":{"line":27,"column":12}},"loc":{"start":{"line":27,"column":17},"end":{"line":30,"column":5}},"line":27},"5":{"name":"(anonymous_5)","decl":{"start":{"line":33,"column":25},"end":{"line":33,"column":26}},"loc":{"start":{"line":33,"column":31},"end":{"line":44,"column":3}},"line":33},"6":{"name":"(anonymous_6)","decl":{"start":{"line":67,"column":22},"end":{"line":67,"column":23}},"loc":{"start":{"line":67,"column":29},"end":{"line":67,"column":63}},"line":67},"7":{"name":"(anonymous_7)","decl":{"start":{"line":68,"column":24},"end":{"line":68,"column":25}},"loc":{"start":{"line":68,"column":31},"end":{"line":68,"column":68}},"line":68}},"branchMap":{"0":{"loc":{"start":{"line":34,"column":4},"end":{"line":37,"column":5}},"type":"if","locations":[{"start":{"line":34,"column":4},"end":{"line":37,"column":5}},{"start":{},"end":{}}],"line":34},"1":{"loc":{"start":{"line":68,"column":31},"end":{"line":68,"column":68}},"type":"binary-expr","locations":[{"start":{"line":68,"column":31},"end":{"line":68,"column":48}},{"start":{"line":68,"column":52},"end":{"line":68,"column":68}}],"line":68}},"s":{"0":0,"1":0,"2":0,"3":0,"4":0,"5":0,"6":0,"7":0,"8":0,"9":0,"10":0,"11":0,"12":0,"13":0,"14":0,"15":0,"16":0,"17":0,"18":0,"19":0,"20":0},"f":{"0":0,"1":0,"2":0,"3":0,"4":0,"5":0,"6":0,"7":0},"b":{"0":[0,0],"1":[0,0]}}
,"C:\\Planning-Poker\\planning-poker\\frontend\\src\\pages\\LandingPage.js": {"path":"C:\\Planning-Poker\\planning-poker\\frontend\\src\\pages\\LandingPage.js","statementMap":{"0":{"start":{"line":9,"column":34},"end":{"line":9,"column":46}},"1":{"start":{"line":10,"column":25},"end":{"line":10,"column":39}},"2":{"start":{"line":11,"column":27},"end":{"line":11,"column":38}},"3":{"start":{"line":12,"column":19},"end":{"line":12,"column":32}},"4":{"start":{"line":14,"column":18},"end":{"line":20,"column":3}},"5":{"start":{"line":22,"column":2},"end":{"line":32,"column":23}},"6":{"start":{"line":23,"column":21},"end":{"line":29,"column":12}},"7":{"start":{"line":24,"column":6},"end":{"line":24,"column":21}},"8":{"start":{"line":25,"column":6},"end":{"line":28,"column":14}},"9":{"start":{"line":26,"column":8},"end":{"line":26,"column":66}},"10":{"start":{"line":26,"column":32},"end":{"line":26,"column":64}},"11":{"start":{"line":27,"column":8},"end":{"line":27,"column":22}},"12":{"start":{"line":31,"column":4},"end":{"line":31,"column":41}},"13":{"start":{"line":31,"column":17},"end":{"line":31,"column":40}},"14":{"start":{"line":34,"column":22},"end":{"line":44,"column":3}},"15":{"start":{"line":35,"column":4},"end":{"line":38,"column":5}},"16":{"start":{"line":36,"column":6},"end":{"line":36,"column":45}},"17":{"start":{"line":37,"column":6},"end":{"line":37,"column":13}},"18":{"start":{"line":41,"column":4},"end":{"line":41,"column":47}},"19":{"start":{"line":43,"column":4},"end":{"line":43,"column":29}},"20":{"start":{"line":47,"column":2},"end":{"line":85,"column":4}},"21":{"start":{"line":73,"column":27},"end":{"line":73,"column":54}},"22":{"start":{"line":74,"column":29},"end":{"line":74,"column":63}}},"fnMap":{"0":{"name":"LandingPage","decl":{"start":{"line":8,"column":24},"end":{"line":8,"column":35}},"loc":{"start":{"line":8,"column":38},"end":{"line":86,"column":1}},"line":8},"1":{"name":"(anonymous_1)","decl":{"start":{"line":22,"column":12},"end":{"line":22,"column":13}},"loc":{"start":{"line":22,"column":18},"end":{"line":32,"column":3}},"line":22},"2":{"name":"(anonymous_2)","decl":{"start":{"line":23,"column":33},"end":{"line":23,"column":34}},"loc":{"start":{"line":23,"column":39},"end":{"line":29,"column":5}},"line":23},"3":{"name":"(anonymous_3)","decl":{"start":{"line":25,"column":17},"end":{"line":25,"column":18}},"loc":{"start":{"line":25,"column":23},"end":{"line":28,"column":7}},"line":25},"4":{"name":"(anonymous_4)","decl":{"start":{"line":26,"column":17},"end":{"line":26,"column":18}},"loc":{"start":{"line":26,"column":32},"end":{"line":26,"column":64}},"line":26},"5":{"name":"(anonymous_5)","decl":{"start":{"line":31,"column":11},"end":{"line":31,"column":12}},"loc":{"start":{"line":31,"column":17},"end":{"line":31,"column":40}},"line":31},"6":{"name":"(anonymous_6)","decl":{"start":{"line":34,"column":22},"end":{"line":34,"column":23}},"loc":{"start":{"line":34,"column":28},"end":{"line":44,"column":3}},"line":34},"7":{"name":"(anonymous_7)","decl":{"start":{"line":73,"column":20},"end":{"line":73,"column":21}},"loc":{"start":{"line":73,"column":27},"end":{"line":73,"column":54}},"line":73},"8":{"name":"(anonymous_8)","decl":{"start":{"line":74,"column":22},"end":{"line":74,"column":23}},"loc":{"start":{"line":74,"column":29},"end":{"line":74,"column":63}},"line":74}},"branchMap":{"0":{"loc":{"start":{"line":35,"column":4},"end":{"line":38,"column":5}},"type":"if","locations":[{"start":{"line":35,"column":4},"end":{"line":38,"column":5}},{"start":{},"end":{}}],"line":35},"1":{"loc":{"start":{"line":59,"column":59},"end":{"line":59,"column":90}},"type":"cond-expr","locations":[{"start":{"line":59,"column":66},"end":{"line":59,"column":76}},{"start":{"line":59,"column":79},"end":{"line":59,"column":90}}],"line":59},"2":{"loc":{"start":{"line":74,"column":29},"end":{"line":74,"column":63}},"type":"binary-expr","locations":[{"start":{"line":74,"column":29},"end":{"line":74,"column":46}},{"start":{"line":74,"column":50},"end":{"line":74,"column":63}}],"line":74}},"s":{"0":0,"1":0,"2":0,"3":0,"4":0,"5":0,"6":0,"7":0,"8":0,"9":0,"10":0,"11":0,"12":0,"13":0,"14":0,"15":0,"16":0,"17":0,"18":0,"19":0,"20":0,"21":0,"22":0},"f":{"0":0,"1":0,"2":0,"3":0,"4":0,"5":0,"6":0,"7":0,"8":0},"b":{"0":[0,0],"1":[0,0],"2":[0,0]}}
,"C:\\Planning-Poker\\planning-poker\\frontend\\src\\tests\\testHelpers.js": {"path":"C:\\Planning-Poker\\planning-poker\\frontend\\src\\tests\\testHelpers.js","statementMap":{"0":{"start":{"line":5,"column":32},"end":{"line":10,"column":1}},"1":{"start":{"line":13,"column":32},"end":{"line":17,"column":1}},"2":{"start":{"line":14,"column":2},"end":{"line":16,"column":4}},"3":{"start":{"line":20,"column":28},"end":{"line":20,"column":37}},"4":{"start":{"line":23,"column":32},"end":{"line":45,"column":1}},"5":{"start":{"line":24,"column":2},"end":{"line":27,"column":5}},"6":{"start":{"line":30,"column":2},"end":{"line":33,"column":6}},"7":{"start":{"line":30,"column":39},"end":{"line":33,"column":3}},"8":{"start":{"line":32,"column":23},"end":{"line":32,"column":35}},"9":{"start":{"line":36,"column":2},"end":{"line":38,"column":6}},"10":{"start":{"line":36,"column":27},"end":{"line":38,"column":3}},"11":{"start":{"line":37,"column":14},"end":{"line":37,"column":32}},"12":{"start":{"line":41,"column":2},"end":{"line":41,"column":27}},"13":{"start":{"line":44,"column":2},"end":{"line":44,"column":23}},"14":{"start":{"line":48,"column":29},"end":{"line":58,"column":1}},"15":{"start":{"line":49,"column":2},"end":{"line":49,"column":23}},"16":{"start":{"line":50,"column":2},"end":{"line":50,"column":27}},"17":{"start":{"line":51,"column":2},"end":{"line":51,"column":39}},"18":{"start":{"line":52,"column":2},"end":{"line":52,"column":39}},"19":{"start":{"line":53,"column":2},"end":{"line":53,"column":42}},"20":{"start":{"line":54,"column":2},"end":{"line":54,"column":37}},"21":{"start":{"line":55,"column":2},"end":{"line":57,"column":3}},"22":{"start":{"line":56,"column":4},"end":{"line":56,"column":29}}},"fnMap":{"0":{"name":"(anonymous_0)","decl":{"start":{"line":13,"column":32},"end":{"line":13,"column":33}},"loc":{"start":{"line":13,"column":80},"end":{"line":17,"column":1}},"line":13},"1":{"name":"(anonymous_1)","decl":{"start":{"line":23,"column":32},"end":{"line":23,"column":33}},"loc":{"start":{"line":23,"column":38},"end":{"line":45,"column":1}},"line":23},"2":{"name":"(anonymous_2)","decl":{"start":{"line":30,"column":32},"end":{"line":30,"column":33}},"loc":{"start":{"line":30,"column":39},"end":{"line":33,"column":3}},"line":30},"3":{"name":"(anonymous_3)","decl":{"start":{"line":32,"column":17},"end":{"line":32,"column":18}},"loc":{"start":{"line":32,"column":23},"end":{"line":32,"column":35}},"line":32},"4":{"name":"(anonymous_4)","decl":{"start":{"line":36,"column":20},"end":{"line":36,"column":21}},"loc":{"start":{"line":36,"column":27},"end":{"line":38,"column":3}},"line":36},"5":{"name":"(anonymous_5)","decl":{"start":{"line":37,"column":8},"end":{"line":37,"column":9}},"loc":{"start":{"line":37,"column":14},"end":{"line":37,"column":32}},"line":37},"6":{"name":"(anonymous_6)","decl":{"start":{"line":48,"column":29},"end":{"line":48,"column":30}},"loc":{"start":{"line":48,"column":35},"end":{"line":58,"column":1}},"line":48}},"branchMap":{"0":{"loc":{"start":{"line":13,"column":44},"end":{"line":13,"column":75}},"type":"default-arg","locations":[{"start":{"line":13,"column":73},"end":{"line":13,"column":75}}],"line":13},"1":{"loc":{"start":{"line":13,"column":46},"end":{"line":13,"column":68}},"type":"default-arg","locations":[{"start":{"line":13,"column":63},"end":{"line":13,"column":68}}],"line":13},"2":{"loc":{"start":{"line":55,"column":2},"end":{"line":57,"column":3}},"type":"if","locations":[{"start":{"line":55,"column":2},"end":{"line":57,"column":3}},{"start":{},"end":{}}],"line":55}},"s":{"0":0,"1":0,"2":0,"3":0,"4":0,"5":0,"6":0,"7":0,"8":0,"9":0,"10":0,"11":0,"12":0,"13":0,"14":0,"15":0,"16":0,"17":0,"18":0,"19":0,"20":0,"21":0,"22":0},"f":{"0":0,"1":0,"2":0,"3":0,"4":0,"5":0,"6":0},"b":{"0":[0],"1":[0],"2":[0,0]}}
}
