<?xml version="1.0" encoding="UTF-8"?>
<coverage generated="1756375454850" clover="3.2.0">
  <project timestamp="1756375454850" name="All files">
    <metrics statements="212" coveredstatements="175" conditionals="171" coveredconditionals="154" methods="75" coveredmethods="62" elements="458" coveredelements="391" complexity="0" loc="212" ncloc="212" packages="5" files="14" classes="14"/>
    <package name="src">
      <metrics statements="12" coveredstatements="1" conditionals="4" coveredconditionals="0" methods="3" coveredmethods="1"/>
      <file name="App.js" path="C:\Planning-Poker\planning-poker-pro\frontend\src\App.js">
        <metrics statements="1" coveredstatements="1" conditionals="0" coveredconditionals="0" methods="1" coveredmethods="1"/>
        <line num="12" count="3" type="stmt"/>
      </file>
      <file name="index.js" path="C:\Planning-Poker\planning-poker-pro\frontend\src\index.js">
        <metrics statements="2" coveredstatements="0" conditionals="0" coveredconditionals="0" methods="0" coveredmethods="0"/>
        <line num="6" count="0" type="stmt"/>
        <line num="7" count="0" type="stmt"/>
      </file>
      <file name="reportWebVitals.js" path="C:\Planning-Poker\planning-poker-pro\frontend\src\reportWebVitals.js">
        <metrics statements="8" coveredstatements="0" conditionals="4" coveredconditionals="0" methods="2" coveredmethods="0"/>
        <line num="1" count="0" type="stmt"/>
        <line num="2" count="0" type="cond" truecount="0" falsecount="4"/>
        <line num="3" count="0" type="stmt"/>
        <line num="4" count="0" type="stmt"/>
        <line num="5" count="0" type="stmt"/>
        <line num="6" count="0" type="stmt"/>
        <line num="7" count="0" type="stmt"/>
        <line num="8" count="0" type="stmt"/>
      </file>
      <file name="socket.js" path="C:\Planning-Poker\planning-poker-pro\frontend\src\socket.js">
        <metrics statements="1" coveredstatements="0" conditionals="0" coveredconditionals="0" methods="0" coveredmethods="0"/>
        <line num="4" count="0" type="stmt"/>
      </file>
    </package>
    <package name="src.components">
      <metrics statements="21" coveredstatements="20" conditionals="55" coveredconditionals="54" methods="8" coveredmethods="8"/>
      <file name="DarkModeBtn.js" path="C:\Planning-Poker\planning-poker-pro\frontend\src\components\DarkModeBtn.js">
        <metrics statements="2" coveredstatements="2" conditionals="10" coveredconditionals="10" methods="1" coveredmethods="1"/>
        <line num="4" count="181" type="stmt"/>
        <line num="6" count="181" type="stmt"/>
      </file>
      <file name="Navbar.js" path="C:\Planning-Poker\planning-poker-pro\frontend\src\components\Navbar.js">
        <metrics statements="1" coveredstatements="1" conditionals="0" coveredconditionals="0" methods="1" coveredmethods="1"/>
        <line num="6" count="179" type="stmt"/>
      </file>
      <file name="UsersList.js" path="C:\Planning-Poker\planning-poker-pro\frontend\src\components\UsersList.js">
        <metrics statements="4" coveredstatements="4" conditionals="21" coveredconditionals="21" methods="2" coveredmethods="2"/>
        <line num="5" count="12" type="stmt"/>
        <line num="16" count="32" type="cond" truecount="3" falsecount="0"/>
        <line num="17" count="32" type="stmt"/>
        <line num="19" count="32" type="stmt"/>
      </file>
      <file name="VotingCards.js" path="C:\Planning-Poker\planning-poker-pro\frontend\src\components\VotingCards.js">
        <metrics statements="14" coveredstatements="13" conditionals="24" coveredconditionals="23" methods="4" coveredmethods="4"/>
        <line num="5" count="19" type="stmt"/>
        <line num="13" count="159" type="stmt"/>
        <line num="14" count="159" type="cond" truecount="2" falsecount="0"/>
        <line num="16" count="159" type="stmt"/>
        <line num="19" count="2" type="cond" truecount="2" falsecount="0"/>
        <line num="38" count="19" type="cond" truecount="2" falsecount="0"/>
        <line num="39" count="2" type="stmt"/>
        <line num="42" count="17" type="cond" truecount="2" falsecount="0"/>
        <line num="43" count="16" type="cond" truecount="2" falsecount="0"/>
        <line num="44" count="2" type="stmt"/>
        <line num="46" count="14" type="stmt"/>
        <line num="49" count="1" type="cond" truecount="1" falsecount="1"/>
        <line num="50" count="1" type="stmt"/>
        <line num="53" count="0" type="stmt"/>
      </file>
    </package>
    <package name="src.contexts">
      <metrics statements="19" coveredstatements="19" conditionals="4" coveredconditionals="4" methods="6" coveredmethods="6"/>
      <file name="DarkModeContext.js" path="C:\Planning-Poker\planning-poker-pro\frontend\src\contexts\DarkModeContext.js">
        <metrics statements="19" coveredstatements="19" conditionals="4" coveredconditionals="4" methods="6" coveredmethods="6"/>
        <line num="3" count="4" type="stmt"/>
        <line num="5" count="4" type="stmt"/>
        <line num="6" count="185" type="stmt"/>
        <line num="7" count="185" type="cond" truecount="2" falsecount="0"/>
        <line num="8" count="2" type="stmt"/>
        <line num="10" count="183" type="stmt"/>
        <line num="13" count="4" type="stmt"/>
        <line num="14" count="49" type="stmt"/>
        <line num="16" count="47" type="stmt"/>
        <line num="17" count="47" type="stmt"/>
        <line num="20" count="49" type="stmt"/>
        <line num="22" count="49" type="stmt"/>
        <line num="25" count="49" type="cond" truecount="2" falsecount="0"/>
        <line num="26" count="3" type="stmt"/>
        <line num="28" count="46" type="stmt"/>
        <line num="32" count="49" type="stmt"/>
        <line num="33" count="2" type="stmt"/>
        <line num="36" count="49" type="stmt"/>
        <line num="41" count="49" type="stmt"/>
      </file>
    </package>
    <package name="src.pages">
      <metrics statements="133" coveredstatements="124" conditionals="104" coveredconditionals="96" methods="48" coveredmethods="44"/>
      <file name="CreateRoom.js" path="C:\Planning-Poker\planning-poker-pro\frontend\src\pages\CreateRoom.js">
        <metrics statements="29" coveredstatements="27" conditionals="16" coveredconditionals="15" methods="11" coveredmethods="11"/>
        <line num="7" count="1" type="stmt"/>
        <line num="19" count="103" type="stmt"/>
        <line num="20" count="103" type="stmt"/>
        <line num="21" count="103" type="stmt"/>
        <line num="22" count="103" type="stmt"/>
        <line num="24" count="103" type="stmt"/>
        <line num="25" count="20" type="stmt"/>
        <line num="26" count="20" type="cond" truecount="2" falsecount="0"/>
        <line num="27" count="1" type="stmt"/>
        <line num="28" count="1" type="stmt"/>
        <line num="32" count="103" type="stmt"/>
        <line num="33" count="5" type="cond" truecount="1" falsecount="1"/>
        <line num="34" count="0" type="stmt"/>
        <line num="35" count="0" type="stmt"/>
        <line num="38" count="5" type="stmt"/>
        <line num="41" count="5" type="stmt"/>
        <line num="42" count="5" type="stmt"/>
        <line num="45" count="5" type="stmt"/>
        <line num="54" count="5" type="stmt"/>
        <line num="55" count="5" type="stmt"/>
        <line num="59" count="103" type="stmt"/>
        <line num="60" count="1" type="stmt"/>
        <line num="63" count="103" type="stmt"/>
        <line num="85" count="76" type="stmt"/>
        <line num="86" count="1" type="cond" truecount="2" falsecount="0"/>
        <line num="100" count="206" type="stmt"/>
        <line num="103" count="2" type="stmt"/>
        <line num="109" count="2" type="stmt"/>
        <line num="120" count="2060" type="stmt"/>
      </file>
      <file name="GamePage.js" path="C:\Planning-Poker\planning-poker-pro\frontend\src\pages\GamePage.js">
        <metrics statements="62" coveredstatements="55" conditionals="78" coveredconditionals="71" methods="20" coveredmethods="16"/>
        <line num="11" count="56" type="stmt"/>
        <line num="12" count="56" type="stmt"/>
        <line num="13" count="56" type="stmt"/>
        <line num="20" count="56" type="stmt"/>
        <line num="21" count="56" type="stmt"/>
        <line num="22" count="56" type="stmt"/>
        <line num="25" count="56" type="stmt"/>
        <line num="26" count="56" type="stmt"/>
        <line num="28" count="56" type="stmt"/>
        <line num="29" count="24" type="cond" truecount="2" falsecount="0"/>
        <line num="30" count="1" type="stmt"/>
        <line num="31" count="1" type="stmt"/>
        <line num="35" count="23" type="stmt"/>
        <line num="36" count="23" type="cond" truecount="2" falsecount="0"/>
        <line num="37" count="22" type="stmt"/>
        <line num="38" count="22" type="stmt"/>
        <line num="42" count="23" type="stmt"/>
        <line num="44" count="23" type="stmt"/>
        <line num="45" count="6" type="stmt"/>
        <line num="48" count="23" type="stmt"/>
        <line num="49" count="1" type="stmt"/>
        <line num="52" count="23" type="stmt"/>
        <line num="53" count="23" type="stmt"/>
        <line num="54" count="23" type="stmt"/>
        <line num="58" count="56" type="stmt"/>
        <line num="59" count="2" type="stmt"/>
        <line num="60" count="2" type="stmt"/>
        <line num="61" count="1" type="stmt"/>
        <line num="62" count="1" type="stmt"/>
        <line num="65" count="56" type="stmt"/>
        <line num="66" count="2" type="stmt"/>
        <line num="67" count="2" type="stmt"/>
        <line num="70" count="56" type="stmt"/>
        <line num="71" count="0" type="stmt"/>
        <line num="74" count="56" type="stmt"/>
        <line num="75" count="0" type="stmt"/>
        <line num="76" count="0" type="stmt"/>
        <line num="77" count="0" type="stmt"/>
        <line num="80" count="56" type="stmt"/>
        <line num="82" count="1" type="stmt"/>
        <line num="83" count="1" type="stmt"/>
        <line num="86" count="56" type="cond" truecount="2" falsecount="0"/>
        <line num="87" count="56" type="stmt"/>
        <line num="90" count="56" type="cond" truecount="2" falsecount="0"/>
        <line num="93" count="56" type="stmt"/>
        <line num="94" count="56" type="cond" truecount="4" falsecount="0"/>
        <line num="95" count="2" type="stmt"/>
        <line num="96" count="54" type="cond" truecount="2" falsecount="0"/>
        <line num="97" count="1" type="stmt"/>
        <line num="101" count="56" type="stmt"/>
        <line num="102" count="56" type="cond" truecount="4" falsecount="0"/>
        <line num="104" count="1" type="stmt"/>
        <line num="105" count="2" type="cond" truecount="2" falsecount="1"/>
        <line num="106" count="0" type="stmt"/>
        <line num="108" count="1" type="cond" truecount="1" falsecount="1"/>
        <line num="110" count="0" type="stmt"/>
        <line num="111" count="0" type="stmt"/>
        <line num="114" count="56" type="stmt"/>
        <line num="116" count="56" type="stmt"/>
        <line num="227" count="1" type="stmt"/>
        <line num="244" count="4" type="stmt"/>
        <line num="263" count="2" type="stmt"/>
      </file>
      <file name="JoinGame.js" path="C:\Planning-Poker\planning-poker-pro\frontend\src\pages\JoinGame.js">
        <metrics statements="21" coveredstatements="21" conditionals="4" coveredconditionals="4" methods="8" coveredmethods="8"/>
        <line num="9" count="176" type="stmt"/>
        <line num="10" count="176" type="stmt"/>
        <line num="11" count="176" type="stmt"/>
        <line num="13" count="176" type="stmt"/>
        <line num="15" count="15" type="stmt"/>
        <line num="16" count="1" type="stmt"/>
        <line num="18" count="1" type="stmt"/>
        <line num="22" count="15" type="stmt"/>
        <line num="24" count="2" type="stmt"/>
        <line num="27" count="15" type="stmt"/>
        <line num="28" count="15" type="stmt"/>
        <line num="29" count="15" type="stmt"/>
        <line num="33" count="176" type="stmt"/>
        <line num="34" count="7" type="cond" truecount="2" falsecount="0"/>
        <line num="35" count="2" type="stmt"/>
        <line num="36" count="2" type="stmt"/>
        <line num="40" count="5" type="stmt"/>
        <line num="43" count="5" type="stmt"/>
        <line num="46" count="176" type="stmt"/>
        <line num="67" count="160" type="stmt"/>
        <line num="68" count="1" type="cond" truecount="2" falsecount="0"/>
      </file>
      <file name="LandingPage.js" path="C:\Planning-Poker\planning-poker-pro\frontend\src\pages\LandingPage.js">
        <metrics statements="21" coveredstatements="21" conditionals="6" coveredconditionals="6" methods="9" coveredmethods="9"/>
        <line num="9" count="26" type="stmt"/>
        <line num="10" count="26" type="stmt"/>
        <line num="11" count="26" type="stmt"/>
        <line num="12" count="26" type="stmt"/>
        <line num="14" count="26" type="stmt"/>
        <line num="22" count="26" type="stmt"/>
        <line num="23" count="13" type="stmt"/>
        <line num="24" count="6" type="stmt"/>
        <line num="25" count="6" type="stmt"/>
        <line num="26" count="6" type="stmt"/>
        <line num="27" count="6" type="stmt"/>
        <line num="31" count="13" type="stmt"/>
        <line num="34" count="26" type="stmt"/>
        <line num="35" count="5" type="cond" truecount="2" falsecount="0"/>
        <line num="36" count="3" type="stmt"/>
        <line num="37" count="3" type="stmt"/>
        <line num="41" count="2" type="stmt"/>
        <line num="43" count="2" type="stmt"/>
        <line num="47" count="26" type="stmt"/>
        <line num="73" count="5" type="stmt"/>
        <line num="74" count="3" type="cond" truecount="2" falsecount="0"/>
      </file>
    </package>
    <package name="src.tests">
      <metrics statements="27" coveredstatements="11" conditionals="4" coveredconditionals="0" methods="10" coveredmethods="3"/>
      <file name="testHelpers.js" path="C:\Planning-Poker\planning-poker-pro\frontend\src\tests\testHelpers.js">
        <metrics statements="27" coveredstatements="11" conditionals="4" coveredconditionals="0" methods="10" coveredmethods="3"/>
        <line num="6" count="3" type="stmt"/>
        <line num="14" count="3" type="cond" truecount="0" falsecount="2"/>
        <line num="15" count="0" type="stmt"/>
        <line num="21" count="3" type="stmt"/>
        <line num="22" count="5" type="stmt"/>
        <line num="26" count="3" type="stmt"/>
        <line num="27" count="19" type="stmt"/>
        <line num="31" count="3" type="stmt"/>
        <line num="32" count="4" type="stmt"/>
        <line num="36" count="3" type="stmt"/>
        <line num="39" count="3" type="stmt"/>
        <line num="40" count="0" type="stmt"/>
        <line num="46" count="0" type="stmt"/>
        <line num="48" count="0" type="stmt"/>
        <line num="52" count="0" type="stmt"/>
        <line num="53" count="0" type="stmt"/>
        <line num="57" count="0" type="stmt"/>
        <line num="60" count="0" type="stmt"/>
        <line num="64" count="3" type="stmt"/>
        <line num="65" count="0" type="stmt"/>
        <line num="66" count="0" type="stmt"/>
        <line num="67" count="0" type="stmt"/>
        <line num="68" count="0" type="stmt"/>
        <line num="69" count="0" type="stmt"/>
        <line num="70" count="0" type="stmt"/>
        <line num="71" count="0" type="cond" truecount="0" falsecount="2"/>
        <line num="72" count="0" type="stmt"/>
      </file>
    </package>
  </project>
</coverage>
