<?xml version="1.0" encoding="UTF-8"?>
<coverage generated="1759127686804" clover="3.2.0">
  <project timestamp="1759127686805" name="All files">
    <metrics statements="303" coveredstatements="247" conditionals="206" coveredconditionals="178" methods="105" coveredmethods="94" elements="614" coveredelements="519" complexity="0" loc="303" ncloc="303" packages="6" files="15" classes="15"/>
    <package name="src">
      <metrics statements="14" coveredstatements="4" conditionals="4" coveredconditionals="0" methods="4" coveredmethods="2"/>
      <file name="App.js" path="C:\Planning-Poker\planning-poker\frontend\src\App.js">
        <metrics statements="3" coveredstatements="3" conditionals="0" coveredconditionals="0" methods="2" coveredmethods="2"/>
        <line num="14" count="3" type="stmt"/>
        <line num="15" count="3" type="stmt"/>
        <line num="18" count="3" type="stmt"/>
      </file>
      <file name="index.js" path="C:\Planning-Poker\planning-poker\frontend\src\index.js">
        <metrics statements="2" coveredstatements="0" conditionals="0" coveredconditionals="0" methods="0" coveredmethods="0"/>
        <line num="6" count="0" type="stmt"/>
        <line num="7" count="0" type="stmt"/>
      </file>
      <file name="reportWebVitals.js" path="C:\Planning-Poker\planning-poker\frontend\src\reportWebVitals.js">
        <metrics statements="8" coveredstatements="0" conditionals="4" coveredconditionals="0" methods="2" coveredmethods="0"/>
        <line num="1" count="0" type="stmt"/>
        <line num="2" count="0" type="cond" truecount="0" falsecount="4"/>
        <line num="3" count="0" type="stmt"/>
        <line num="4" count="0" type="stmt"/>
        <line num="5" count="0" type="stmt"/>
        <line num="6" count="0" type="stmt"/>
        <line num="7" count="0" type="stmt"/>
        <line num="8" count="0" type="stmt"/>
      </file>
      <file name="socket.js" path="C:\Planning-Poker\planning-poker\frontend\src\socket.js">
        <metrics statements="1" coveredstatements="1" conditionals="0" coveredconditionals="0" methods="0" coveredmethods="0"/>
        <line num="4" count="2" type="stmt"/>
      </file>
    </package>
    <package name="src.components">
      <metrics statements="21" coveredstatements="20" conditionals="55" coveredconditionals="54" methods="8" coveredmethods="8"/>
      <file name="DarkModeBtn.js" path="C:\Planning-Poker\planning-poker\frontend\src\components\DarkModeBtn.js">
        <metrics statements="2" coveredstatements="2" conditionals="10" coveredconditionals="10" methods="1" coveredmethods="1"/>
        <line num="4" count="181" type="stmt"/>
        <line num="6" count="181" type="stmt"/>
      </file>
      <file name="Navbar.js" path="C:\Planning-Poker\planning-poker\frontend\src\components\Navbar.js">
        <metrics statements="1" coveredstatements="1" conditionals="0" coveredconditionals="0" methods="1" coveredmethods="1"/>
        <line num="6" count="179" type="stmt"/>
      </file>
      <file name="UsersList.js" path="C:\Planning-Poker\planning-poker\frontend\src\components\UsersList.js">
        <metrics statements="4" coveredstatements="4" conditionals="21" coveredconditionals="21" methods="2" coveredmethods="2"/>
        <line num="5" count="12" type="stmt"/>
        <line num="16" count="32" type="cond" truecount="3" falsecount="0"/>
        <line num="17" count="32" type="stmt"/>
        <line num="19" count="32" type="stmt"/>
      </file>
      <file name="VotingCards.js" path="C:\Planning-Poker\planning-poker\frontend\src\components\VotingCards.js">
        <metrics statements="14" coveredstatements="13" conditionals="24" coveredconditionals="23" methods="4" coveredmethods="4"/>
        <line num="5" count="19" type="stmt"/>
        <line num="13" count="159" type="stmt"/>
        <line num="14" count="159" type="cond" truecount="2" falsecount="0"/>
        <line num="16" count="159" type="stmt"/>
        <line num="19" count="2" type="cond" truecount="2" falsecount="0"/>
        <line num="38" count="19" type="cond" truecount="2" falsecount="0"/>
        <line num="39" count="2" type="stmt"/>
        <line num="42" count="17" type="cond" truecount="2" falsecount="0"/>
        <line num="43" count="16" type="cond" truecount="2" falsecount="0"/>
        <line num="44" count="2" type="stmt"/>
        <line num="46" count="14" type="stmt"/>
        <line num="49" count="1" type="cond" truecount="1" falsecount="1"/>
        <line num="50" count="1" type="stmt"/>
        <line num="53" count="0" type="stmt"/>
      </file>
    </package>
    <package name="src.contexts">
      <metrics statements="19" coveredstatements="19" conditionals="4" coveredconditionals="4" methods="6" coveredmethods="6"/>
      <file name="DarkModeContext.js" path="C:\Planning-Poker\planning-poker\frontend\src\contexts\DarkModeContext.js">
        <metrics statements="19" coveredstatements="19" conditionals="4" coveredconditionals="4" methods="6" coveredmethods="6"/>
        <line num="3" count="4" type="stmt"/>
        <line num="5" count="4" type="stmt"/>
        <line num="6" count="185" type="stmt"/>
        <line num="7" count="185" type="cond" truecount="2" falsecount="0"/>
        <line num="8" count="2" type="stmt"/>
        <line num="10" count="183" type="stmt"/>
        <line num="13" count="4" type="stmt"/>
        <line num="14" count="49" type="stmt"/>
        <line num="16" count="47" type="stmt"/>
        <line num="17" count="47" type="stmt"/>
        <line num="20" count="49" type="stmt"/>
        <line num="22" count="49" type="stmt"/>
        <line num="25" count="49" type="cond" truecount="2" falsecount="0"/>
        <line num="26" count="3" type="stmt"/>
        <line num="28" count="46" type="stmt"/>
        <line num="32" count="49" type="stmt"/>
        <line num="33" count="2" type="stmt"/>
        <line num="36" count="49" type="stmt"/>
        <line num="41" count="49" type="stmt"/>
      </file>
    </package>
    <package name="src.pages">
      <metrics statements="121" coveredstatements="115" conditionals="97" coveredconditionals="91" methods="42" coveredmethods="40"/>
      <file name="CreateRoom.js" path="C:\Planning-Poker\planning-poker\frontend\src\pages\CreateRoom.js">
        <metrics statements="29" coveredstatements="27" conditionals="16" coveredconditionals="15" methods="11" coveredmethods="11"/>
        <line num="8" count="1" type="stmt"/>
        <line num="20" count="103" type="stmt"/>
        <line num="21" count="103" type="stmt"/>
        <line num="22" count="103" type="stmt"/>
        <line num="23" count="103" type="stmt"/>
        <line num="25" count="103" type="stmt"/>
        <line num="26" count="20" type="stmt"/>
        <line num="27" count="20" type="cond" truecount="2" falsecount="0"/>
        <line num="28" count="1" type="stmt"/>
        <line num="29" count="1" type="stmt"/>
        <line num="33" count="103" type="stmt"/>
        <line num="34" count="5" type="cond" truecount="1" falsecount="1"/>
        <line num="35" count="0" type="stmt"/>
        <line num="36" count="0" type="stmt"/>
        <line num="39" count="5" type="stmt"/>
        <line num="42" count="5" type="stmt"/>
        <line num="43" count="5" type="stmt"/>
        <line num="46" count="5" type="stmt"/>
        <line num="55" count="5" type="stmt"/>
        <line num="56" count="5" type="stmt"/>
        <line num="60" count="103" type="stmt"/>
        <line num="61" count="1" type="stmt"/>
        <line num="64" count="103" type="stmt"/>
        <line num="86" count="76" type="stmt"/>
        <line num="87" count="1" type="cond" truecount="2" falsecount="0"/>
        <line num="101" count="206" type="stmt"/>
        <line num="104" count="2" type="stmt"/>
        <line num="110" count="2" type="stmt"/>
        <line num="121" count="2060" type="stmt"/>
      </file>
      <file name="GamePage.js" path="C:\Planning-Poker\planning-poker\frontend\src\pages\GamePage.js">
        <metrics statements="50" coveredstatements="46" conditionals="71" coveredconditionals="66" methods="14" coveredmethods="12"/>
        <line num="10" count="56" type="stmt"/>
        <line num="11" count="56" type="stmt"/>
        <line num="12" count="56" type="stmt"/>
        <line num="19" count="56" type="stmt"/>
        <line num="20" count="56" type="stmt"/>
        <line num="21" count="56" type="stmt"/>
        <line num="24" count="56" type="stmt"/>
        <line num="25" count="56" type="stmt"/>
        <line num="27" count="56" type="stmt"/>
        <line num="28" count="24" type="cond" truecount="2" falsecount="0"/>
        <line num="29" count="1" type="stmt"/>
        <line num="30" count="1" type="stmt"/>
        <line num="34" count="23" type="stmt"/>
        <line num="35" count="23" type="cond" truecount="2" falsecount="0"/>
        <line num="36" count="22" type="stmt"/>
        <line num="40" count="23" type="stmt"/>
        <line num="42" count="23" type="stmt"/>
        <line num="43" count="6" type="stmt"/>
        <line num="46" count="23" type="stmt"/>
        <line num="47" count="1" type="stmt"/>
        <line num="50" count="23" type="stmt"/>
        <line num="51" count="23" type="stmt"/>
        <line num="52" count="23" type="stmt"/>
        <line num="56" count="56" type="stmt"/>
        <line num="57" count="2" type="stmt"/>
        <line num="60" count="56" type="stmt"/>
        <line num="61" count="2" type="stmt"/>
        <line num="62" count="2" type="stmt"/>
        <line num="65" count="56" type="stmt"/>
        <line num="66" count="0" type="stmt"/>
        <line num="69" count="56" type="stmt"/>
        <line num="70" count="0" type="stmt"/>
        <line num="71" count="0" type="stmt"/>
        <line num="72" count="0" type="stmt"/>
        <line num="75" count="56" type="stmt"/>
        <line num="77" count="1" type="stmt"/>
        <line num="78" count="1" type="stmt"/>
        <line num="81" count="56" type="cond" truecount="2" falsecount="0"/>
        <line num="82" count="56" type="stmt"/>
        <line num="85" count="56" type="cond" truecount="2" falsecount="0"/>
        <line num="88" count="56" type="stmt"/>
        <line num="89" count="56" type="cond" truecount="4" falsecount="0"/>
        <line num="90" count="2" type="stmt"/>
        <line num="91" count="54" type="cond" truecount="2" falsecount="0"/>
        <line num="92" count="1" type="stmt"/>
        <line num="96" count="56" type="cond" truecount="2" falsecount="0"/>
        <line num="98" count="56" type="stmt"/>
        <line num="209" count="1" type="stmt"/>
        <line num="226" count="4" type="stmt"/>
        <line num="245" count="2" type="stmt"/>
      </file>
      <file name="JoinGame.js" path="C:\Planning-Poker\planning-poker\frontend\src\pages\JoinGame.js">
        <metrics statements="21" coveredstatements="21" conditionals="4" coveredconditionals="4" methods="8" coveredmethods="8"/>
        <line num="9" count="176" type="stmt"/>
        <line num="10" count="176" type="stmt"/>
        <line num="11" count="176" type="stmt"/>
        <line num="13" count="176" type="stmt"/>
        <line num="15" count="15" type="stmt"/>
        <line num="16" count="1" type="stmt"/>
        <line num="18" count="1" type="stmt"/>
        <line num="22" count="15" type="stmt"/>
        <line num="24" count="2" type="stmt"/>
        <line num="27" count="15" type="stmt"/>
        <line num="28" count="15" type="stmt"/>
        <line num="29" count="15" type="stmt"/>
        <line num="33" count="176" type="stmt"/>
        <line num="34" count="7" type="cond" truecount="2" falsecount="0"/>
        <line num="35" count="2" type="stmt"/>
        <line num="36" count="2" type="stmt"/>
        <line num="40" count="5" type="stmt"/>
        <line num="43" count="5" type="stmt"/>
        <line num="46" count="176" type="stmt"/>
        <line num="67" count="160" type="stmt"/>
        <line num="68" count="1" type="cond" truecount="2" falsecount="0"/>
      </file>
      <file name="LandingPage.js" path="C:\Planning-Poker\planning-poker\frontend\src\pages\LandingPage.js">
        <metrics statements="21" coveredstatements="21" conditionals="6" coveredconditionals="6" methods="9" coveredmethods="9"/>
        <line num="10" count="26" type="stmt"/>
        <line num="11" count="26" type="stmt"/>
        <line num="12" count="26" type="stmt"/>
        <line num="13" count="26" type="stmt"/>
        <line num="15" count="26" type="stmt"/>
        <line num="23" count="26" type="stmt"/>
        <line num="24" count="13" type="stmt"/>
        <line num="25" count="6" type="stmt"/>
        <line num="26" count="6" type="stmt"/>
        <line num="27" count="6" type="stmt"/>
        <line num="28" count="6" type="stmt"/>
        <line num="32" count="13" type="stmt"/>
        <line num="35" count="26" type="stmt"/>
        <line num="36" count="5" type="cond" truecount="2" falsecount="0"/>
        <line num="37" count="3" type="stmt"/>
        <line num="38" count="3" type="stmt"/>
        <line num="42" count="2" type="stmt"/>
        <line num="44" count="2" type="stmt"/>
        <line num="48" count="26" type="stmt"/>
        <line num="74" count="5" type="stmt"/>
        <line num="75" count="3" type="cond" truecount="2" falsecount="0"/>
      </file>
    </package>
    <package name="src.services">
      <metrics statements="101" coveredstatements="78" conditionals="42" coveredconditionals="29" methods="35" coveredmethods="35"/>
      <file name="apiService.js" path="C:\Planning-Poker\planning-poker\frontend\src\services\apiService.js">
        <metrics statements="101" coveredstatements="78" conditionals="42" coveredconditionals="29" methods="35" coveredmethods="35"/>
        <line num="7" count="5" type="stmt"/>
        <line num="8" count="5" type="cond" truecount="2" falsecount="0"/>
        <line num="12" count="29" type="stmt"/>
        <line num="16" count="2" type="stmt"/>
        <line num="20" count="1" type="stmt"/>
        <line num="24" count="3" type="stmt"/>
        <line num="28" count="1" type="stmt"/>
        <line num="32" count="24" type="stmt"/>
        <line num="36" count="24" type="stmt"/>
        <line num="40" count="15" type="stmt"/>
        <line num="44" count="15" type="stmt"/>
        <line num="48" count="1" type="stmt"/>
        <line num="52" count="1" type="stmt"/>
        <line num="56" count="2" type="cond" truecount="2" falsecount="0"/>
        <line num="57" count="1" type="stmt"/>
        <line num="59" count="1" type="stmt"/>
        <line num="64" count="24" type="stmt"/>
        <line num="68" count="24" type="stmt"/>
        <line num="72" count="16" type="stmt"/>
        <line num="76" count="16" type="stmt"/>
        <line num="81" count="1" type="stmt"/>
        <line num="85" count="6" type="stmt"/>
        <line num="86" count="6" type="stmt"/>
        <line num="87" count="6" type="stmt"/>
        <line num="89" count="0" type="stmt"/>
        <line num="90" count="0" type="stmt"/>
        <line num="91" count="0" type="stmt"/>
        <line num="96" count="25" type="stmt"/>
        <line num="97" count="25" type="stmt"/>
        <line num="98" count="25" type="cond" truecount="2" falsecount="0"/>
        <line num="100" count="0" type="stmt"/>
        <line num="101" count="0" type="stmt"/>
        <line num="106" count="1" type="stmt"/>
        <line num="107" count="1" type="stmt"/>
        <line num="109" count="0" type="stmt"/>
        <line num="114" count="9" type="stmt"/>
        <line num="115" count="9" type="stmt"/>
        <line num="116" count="8" type="stmt"/>
        <line num="118" count="1" type="stmt"/>
        <line num="119" count="1" type="stmt"/>
        <line num="120" count="1" type="stmt"/>
        <line num="125" count="82" type="stmt"/>
        <line num="126" count="82" type="stmt"/>
        <line num="128" count="0" type="stmt"/>
        <line num="129" count="0" type="stmt"/>
        <line num="134" count="1" type="stmt"/>
        <line num="135" count="1" type="stmt"/>
        <line num="137" count="0" type="stmt"/>
        <line num="142" count="5" type="stmt"/>
        <line num="144" count="5" type="stmt"/>
        <line num="145" count="2" type="cond" truecount="1" falsecount="1"/>
        <line num="146" count="0" type="stmt"/>
        <line num="148" count="0" type="cond" truecount="0" falsecount="4"/>
        <line num="149" count="0" type="stmt"/>
        <line num="153" count="3" type="stmt"/>
        <line num="157" count="5" type="stmt"/>
        <line num="161" count="4" type="stmt"/>
        <line num="163" count="4" type="stmt"/>
        <line num="164" count="4" type="cond" truecount="3" falsecount="1"/>
        <line num="165" count="4" type="stmt"/>
        <line num="166" count="2" type="stmt"/>
        <line num="167" count="2" type="stmt"/>
        <line num="169" count="0" type="stmt"/>
        <line num="170" count="0" type="stmt"/>
        <line num="171" count="0" type="stmt"/>
        <line num="172" count="0" type="stmt"/>
        <line num="173" count="0" type="stmt"/>
        <line num="175" count="0" type="cond" truecount="0" falsecount="2"/>
        <line num="176" count="0" type="stmt"/>
        <line num="179" count="0" type="stmt"/>
        <line num="180" count="0" type="stmt"/>
        <line num="181" count="0" type="stmt"/>
        <line num="184" count="2" type="stmt"/>
        <line num="185" count="2" type="stmt"/>
        <line num="187" count="2" type="cond" truecount="3" falsecount="1"/>
        <line num="188" count="2" type="stmt"/>
        <line num="189" count="2" type="stmt"/>
        <line num="191" count="0" type="stmt"/>
        <line num="194" count="2" type="stmt"/>
        <line num="199" count="5" type="cond" truecount="4" falsecount="0"/>
        <line num="201" count="3" type="stmt"/>
        <line num="202" count="8" type="cond" truecount="3" falsecount="0"/>
        <line num="203" count="3" type="stmt"/>
        <line num="205" count="3" type="cond" truecount="2" falsecount="0"/>
        <line num="207" count="3" type="stmt"/>
        <line num="208" count="1" type="stmt"/>
        <line num="213" count="6" type="stmt"/>
        <line num="214" count="6" type="stmt"/>
        <line num="215" count="6" type="stmt"/>
        <line num="223" count="5" type="cond" truecount="2" falsecount="0"/>
        <line num="224" count="1" type="stmt"/>
        <line num="227" count="4" type="stmt"/>
        <line num="229" count="2" type="stmt"/>
        <line num="230" count="2" type="stmt"/>
        <line num="231" count="2" type="stmt"/>
        <line num="236" count="3" type="stmt"/>
        <line num="243" count="1" type="stmt"/>
        <line num="251" count="1" type="stmt"/>
        <line num="259" count="1" type="stmt"/>
        <line num="266" count="5" type="stmt"/>
        <line num="295" count="5" type="stmt"/>
      </file>
    </package>
    <package name="src.tests">
      <metrics statements="27" coveredstatements="11" conditionals="4" coveredconditionals="0" methods="10" coveredmethods="3"/>
      <file name="testHelpers.js" path="C:\Planning-Poker\planning-poker\frontend\src\tests\testHelpers.js">
        <metrics statements="27" coveredstatements="11" conditionals="4" coveredconditionals="0" methods="10" coveredmethods="3"/>
        <line num="6" count="3" type="stmt"/>
        <line num="14" count="3" type="cond" truecount="0" falsecount="2"/>
        <line num="15" count="0" type="stmt"/>
        <line num="21" count="3" type="stmt"/>
        <line num="22" count="5" type="stmt"/>
        <line num="26" count="3" type="stmt"/>
        <line num="27" count="19" type="stmt"/>
        <line num="31" count="3" type="stmt"/>
        <line num="32" count="4" type="stmt"/>
        <line num="36" count="3" type="stmt"/>
        <line num="39" count="3" type="stmt"/>
        <line num="40" count="0" type="stmt"/>
        <line num="46" count="0" type="stmt"/>
        <line num="48" count="0" type="stmt"/>
        <line num="52" count="0" type="stmt"/>
        <line num="53" count="0" type="stmt"/>
        <line num="57" count="0" type="stmt"/>
        <line num="60" count="0" type="stmt"/>
        <line num="64" count="3" type="stmt"/>
        <line num="65" count="0" type="stmt"/>
        <line num="66" count="0" type="stmt"/>
        <line num="67" count="0" type="stmt"/>
        <line num="68" count="0" type="stmt"/>
        <line num="69" count="0" type="stmt"/>
        <line num="70" count="0" type="stmt"/>
        <line num="71" count="0" type="cond" truecount="0" falsecount="2"/>
        <line num="72" count="0" type="stmt"/>
      </file>
    </package>
  </project>
</coverage>
