{"C:\\Planning-Poker\\planning-poker\\frontend\\src\\App.js": {"path":"C:\\Planning-Poker\\planning-poker\\frontend\\src\\App.js","statementMap":{"0":{"start":{"line":14,"column":2},"end":{"line":16,"column":9}},"1":{"start":{"line":15,"column":4},"end":{"line":15,"column":43}},"2":{"start":{"line":18,"column":2},"end":{"line":32,"column":4}}},"fnMap":{"0":{"name":"App","decl":{"start":{"line":12,"column":9},"end":{"line":12,"column":12}},"loc":{"start":{"line":12,"column":15},"end":{"line":33,"column":1}},"line":12},"1":{"name":"(anonymous_1)","decl":{"start":{"line":14,"column":12},"end":{"line":14,"column":13}},"loc":{"start":{"line":14,"column":18},"end":{"line":16,"column":3}},"line":14}},"branchMap":{},"s":{"0":3,"1":3,"2":3},"f":{"0":3,"1":3},"b":{},"_coverageSchema":"1a1c01bbd47fc00a2c39e90264f33305004495a9","hash":"a7441dff4450648ccc62bfeb5f2b8522b0f86a23"}
,"C:\\Planning-Poker\\planning-poker\\frontend\\src\\index.js": {"path":"C:\\Planning-Poker\\planning-poker\\frontend\\src\\index.js","statementMap":{"0":{"start":{"line":6,"column":13},"end":{"line":6,"column":65}},"1":{"start":{"line":7,"column":0},"end":{"line":11,"column":2}}},"fnMap":{},"branchMap":{},"s":{"0":0,"1":0},"f":{},"b":{}}
,"C:\\Planning-Poker\\planning-poker\\frontend\\src\\reportWebVitals.js": {"path":"C:\\Planning-Poker\\planning-poker\\frontend\\src\\reportWebVitals.js","statementMap":{"0":{"start":{"line":1,"column":24},"end":{"line":11,"column":1}},"1":{"start":{"line":2,"column":2},"end":{"line":10,"column":3}},"2":{"start":{"line":3,"column":4},"end":{"line":9,"column":7}},"3":{"start":{"line":4,"column":6},"end":{"line":4,"column":26}},"4":{"start":{"line":5,"column":6},"end":{"line":5,"column":26}},"5":{"start":{"line":6,"column":6},"end":{"line":6,"column":26}},"6":{"start":{"line":7,"column":6},"end":{"line":7,"column":26}},"7":{"start":{"line":8,"column":6},"end":{"line":8,"column":27}}},"fnMap":{"0":{"name":"(anonymous_0)","decl":{"start":{"line":1,"column":24},"end":{"line":1,"column":25}},"loc":{"start":{"line":1,"column":39},"end":{"line":11,"column":1}},"line":1},"1":{"name":"(anonymous_1)","decl":{"start":{"line":3,"column":30},"end":{"line":3,"column":31}},"loc":{"start":{"line":3,"column":79},"end":{"line":9,"column":5}},"line":3}},"branchMap":{"0":{"loc":{"start":{"line":2,"column":2},"end":{"line":10,"column":3}},"type":"if","locations":[{"start":{"line":2,"column":2},"end":{"line":10,"column":3}},{"start":{},"end":{}}],"line":2},"1":{"loc":{"start":{"line":2,"column":6},"end":{"line":2,"column":52}},"type":"binary-expr","locations":[{"start":{"line":2,"column":6},"end":{"line":2,"column":17}},{"start":{"line":2,"column":21},"end":{"line":2,"column":52}}],"line":2}},"s":{"0":0,"1":0,"2":0,"3":0,"4":0,"5":0,"6":0,"7":0},"f":{"0":0,"1":0},"b":{"0":[0,0],"1":[0,0]}}
,"C:\\Planning-Poker\\planning-poker\\frontend\\src\\socket.js": {"path":"C:\\Planning-Poker\\planning-poker\\frontend\\src\\socket.js","statementMap":{"0":{"start":{"line":4,"column":15},"end":{"line":7,"column":2}}},"fnMap":{},"branchMap":{},"s":{"0":2},"f":{},"b":{},"_coverageSchema":"1a1c01bbd47fc00a2c39e90264f33305004495a9","hash":"b8121165ada5e1c4f9fb2c973874ed7e37d4fbe6"}
,"C:\\Planning-Poker\\planning-poker\\frontend\\src\\components\\DarkModeBtn.js": {"path":"C:\\Planning-Poker\\planning-poker\\frontend\\src\\components\\DarkModeBtn.js","statementMap":{"0":{"start":{"line":4,"column":41},"end":{"line":4,"column":54}},"1":{"start":{"line":6,"column":2},"end":{"line":50,"column":3}}},"fnMap":{"0":{"name":"DarkModeBtn","decl":{"start":{"line":3,"column":9},"end":{"line":3,"column":20}},"loc":{"start":{"line":3,"column":23},"end":{"line":51,"column":1}},"line":3}},"branchMap":{"0":{"loc":{"start":{"line":15,"column":16},"end":{"line":15,"column":67}},"type":"cond-expr","locations":[{"start":{"line":15,"column":29},"end":{"line":15,"column":48}},{"start":{"line":15,"column":51},"end":{"line":15,"column":67}}],"line":15},"1":{"loc":{"start":{"line":16,"column":20},"end":{"line":16,"column":54}},"type":"cond-expr","locations":[{"start":{"line":16,"column":33},"end":{"line":16,"column":42}},{"start":{"line":16,"column":45},"end":{"line":16,"column":54}}],"line":16},"2":{"loc":{"start":{"line":17,"column":19},"end":{"line":19,"column":43}},"type":"cond-expr","locations":[{"start":{"line":18,"column":12},"end":{"line":18,"column":48}},{"start":{"line":19,"column":12},"end":{"line":19,"column":43}}],"line":17},"3":{"loc":{"start":{"line":39,"column":17},"end":{"line":39,"column":51}},"type":"cond-expr","locations":[{"start":{"line":39,"column":30},"end":{"line":39,"column":39}},{"start":{"line":39,"column":42},"end":{"line":39,"column":51}}],"line":39},"4":{"loc":{"start":{"line":43,"column":9},"end":{"line":47,"column":9}},"type":"cond-expr","locations":[{"start":{"line":44,"column":10},"end":{"line":44,"column":111}},{"start":{"line":46,"column":10},"end":{"line":46,"column":81}}],"line":43}},"s":{"0":181,"1":181},"f":{"0":181},"b":{"0":[1,180],"1":[1,180],"2":[1,180],"3":[1,180],"4":[180,1]},"_coverageSchema":"1a1c01bbd47fc00a2c39e90264f33305004495a9","hash":"8765f9144041501863e2883d17c9e398d709b7d3"}
,"C:\\Planning-Poker\\planning-poker\\frontend\\src\\components\\Navbar.js": {"path":"C:\\Planning-Poker\\planning-poker\\frontend\\src\\components\\Navbar.js","statementMap":{"0":{"start":{"line":6,"column":2},"end":{"line":16,"column":4}}},"fnMap":{"0":{"name":"Navbar","decl":{"start":{"line":5,"column":24},"end":{"line":5,"column":30}},"loc":{"start":{"line":5,"column":33},"end":{"line":17,"column":1}},"line":5}},"branchMap":{},"s":{"0":179},"f":{"0":179},"b":{},"_coverageSchema":"1a1c01bbd47fc00a2c39e90264f33305004495a9","hash":"14f1f736a5fabad16c37ecc73ed4995754a23d9a"}
,"C:\\Planning-Poker\\planning-poker\\frontend\\src\\components\\UsersList.js": {"path":"C:\\Planning-Poker\\planning-poker\\frontend\\src\\components\\UsersList.js","statementMap":{"0":{"start":{"line":5,"column":4},"end":{"line":59,"column":6}},"1":{"start":{"line":16,"column":41},"end":{"line":16,"column":111}},"2":{"start":{"line":17,"column":46},"end":{"line":17,"column":81}},"3":{"start":{"line":19,"column":24},"end":{"line":54,"column":26}}},"fnMap":{"0":{"name":"UsersList","decl":{"start":{"line":4,"column":24},"end":{"line":4,"column":33}},"loc":{"start":{"line":4,"column":75},"end":{"line":60,"column":1}},"line":4},"1":{"name":"(anonymous_1)","decl":{"start":{"line":15,"column":33},"end":{"line":15,"column":34}},"loc":{"start":{"line":15,"column":52},"end":{"line":55,"column":21}},"line":15}},"branchMap":{"0":{"loc":{"start":{"line":16,"column":41},"end":{"line":16,"column":111}},"type":"binary-expr","locations":[{"start":{"line":16,"column":41},"end":{"line":16,"column":56}},{"start":{"line":16,"column":61},"end":{"line":16,"column":81}},{"start":{"line":16,"column":85},"end":{"line":16,"column":110}}],"line":16},"1":{"loc":{"start":{"line":22,"column":56},"end":{"line":22,"column":91}},"type":"cond-expr","locations":[{"start":{"line":22,"column":72},"end":{"line":22,"column":86}},{"start":{"line":22,"column":89},"end":{"line":22,"column":91}}],"line":22},"2":{"loc":{"start":{"line":26,"column":67},"end":{"line":26,"column":102}},"type":"cond-expr","locations":[{"start":{"line":26,"column":83},"end":{"line":26,"column":97}},{"start":{"line":26,"column":100},"end":{"line":26,"column":102}}],"line":26},"3":{"loc":{"start":{"line":32,"column":69},"end":{"line":32,"column":104}},"type":"cond-expr","locations":[{"start":{"line":32,"column":85},"end":{"line":32,"column":99}},{"start":{"line":32,"column":102},"end":{"line":32,"column":104}}],"line":32},"4":{"loc":{"start":{"line":34,"column":45},"end":{"line":34,"column":107}},"type":"binary-expr","locations":[{"start":{"line":34,"column":45},"end":{"line":34,"column":58}},{"start":{"line":34,"column":62},"end":{"line":34,"column":107}}],"line":34},"5":{"loc":{"start":{"line":41,"column":37},"end":{"line":45,"column":37}},"type":"binary-expr","locations":[{"start":{"line":41,"column":37},"end":{"line":41,"column":59}},{"start":{"line":42,"column":40},"end":{"line":44,"column":46}}],"line":41},"6":{"loc":{"start":{"line":42,"column":76},"end":{"line":42,"column":106}},"type":"cond-expr","locations":[{"start":{"line":42,"column":87},"end":{"line":42,"column":94}},{"start":{"line":42,"column":97},"end":{"line":42,"column":106}}],"line":42},"7":{"loc":{"start":{"line":43,"column":45},"end":{"line":43,"column":65}},"type":"cond-expr","locations":[{"start":{"line":43,"column":56},"end":{"line":43,"column":59}},{"start":{"line":43,"column":62},"end":{"line":43,"column":65}}],"line":43},"8":{"loc":{"start":{"line":47,"column":37},"end":{"line":51,"column":37}},"type":"binary-expr","locations":[{"start":{"line":47,"column":37},"end":{"line":47,"column":61}},{"start":{"line":47,"column":65},"end":{"line":47,"column":85}},{"start":{"line":47,"column":89},"end":{"line":47,"column":114}},{"start":{"line":48,"column":40},"end":{"line":50,"column":46}}],"line":47}},"s":{"0":12,"1":32,"2":32,"3":32},"f":{"0":12,"1":32},"b":{"0":[32,19,9],"1":[8,24],"2":[8,24],"3":[8,24],"4":[32,8],"5":[32,24],"6":[16,8],"7":[16,8],"8":[32,5,4,4]},"_coverageSchema":"1a1c01bbd47fc00a2c39e90264f33305004495a9","hash":"121b6e60d3243cffb09e0fc053f030b4c53065f9"}
,"C:\\Planning-Poker\\planning-poker\\frontend\\src\\components\\VotingCards.js": {"path":"C:\\Planning-Poker\\planning-poker\\frontend\\src\\components\\VotingCards.js","statementMap":{"0":{"start":{"line":5,"column":4},"end":{"line":34,"column":6}},"1":{"start":{"line":13,"column":39},"end":{"line":13,"column":60}},"2":{"start":{"line":14,"column":40},"end":{"line":14,"column":75}},"3":{"start":{"line":16,"column":20},"end":{"line":25,"column":22}},"4":{"start":{"line":19,"column":43},"end":{"line":19,"column":76}},"5":{"start":{"line":38,"column":4},"end":{"line":40,"column":5}},"6":{"start":{"line":39,"column":8},"end":{"line":39,"column":48}},"7":{"start":{"line":42,"column":4},"end":{"line":47,"column":5}},"8":{"start":{"line":43,"column":8},"end":{"line":45,"column":9}},"9":{"start":{"line":44,"column":12},"end":{"line":44,"column":51}},"10":{"start":{"line":46,"column":8},"end":{"line":46,"column":41}},"11":{"start":{"line":49,"column":4},"end":{"line":51,"column":5}},"12":{"start":{"line":50,"column":8},"end":{"line":50,"column":40}},"13":{"start":{"line":53,"column":4},"end":{"line":53,"column":14}}},"fnMap":{"0":{"name":"VotingCards","decl":{"start":{"line":4,"column":24},"end":{"line":4,"column":35}},"loc":{"start":{"line":4,"column":96},"end":{"line":35,"column":1}},"line":4},"1":{"name":"(anonymous_1)","decl":{"start":{"line":12,"column":27},"end":{"line":12,"column":28}},"loc":{"start":{"line":12,"column":44},"end":{"line":26,"column":17}},"line":12},"2":{"name":"(anonymous_2)","decl":{"start":{"line":19,"column":37},"end":{"line":19,"column":38}},"loc":{"start":{"line":19,"column":43},"end":{"line":19,"column":76}},"line":19},"3":{"name":"getStatusMessage","decl":{"start":{"line":37,"column":9},"end":{"line":37,"column":25}},"loc":{"start":{"line":37,"column":61},"end":{"line":54,"column":1}},"line":37}},"branchMap":{"0":{"loc":{"start":{"line":8,"column":17},"end":{"line":8,"column":79}},"type":"cond-expr","locations":[{"start":{"line":8,"column":42},"end":{"line":8,"column":58}},{"start":{"line":8,"column":61},"end":{"line":8,"column":79}}],"line":8},"1":{"loc":{"start":{"line":14,"column":40},"end":{"line":14,"column":75}},"type":"binary-expr","locations":[{"start":{"line":14,"column":40},"end":{"line":14,"column":49}},{"start":{"line":14,"column":53},"end":{"line":14,"column":75}}],"line":14},"2":{"loc":{"start":{"line":19,"column":43},"end":{"line":19,"column":76}},"type":"binary-expr","locations":[{"start":{"line":19,"column":43},"end":{"line":19,"column":54}},{"start":{"line":19,"column":58},"end":{"line":19,"column":76}}],"line":19},"3":{"loc":{"start":{"line":21,"column":54},"end":{"line":21,"column":82}},"type":"cond-expr","locations":[{"start":{"line":21,"column":67},"end":{"line":21,"column":77}},{"start":{"line":21,"column":80},"end":{"line":21,"column":82}}],"line":21},"4":{"loc":{"start":{"line":21,"column":86},"end":{"line":21,"column":112}},"type":"cond-expr","locations":[{"start":{"line":21,"column":97},"end":{"line":21,"column":107}},{"start":{"line":21,"column":110},"end":{"line":21,"column":112}}],"line":21},"5":{"loc":{"start":{"line":21,"column":116},"end":{"line":21,"column":146}},"type":"cond-expr","locations":[{"start":{"line":21,"column":130},"end":{"line":21,"column":141}},{"start":{"line":21,"column":144},"end":{"line":21,"column":146}}],"line":21},"6":{"loc":{"start":{"line":23,"column":29},"end":{"line":23,"column":75}},"type":"cond-expr","locations":[{"start":{"line":23,"column":44},"end":{"line":23,"column":47}},{"start":{"line":23,"column":50},"end":{"line":23,"column":75}}],"line":23},"7":{"loc":{"start":{"line":23,"column":50},"end":{"line":23,"column":75}},"type":"cond-expr","locations":[{"start":{"line":23,"column":65},"end":{"line":23,"column":68}},{"start":{"line":23,"column":71},"end":{"line":23,"column":75}}],"line":23},"8":{"loc":{"start":{"line":38,"column":4},"end":{"line":40,"column":5}},"type":"if","locations":[{"start":{"line":38,"column":4},"end":{"line":40,"column":5}},{"start":{},"end":{}}],"line":38},"9":{"loc":{"start":{"line":42,"column":4},"end":{"line":47,"column":5}},"type":"if","locations":[{"start":{"line":42,"column":4},"end":{"line":47,"column":5}},{"start":{},"end":{}}],"line":42},"10":{"loc":{"start":{"line":43,"column":8},"end":{"line":45,"column":9}},"type":"if","locations":[{"start":{"line":43,"column":8},"end":{"line":45,"column":9}},{"start":{},"end":{}}],"line":43},"11":{"loc":{"start":{"line":49,"column":4},"end":{"line":51,"column":5}},"type":"if","locations":[{"start":{"line":49,"column":4},"end":{"line":51,"column":5}},{"start":{},"end":{}}],"line":49}},"s":{"0":19,"1":159,"2":159,"3":159,"4":2,"5":19,"6":2,"7":17,"8":16,"9":2,"10":14,"11":1,"12":1,"13":0},"f":{"0":19,"1":159,"2":2,"3":19},"b":{"0":[16,3],"1":[159,132],"2":[2,1],"3":[2,157],"4":[27,132],"5":[105,54],"6":[1,158],"7":[18,140],"8":[2,17],"9":[16,1],"10":[2,14],"11":[1,0]},"_coverageSchema":"1a1c01bbd47fc00a2c39e90264f33305004495a9","hash":"3550835432b6e07828b4f0cb120380bd91043a4b"}
,"C:\\Planning-Poker\\planning-poker\\frontend\\src\\contexts\\DarkModeContext.js": {"path":"C:\\Planning-Poker\\planning-poker\\frontend\\src\\contexts\\DarkModeContext.js","statementMap":{"0":{"start":{"line":3,"column":24},"end":{"line":3,"column":39}},"1":{"start":{"line":5,"column":27},"end":{"line":11,"column":1}},"2":{"start":{"line":6,"column":20},"end":{"line":6,"column":47}},"3":{"start":{"line":7,"column":4},"end":{"line":9,"column":5}},"4":{"start":{"line":8,"column":8},"end":{"line":8,"column":78}},"5":{"start":{"line":10,"column":4},"end":{"line":10,"column":19}},"6":{"start":{"line":13,"column":32},"end":{"line":46,"column":1}},"7":{"start":{"line":14,"column":40},"end":{"line":18,"column":6}},"8":{"start":{"line":16,"column":22},"end":{"line":16,"column":54}},"9":{"start":{"line":17,"column":8},"end":{"line":17,"column":32}},"10":{"start":{"line":20,"column":4},"end":{"line":30,"column":21}},"11":{"start":{"line":22,"column":8},"end":{"line":22,"column":53}},"12":{"start":{"line":25,"column":8},"end":{"line":29,"column":9}},"13":{"start":{"line":26,"column":12},"end":{"line":26,"column":64}},"14":{"start":{"line":28,"column":12},"end":{"line":28,"column":67}},"15":{"start":{"line":32,"column":27},"end":{"line":34,"column":5}},"16":{"start":{"line":33,"column":8},"end":{"line":33,"column":37}},"17":{"start":{"line":33,"column":30},"end":{"line":33,"column":35}},"18":{"start":{"line":36,"column":18},"end":{"line":39,"column":5}},"19":{"start":{"line":41,"column":4},"end":{"line":45,"column":6}}},"fnMap":{"0":{"name":"(anonymous_0)","decl":{"start":{"line":5,"column":27},"end":{"line":5,"column":28}},"loc":{"start":{"line":5,"column":33},"end":{"line":11,"column":1}},"line":5},"1":{"name":"(anonymous_1)","decl":{"start":{"line":13,"column":32},"end":{"line":13,"column":33}},"loc":{"start":{"line":13,"column":50},"end":{"line":46,"column":1}},"line":13},"2":{"name":"(anonymous_2)","decl":{"start":{"line":14,"column":49},"end":{"line":14,"column":50}},"loc":{"start":{"line":14,"column":55},"end":{"line":18,"column":5}},"line":14},"3":{"name":"(anonymous_3)","decl":{"start":{"line":20,"column":14},"end":{"line":20,"column":15}},"loc":{"start":{"line":20,"column":20},"end":{"line":30,"column":5}},"line":20},"4":{"name":"(anonymous_4)","decl":{"start":{"line":32,"column":27},"end":{"line":32,"column":28}},"loc":{"start":{"line":32,"column":33},"end":{"line":34,"column":5}},"line":32},"5":{"name":"(anonymous_5)","decl":{"start":{"line":33,"column":22},"end":{"line":33,"column":23}},"loc":{"start":{"line":33,"column":30},"end":{"line":33,"column":35}},"line":33}},"branchMap":{"0":{"loc":{"start":{"line":7,"column":4},"end":{"line":9,"column":5}},"type":"if","locations":[{"start":{"line":7,"column":4},"end":{"line":9,"column":5}},{"start":{},"end":{}}],"line":7},"1":{"loc":{"start":{"line":25,"column":8},"end":{"line":29,"column":9}},"type":"if","locations":[{"start":{"line":25,"column":8},"end":{"line":29,"column":9}},{"start":{"line":27,"column":15},"end":{"line":29,"column":9}}],"line":25}},"s":{"0":4,"1":4,"2":185,"3":185,"4":2,"5":183,"6":4,"7":49,"8":47,"9":47,"10":49,"11":49,"12":49,"13":3,"14":46,"15":49,"16":2,"17":2,"18":49,"19":49},"f":{"0":185,"1":49,"2":47,"3":49,"4":2,"5":2},"b":{"0":[2,183],"1":[3,46]},"_coverageSchema":"1a1c01bbd47fc00a2c39e90264f33305004495a9","hash":"555d83287a359fdd54f7dafdc3efdc868c21bb92"}
,"C:\\Planning-Poker\\planning-poker\\frontend\\src\\pages\\CreateRoom.js": {"path":"C:\\Planning-Poker\\planning-poker\\frontend\\src\\pages\\CreateRoom.js","statementMap":{"0":{"start":{"line":8,"column":19},"end":{"line":17,"column":1}},"1":{"start":{"line":20,"column":36},"end":{"line":20,"column":48}},"2":{"start":{"line":21,"column":44},"end":{"line":21,"column":65}},"3":{"start":{"line":22,"column":40},"end":{"line":22,"column":55}},"4":{"start":{"line":23,"column":21},"end":{"line":23,"column":34}},"5":{"start":{"line":25,"column":4},"end":{"line":31,"column":19}},"6":{"start":{"line":26,"column":25},"end":{"line":26,"column":49}},"7":{"start":{"line":27,"column":8},"end":{"line":30,"column":9}},"8":{"start":{"line":28,"column":12},"end":{"line":28,"column":26}},"9":{"start":{"line":29,"column":12},"end":{"line":29,"column":19}},"10":{"start":{"line":33,"column":29},"end":{"line":58,"column":5}},"11":{"start":{"line":34,"column":8},"end":{"line":37,"column":9}},"12":{"start":{"line":35,"column":12},"end":{"line":35,"column":46}},"13":{"start":{"line":36,"column":12},"end":{"line":36,"column":19}},"14":{"start":{"line":39,"column":8},"end":{"line":39,"column":28}},"15":{"start":{"line":42,"column":23},"end":{"line":42,"column":43}},"16":{"start":{"line":43,"column":25},"end":{"line":43,"column":49}},"17":{"start":{"line":46,"column":8},"end":{"line":52,"column":11}},"18":{"start":{"line":55,"column":8},"end":{"line":57,"column":16}},"19":{"start":{"line":56,"column":12},"end":{"line":56,"column":40}},"20":{"start":{"line":60,"column":23},"end":{"line":62,"column":5}},"21":{"start":{"line":61,"column":8},"end":{"line":61,"column":22}},"22":{"start":{"line":64,"column":4},"end":{"line":151,"column":6}},"23":{"start":{"line":86,"column":41},"end":{"line":86,"column":68}},"24":{"start":{"line":87,"column":43},"end":{"line":87,"column":82}},"25":{"start":{"line":101,"column":24},"end":{"line":129,"column":30}},"26":{"start":{"line":104,"column":43},"end":{"line":104,"column":63}},"27":{"start":{"line":110,"column":52},"end":{"line":110,"column":72}},"28":{"start":{"line":121,"column":36},"end":{"line":126,"column":43}}},"fnMap":{"0":{"name":"CreateRoom","decl":{"start":{"line":19,"column":24},"end":{"line":19,"column":34}},"loc":{"start":{"line":19,"column":37},"end":{"line":152,"column":1}},"line":19},"1":{"name":"(anonymous_1)","decl":{"start":{"line":25,"column":14},"end":{"line":25,"column":15}},"loc":{"start":{"line":25,"column":20},"end":{"line":31,"column":5}},"line":25},"2":{"name":"(anonymous_2)","decl":{"start":{"line":33,"column":29},"end":{"line":33,"column":30}},"loc":{"start":{"line":33,"column":41},"end":{"line":58,"column":5}},"line":33},"3":{"name":"(anonymous_3)","decl":{"start":{"line":55,"column":19},"end":{"line":55,"column":20}},"loc":{"start":{"line":55,"column":25},"end":{"line":57,"column":9}},"line":55},"4":{"name":"(anonymous_4)","decl":{"start":{"line":60,"column":23},"end":{"line":60,"column":24}},"loc":{"start":{"line":60,"column":29},"end":{"line":62,"column":5}},"line":60},"5":{"name":"(anonymous_5)","decl":{"start":{"line":86,"column":34},"end":{"line":86,"column":35}},"loc":{"start":{"line":86,"column":41},"end":{"line":86,"column":68}},"line":86},"6":{"name":"(anonymous_6)","decl":{"start":{"line":87,"column":36},"end":{"line":87,"column":37}},"loc":{"start":{"line":87,"column":43},"end":{"line":87,"column":82}},"line":87},"7":{"name":"(anonymous_7)","decl":{"start":{"line":100,"column":52},"end":{"line":100,"column":53}},"loc":{"start":{"line":101,"column":24},"end":{"line":129,"column":30}},"line":101},"8":{"name":"(anonymous_8)","decl":{"start":{"line":104,"column":37},"end":{"line":104,"column":38}},"loc":{"start":{"line":104,"column":43},"end":{"line":104,"column":63}},"line":104},"9":{"name":"(anonymous_9)","decl":{"start":{"line":110,"column":46},"end":{"line":110,"column":47}},"loc":{"start":{"line":110,"column":52},"end":{"line":110,"column":72}},"line":110},"10":{"name":"(anonymous_10)","decl":{"start":{"line":120,"column":48},"end":{"line":120,"column":49}},"loc":{"start":{"line":121,"column":36},"end":{"line":126,"column":43}},"line":121}},"branchMap":{"0":{"loc":{"start":{"line":27,"column":8},"end":{"line":30,"column":9}},"type":"if","locations":[{"start":{"line":27,"column":8},"end":{"line":30,"column":9}},{"start":{},"end":{}}],"line":27},"1":{"loc":{"start":{"line":34,"column":8},"end":{"line":37,"column":9}},"type":"if","locations":[{"start":{"line":34,"column":8},"end":{"line":37,"column":9}},{"start":{},"end":{}}],"line":34},"2":{"loc":{"start":{"line":87,"column":43},"end":{"line":87,"column":82}},"type":"binary-expr","locations":[{"start":{"line":87,"column":43},"end":{"line":87,"column":60}},{"start":{"line":87,"column":64},"end":{"line":87,"column":82}}],"line":87},"3":{"loc":{"start":{"line":103,"column":54},"end":{"line":103,"column":92}},"type":"cond-expr","locations":[{"start":{"line":103,"column":77},"end":{"line":103,"column":87}},{"start":{"line":103,"column":90},"end":{"line":103,"column":92}}],"line":103},"4":{"loc":{"start":{"line":114,"column":71},"end":{"line":114,"column":109}},"type":"cond-expr","locations":[{"start":{"line":114,"column":94},"end":{"line":114,"column":104}},{"start":{"line":114,"column":107},"end":{"line":114,"column":109}}],"line":114},"5":{"loc":{"start":{"line":123,"column":64},"end":{"line":123,"column":102}},"type":"cond-expr","locations":[{"start":{"line":123,"column":87},"end":{"line":123,"column":97}},{"start":{"line":123,"column":100},"end":{"line":123,"column":102}}],"line":123},"6":{"loc":{"start":{"line":143,"column":34},"end":{"line":143,"column":70}},"type":"binary-expr","locations":[{"start":{"line":143,"column":34},"end":{"line":143,"column":44}},{"start":{"line":143,"column":48},"end":{"line":143,"column":70}}],"line":143},"7":{"loc":{"start":{"line":146,"column":25},"end":{"line":146,"column":67}},"type":"cond-expr","locations":[{"start":{"line":146,"column":38},"end":{"line":146,"column":51}},{"start":{"line":146,"column":54},"end":{"line":146,"column":67}}],"line":146}},"s":{"0":1,"1":103,"2":103,"3":103,"4":103,"5":103,"6":20,"7":20,"8":1,"9":1,"10":103,"11":5,"12":0,"13":0,"14":5,"15":5,"16":5,"17":5,"18":5,"19":5,"20":103,"21":1,"22":103,"23":76,"24":1,"25":206,"26":2,"27":2,"28":2060},"f":{"0":103,"1":20,"2":5,"3":5,"4":1,"5":76,"6":1,"7":206,"8":2,"9":2,"10":2060},"b":{"0":[1,19],"1":[0,5],"2":[1,1],"3":[103,103],"4":[103,103],"5":[1030,1030],"6":[103,98],"7":[5,98]},"_coverageSchema":"1a1c01bbd47fc00a2c39e90264f33305004495a9","hash":"e3a63e0c4fe214924914da2d498a979e2abf25ee"}
,"C:\\Planning-Poker\\planning-poker\\frontend\\src\\pages\\GamePage.js": {"path":"C:\\Planning-Poker\\planning-poker\\frontend\\src\\pages\\GamePage.js","statementMap":{"0":{"start":{"line":10,"column":21},"end":{"line":10,"column":32}},"1":{"start":{"line":11,"column":19},"end":{"line":11,"column":32}},"2":{"start":{"line":12,"column":36},"end":{"line":18,"column":4}},"3":{"start":{"line":19,"column":26},"end":{"line":19,"column":40}},"4":{"start":{"line":20,"column":38},"end":{"line":20,"column":52}},"5":{"start":{"line":21,"column":38},"end":{"line":21,"column":50}},"6":{"start":{"line":24,"column":23},"end":{"line":24,"column":58}},"7":{"start":{"line":25,"column":19},"end":{"line":25,"column":43}},"8":{"start":{"line":27,"column":2},"end":{"line":54,"column":35}},"9":{"start":{"line":28,"column":4},"end":{"line":31,"column":5}},"10":{"start":{"line":29,"column":6},"end":{"line":29,"column":39}},"11":{"start":{"line":30,"column":6},"end":{"line":30,"column":13}},"12":{"start":{"line":34,"column":19},"end":{"line":34,"column":52}},"13":{"start":{"line":35,"column":4},"end":{"line":37,"column":5}},"14":{"start":{"line":36,"column":6},"end":{"line":36,"column":28}},"15":{"start":{"line":40,"column":4},"end":{"line":40,"column":42}},"16":{"start":{"line":42,"column":4},"end":{"line":44,"column":7}},"17":{"start":{"line":43,"column":6},"end":{"line":43,"column":26}},"18":{"start":{"line":46,"column":4},"end":{"line":48,"column":7}},"19":{"start":{"line":47,"column":6},"end":{"line":47,"column":20}},"20":{"start":{"line":50,"column":4},"end":{"line":53,"column":6}},"21":{"start":{"line":51,"column":6},"end":{"line":51,"column":43}},"22":{"start":{"line":52,"column":6},"end":{"line":52,"column":45}},"23":{"start":{"line":56,"column":25},"end":{"line":58,"column":3}},"24":{"start":{"line":57,"column":4},"end":{"line":57,"column":42}},"25":{"start":{"line":60,"column":21},"end":{"line":63,"column":3}},"26":{"start":{"line":61,"column":4},"end":{"line":61,"column":17}},"27":{"start":{"line":62,"column":4},"end":{"line":62,"column":49}},"28":{"start":{"line":65,"column":23},"end":{"line":67,"column":3}},"29":{"start":{"line":66,"column":4},"end":{"line":66,"column":35}},"30":{"start":{"line":69,"column":24},"end":{"line":73,"column":3}},"31":{"start":{"line":70,"column":4},"end":{"line":70,"column":35}},"32":{"start":{"line":71,"column":4},"end":{"line":71,"column":18}},"33":{"start":{"line":72,"column":4},"end":{"line":72,"column":22}},"34":{"start":{"line":75,"column":26},"end":{"line":79,"column":3}},"35":{"start":{"line":77,"column":4},"end":{"line":77,"column":55}},"36":{"start":{"line":78,"column":4},"end":{"line":78,"column":22}},"37":{"start":{"line":81,"column":19},"end":{"line":81,"column":93}},"38":{"start":{"line":81,"column":82},"end":{"line":81,"column":92}},"39":{"start":{"line":82,"column":20},"end":{"line":82,"column":50}},"40":{"start":{"line":85,"column":25},"end":{"line":85,"column":69}},"41":{"start":{"line":88,"column":25},"end":{"line":88,"column":34}},"42":{"start":{"line":89,"column":2},"end":{"line":93,"column":3}},"43":{"start":{"line":90,"column":4},"end":{"line":90,"column":32}},"44":{"start":{"line":91,"column":9},"end":{"line":93,"column":3}},"45":{"start":{"line":92,"column":4},"end":{"line":92,"column":34}},"46":{"start":{"line":96,"column":24},"end":{"line":96,"column":104}},"47":{"start":{"line":98,"column":2},"end":{"line":308,"column":4}},"48":{"start":{"line":209,"column":39},"end":{"line":209,"column":68}},"49":{"start":{"line":226,"column":49},"end":{"line":226,"column":59}},"50":{"start":{"line":245,"column":20},"end":{"line":270,"column":26}}},"fnMap":{"0":{"name":"GamePage","decl":{"start":{"line":9,"column":24},"end":{"line":9,"column":32}},"loc":{"start":{"line":9,"column":35},"end":{"line":309,"column":1}},"line":9},"1":{"name":"(anonymous_1)","decl":{"start":{"line":27,"column":12},"end":{"line":27,"column":13}},"loc":{"start":{"line":27,"column":18},"end":{"line":54,"column":3}},"line":27},"2":{"name":"(anonymous_2)","decl":{"start":{"line":42,"column":33},"end":{"line":42,"column":34}},"loc":{"start":{"line":42,"column":44},"end":{"line":44,"column":5}},"line":42},"3":{"name":"(anonymous_3)","decl":{"start":{"line":46,"column":31},"end":{"line":46,"column":32}},"loc":{"start":{"line":46,"column":37},"end":{"line":48,"column":5}},"line":46},"4":{"name":"(anonymous_4)","decl":{"start":{"line":50,"column":11},"end":{"line":50,"column":12}},"loc":{"start":{"line":50,"column":17},"end":{"line":53,"column":5}},"line":50},"5":{"name":"(anonymous_5)","decl":{"start":{"line":56,"column":25},"end":{"line":56,"column":26}},"loc":{"start":{"line":56,"column":37},"end":{"line":58,"column":3}},"line":56},"6":{"name":"(anonymous_6)","decl":{"start":{"line":60,"column":21},"end":{"line":60,"column":22}},"loc":{"start":{"line":60,"column":30},"end":{"line":63,"column":3}},"line":60},"7":{"name":"(anonymous_7)","decl":{"start":{"line":65,"column":23},"end":{"line":65,"column":24}},"loc":{"start":{"line":65,"column":29},"end":{"line":67,"column":3}},"line":65},"8":{"name":"(anonymous_8)","decl":{"start":{"line":69,"column":24},"end":{"line":69,"column":25}},"loc":{"start":{"line":69,"column":30},"end":{"line":73,"column":3}},"line":69},"9":{"name":"(anonymous_9)","decl":{"start":{"line":75,"column":26},"end":{"line":75,"column":27}},"loc":{"start":{"line":75,"column":32},"end":{"line":79,"column":3}},"line":75},"10":{"name":"(anonymous_10)","decl":{"start":{"line":81,"column":75},"end":{"line":81,"column":76}},"loc":{"start":{"line":81,"column":82},"end":{"line":81,"column":92}},"line":81},"11":{"name":"(anonymous_11)","decl":{"start":{"line":209,"column":32},"end":{"line":209,"column":33}},"loc":{"start":{"line":209,"column":39},"end":{"line":209,"column":68}},"line":209},"12":{"name":"(anonymous_12)","decl":{"start":{"line":226,"column":44},"end":{"line":226,"column":45}},"loc":{"start":{"line":226,"column":49},"end":{"line":226,"column":59}},"line":226},"13":{"name":"(anonymous_13)","decl":{"start":{"line":244,"column":41},"end":{"line":244,"column":42}},"loc":{"start":{"line":245,"column":20},"end":{"line":270,"column":26}},"line":245}},"branchMap":{"0":{"loc":{"start":{"line":28,"column":4},"end":{"line":31,"column":5}},"type":"if","locations":[{"start":{"line":28,"column":4},"end":{"line":31,"column":5}},{"start":{},"end":{}}],"line":28},"1":{"loc":{"start":{"line":35,"column":4},"end":{"line":37,"column":5}},"type":"if","locations":[{"start":{"line":35,"column":4},"end":{"line":37,"column":5}},{"start":{},"end":{}}],"line":35},"2":{"loc":{"start":{"line":81,"column":19},"end":{"line":81,"column":93}},"type":"binary-expr","locations":[{"start":{"line":81,"column":19},"end":{"line":81,"column":47}},{"start":{"line":81,"column":51},"end":{"line":81,"column":93}}],"line":81},"3":{"loc":{"start":{"line":85,"column":25},"end":{"line":85,"column":69}},"type":"cond-expr","locations":[{"start":{"line":85,"column":38},"end":{"line":85,"column":54}},{"start":{"line":85,"column":57},"end":{"line":85,"column":69}}],"line":85},"4":{"loc":{"start":{"line":89,"column":2},"end":{"line":93,"column":3}},"type":"if","locations":[{"start":{"line":89,"column":2},"end":{"line":93,"column":3}},{"start":{"line":91,"column":9},"end":{"line":93,"column":3}}],"line":89},"5":{"loc":{"start":{"line":89,"column":6},"end":{"line":89,"column":46}},"type":"binary-expr","locations":[{"start":{"line":89,"column":6},"end":{"line":89,"column":23}},{"start":{"line":89,"column":27},"end":{"line":89,"column":46}}],"line":89},"6":{"loc":{"start":{"line":91,"column":9},"end":{"line":93,"column":3}},"type":"if","locations":[{"start":{"line":91,"column":9},"end":{"line":93,"column":3}},{"start":{},"end":{}}],"line":91},"7":{"loc":{"start":{"line":96,"column":24},"end":{"line":96,"column":104}},"type":"cond-expr","locations":[{"start":{"line":96,"column":45},"end":{"line":96,"column":97}},{"start":{"line":96,"column":100},"end":{"line":96,"column":104}}],"line":96},"8":{"loc":{"start":{"line":110,"column":13},"end":{"line":110,"column":62}},"type":"cond-expr","locations":[{"start":{"line":110,"column":26},"end":{"line":110,"column":41}},{"start":{"line":110,"column":44},"end":{"line":110,"column":62}}],"line":110},"9":{"loc":{"start":{"line":118,"column":13},"end":{"line":124,"column":13}},"type":"binary-expr","locations":[{"start":{"line":118,"column":13},"end":{"line":118,"column":23}},{"start":{"line":119,"column":14},"end":{"line":123,"column":21}}],"line":118},"10":{"loc":{"start":{"line":136,"column":11},"end":{"line":165,"column":11}},"type":"binary-expr","locations":[{"start":{"line":136,"column":11},"end":{"line":136,"column":20}},{"start":{"line":137,"column":12},"end":{"line":164,"column":15}}],"line":136},"11":{"loc":{"start":{"line":138,"column":15},"end":{"line":145,"column":15}},"type":"binary-expr","locations":[{"start":{"line":138,"column":15},"end":{"line":138,"column":33}},{"start":{"line":138,"column":37},"end":{"line":138,"column":66}},{"start":{"line":139,"column":16},"end":{"line":144,"column":25}}],"line":138},"12":{"loc":{"start":{"line":147,"column":15},"end":{"line":154,"column":15}},"type":"binary-expr","locations":[{"start":{"line":147,"column":15},"end":{"line":147,"column":32}},{"start":{"line":147,"column":36},"end":{"line":147,"column":55}},{"start":{"line":147,"column":59},"end":{"line":147,"column":67}},{"start":{"line":148,"column":16},"end":{"line":153,"column":25}}],"line":147},"13":{"loc":{"start":{"line":156,"column":15},"end":{"line":163,"column":15}},"type":"binary-expr","locations":[{"start":{"line":156,"column":15},"end":{"line":156,"column":33}},{"start":{"line":157,"column":16},"end":{"line":162,"column":25}}],"line":156},"14":{"loc":{"start":{"line":178,"column":15},"end":{"line":178,"column":67}},"type":"binary-expr","locations":[{"start":{"line":178,"column":15},"end":{"line":178,"column":45}},{"start":{"line":178,"column":49},"end":{"line":178,"column":67}}],"line":178},"15":{"loc":{"start":{"line":179,"column":15},"end":{"line":179,"column":68}},"type":"binary-expr","locations":[{"start":{"line":179,"column":15},"end":{"line":179,"column":44}},{"start":{"line":179,"column":48},"end":{"line":179,"column":68}}],"line":179},"16":{"loc":{"start":{"line":180,"column":15},"end":{"line":180,"column":59}},"type":"binary-expr","locations":[{"start":{"line":180,"column":15},"end":{"line":180,"column":46}},{"start":{"line":180,"column":50},"end":{"line":180,"column":59}}],"line":180},"17":{"loc":{"start":{"line":184,"column":13},"end":{"line":192,"column":13}},"type":"binary-expr","locations":[{"start":{"line":184,"column":13},"end":{"line":184,"column":35}},{"start":{"line":185,"column":14},"end":{"line":191,"column":20}}],"line":184},"18":{"loc":{"start":{"line":194,"column":13},"end":{"line":221,"column":13}},"type":"binary-expr","locations":[{"start":{"line":194,"column":13},"end":{"line":194,"column":43}},{"start":{"line":195,"column":14},"end":{"line":220,"column":20}}],"line":194},"19":{"loc":{"start":{"line":197,"column":19},"end":{"line":199,"column":81}},"type":"cond-expr","locations":[{"start":{"line":198,"column":22},"end":{"line":198,"column":59}},{"start":{"line":199,"column":22},"end":{"line":199,"column":81}}],"line":197},"20":{"loc":{"start":{"line":203,"column":17},"end":{"line":213,"column":17}},"type":"binary-expr","locations":[{"start":{"line":203,"column":17},"end":{"line":203,"column":26}},{"start":{"line":203,"column":30},"end":{"line":203,"column":59}},{"start":{"line":204,"column":18},"end":{"line":212,"column":24}}],"line":203},"21":{"loc":{"start":{"line":215,"column":17},"end":{"line":219,"column":17}},"type":"binary-expr","locations":[{"start":{"line":215,"column":17},"end":{"line":215,"column":46}},{"start":{"line":215,"column":50},"end":{"line":215,"column":60}},{"start":{"line":216,"column":18},"end":{"line":218,"column":22}}],"line":215},"22":{"loc":{"start":{"line":223,"column":13},"end":{"line":234,"column":13}},"type":"binary-expr","locations":[{"start":{"line":223,"column":13},"end":{"line":223,"column":42}},{"start":{"line":224,"column":14},"end":{"line":233,"column":20}}],"line":223},"23":{"loc":{"start":{"line":228,"column":17},"end":{"line":232,"column":17}},"type":"binary-expr","locations":[{"start":{"line":228,"column":17},"end":{"line":228,"column":21}},{"start":{"line":229,"column":18},"end":{"line":231,"column":22}}],"line":228},"24":{"loc":{"start":{"line":236,"column":13},"end":{"line":283,"column":13}},"type":"binary-expr","locations":[{"start":{"line":236,"column":13},"end":{"line":236,"column":44}},{"start":{"line":237,"column":14},"end":{"line":282,"column":20}}],"line":236},"25":{"loc":{"start":{"line":247,"column":53},"end":{"line":247,"column":103}},"type":"cond-expr","locations":[{"start":{"line":247,"column":84},"end":{"line":247,"column":98}},{"start":{"line":247,"column":101},"end":{"line":247,"column":103}}],"line":247},"26":{"loc":{"start":{"line":251,"column":52},"end":{"line":251,"column":102}},"type":"cond-expr","locations":[{"start":{"line":251,"column":83},"end":{"line":251,"column":97}},{"start":{"line":251,"column":100},"end":{"line":251,"column":102}}],"line":251},"27":{"loc":{"start":{"line":258,"column":61},"end":{"line":258,"column":111}},"type":"cond-expr","locations":[{"start":{"line":258,"column":92},"end":{"line":258,"column":106}},{"start":{"line":258,"column":109},"end":{"line":258,"column":111}}],"line":258},"28":{"loc":{"start":{"line":261,"column":25},"end":{"line":263,"column":25}},"type":"binary-expr","locations":[{"start":{"line":261,"column":25},"end":{"line":261,"column":53}},{"start":{"line":262,"column":26},"end":{"line":262,"column":71}}],"line":261},"29":{"loc":{"start":{"line":268,"column":25},"end":{"line":268,"column":94}},"type":"cond-expr","locations":[{"start":{"line":268,"column":77},"end":{"line":268,"column":88}},{"start":{"line":268,"column":91},"end":{"line":268,"column":94}}],"line":268},"30":{"loc":{"start":{"line":268,"column":25},"end":{"line":268,"column":74}},"type":"binary-expr","locations":[{"start":{"line":268,"column":25},"end":{"line":268,"column":45}},{"start":{"line":268,"column":49},"end":{"line":268,"column":74}}],"line":268},"31":{"loc":{"start":{"line":275,"column":17},"end":{"line":281,"column":17}},"type":"binary-expr","locations":[{"start":{"line":275,"column":17},"end":{"line":275,"column":30}},{"start":{"line":276,"column":18},"end":{"line":280,"column":24}}],"line":275},"32":{"loc":{"start":{"line":287,"column":11},"end":{"line":295,"column":11}},"type":"binary-expr","locations":[{"start":{"line":287,"column":11},"end":{"line":287,"column":42}},{"start":{"line":288,"column":12},"end":{"line":294,"column":14}}],"line":287}},"s":{"0":56,"1":56,"2":56,"3":56,"4":56,"5":56,"6":56,"7":56,"8":56,"9":24,"10":1,"11":1,"12":23,"13":23,"14":22,"15":23,"16":23,"17":6,"18":23,"19":1,"20":23,"21":23,"22":23,"23":56,"24":2,"25":56,"26":2,"27":2,"28":56,"29":0,"30":56,"31":0,"32":0,"33":0,"34":56,"35":1,"36":1,"37":56,"38":10,"39":56,"40":56,"41":56,"42":56,"43":2,"44":54,"45":1,"46":56,"47":56,"48":1,"49":4,"50":2},"f":{"0":56,"1":24,"2":6,"3":1,"4":23,"5":2,"6":2,"7":0,"8":0,"9":1,"10":10,"11":1,"12":4,"13":2},"b":{"0":[1,23],"1":[22,1],"2":[56,8],"3":[32,24],"4":[2,54],"5":[56,3],"6":[1,53],"7":[1,55],"8":[32,24],"9":[56,32],"10":[56,8],"11":[8,5,4],"12":[8,3,2,0],"13":[8,1],"14":[56,53],"15":[56,2],"16":[56,1],"17":[56,0],"18":[56,53],"19":[48,5],"20":[53,5,4],"21":[53,5,1],"22":[56,2],"23":[2,0],"24":[56,1],"25":[1,1],"26":[1,1],"27":[1,1],"28":[2,1],"29":[2,0],"30":[2,2],"31":[1,0],"32":[56,55]},"_coverageSchema":"1a1c01bbd47fc00a2c39e90264f33305004495a9","hash":"a8fce242566ad511c37f57a0cbbca16c83a3739a"}
,"C:\\Planning-Poker\\planning-poker\\frontend\\src\\pages\\JoinGame.js": {"path":"C:\\Planning-Poker\\planning-poker\\frontend\\src\\pages\\JoinGame.js","statementMap":{"0":{"start":{"line":9,"column":21},"end":{"line":9,"column":32}},"1":{"start":{"line":10,"column":48},"end":{"line":10,"column":60}},"2":{"start":{"line":11,"column":19},"end":{"line":11,"column":32}},"3":{"start":{"line":13,"column":2},"end":{"line":31,"column":17}},"4":{"start":{"line":15,"column":4},"end":{"line":19,"column":7}},"5":{"start":{"line":16,"column":6},"end":{"line":16,"column":27}},"6":{"start":{"line":18,"column":6},"end":{"line":18,"column":29}},"7":{"start":{"line":22,"column":4},"end":{"line":25,"column":7}},"8":{"start":{"line":24,"column":6},"end":{"line":24,"column":34}},"9":{"start":{"line":27,"column":4},"end":{"line":30,"column":6}},"10":{"start":{"line":28,"column":6},"end":{"line":28,"column":48}},"11":{"start":{"line":29,"column":6},"end":{"line":29,"column":45}},"12":{"start":{"line":33,"column":25},"end":{"line":44,"column":3}},"13":{"start":{"line":34,"column":4},"end":{"line":37,"column":5}},"14":{"start":{"line":35,"column":6},"end":{"line":35,"column":45}},"15":{"start":{"line":36,"column":6},"end":{"line":36,"column":13}},"16":{"start":{"line":40,"column":4},"end":{"line":40,"column":45}},"17":{"start":{"line":43,"column":4},"end":{"line":43,"column":49}},"18":{"start":{"line":46,"column":2},"end":{"line":81,"column":6}},"19":{"start":{"line":67,"column":29},"end":{"line":67,"column":63}},"20":{"start":{"line":68,"column":31},"end":{"line":68,"column":68}}},"fnMap":{"0":{"name":"JoinGame","decl":{"start":{"line":8,"column":24},"end":{"line":8,"column":32}},"loc":{"start":{"line":8,"column":35},"end":{"line":82,"column":1}},"line":8},"1":{"name":"(anonymous_1)","decl":{"start":{"line":13,"column":12},"end":{"line":13,"column":13}},"loc":{"start":{"line":13,"column":18},"end":{"line":31,"column":3}},"line":13},"2":{"name":"(anonymous_2)","decl":{"start":{"line":15,"column":32},"end":{"line":15,"column":33}},"loc":{"start":{"line":15,"column":49},"end":{"line":19,"column":5}},"line":15},"3":{"name":"(anonymous_3)","decl":{"start":{"line":22,"column":29},"end":{"line":22,"column":30}},"loc":{"start":{"line":22,"column":45},"end":{"line":25,"column":5}},"line":22},"4":{"name":"(anonymous_4)","decl":{"start":{"line":27,"column":11},"end":{"line":27,"column":12}},"loc":{"start":{"line":27,"column":17},"end":{"line":30,"column":5}},"line":27},"5":{"name":"(anonymous_5)","decl":{"start":{"line":33,"column":25},"end":{"line":33,"column":26}},"loc":{"start":{"line":33,"column":31},"end":{"line":44,"column":3}},"line":33},"6":{"name":"(anonymous_6)","decl":{"start":{"line":67,"column":22},"end":{"line":67,"column":23}},"loc":{"start":{"line":67,"column":29},"end":{"line":67,"column":63}},"line":67},"7":{"name":"(anonymous_7)","decl":{"start":{"line":68,"column":24},"end":{"line":68,"column":25}},"loc":{"start":{"line":68,"column":31},"end":{"line":68,"column":68}},"line":68}},"branchMap":{"0":{"loc":{"start":{"line":34,"column":4},"end":{"line":37,"column":5}},"type":"if","locations":[{"start":{"line":34,"column":4},"end":{"line":37,"column":5}},{"start":{},"end":{}}],"line":34},"1":{"loc":{"start":{"line":68,"column":31},"end":{"line":68,"column":68}},"type":"binary-expr","locations":[{"start":{"line":68,"column":31},"end":{"line":68,"column":48}},{"start":{"line":68,"column":52},"end":{"line":68,"column":68}}],"line":68}},"s":{"0":176,"1":176,"2":176,"3":176,"4":15,"5":1,"6":1,"7":15,"8":2,"9":15,"10":15,"11":15,"12":176,"13":7,"14":2,"15":2,"16":5,"17":5,"18":176,"19":160,"20":1},"f":{"0":176,"1":15,"2":1,"3":2,"4":15,"5":7,"6":160,"7":1},"b":{"0":[2,5],"1":[1,1]},"_coverageSchema":"1a1c01bbd47fc00a2c39e90264f33305004495a9","hash":"ae1e6103c952df36e85769eeebbe588309283732"}
,"C:\\Planning-Poker\\planning-poker\\frontend\\src\\pages\\LandingPage.js": {"path":"C:\\Planning-Poker\\planning-poker\\frontend\\src\\pages\\LandingPage.js","statementMap":{"0":{"start":{"line":10,"column":34},"end":{"line":10,"column":46}},"1":{"start":{"line":11,"column":25},"end":{"line":11,"column":39}},"2":{"start":{"line":12,"column":27},"end":{"line":12,"column":38}},"3":{"start":{"line":13,"column":19},"end":{"line":13,"column":32}},"4":{"start":{"line":15,"column":18},"end":{"line":21,"column":3}},"5":{"start":{"line":23,"column":2},"end":{"line":33,"column":23}},"6":{"start":{"line":24,"column":21},"end":{"line":30,"column":12}},"7":{"start":{"line":25,"column":6},"end":{"line":25,"column":21}},"8":{"start":{"line":26,"column":6},"end":{"line":29,"column":14}},"9":{"start":{"line":27,"column":8},"end":{"line":27,"column":66}},"10":{"start":{"line":27,"column":32},"end":{"line":27,"column":64}},"11":{"start":{"line":28,"column":8},"end":{"line":28,"column":22}},"12":{"start":{"line":32,"column":4},"end":{"line":32,"column":41}},"13":{"start":{"line":32,"column":17},"end":{"line":32,"column":40}},"14":{"start":{"line":35,"column":22},"end":{"line":45,"column":3}},"15":{"start":{"line":36,"column":4},"end":{"line":39,"column":5}},"16":{"start":{"line":37,"column":6},"end":{"line":37,"column":45}},"17":{"start":{"line":38,"column":6},"end":{"line":38,"column":13}},"18":{"start":{"line":42,"column":4},"end":{"line":42,"column":38}},"19":{"start":{"line":44,"column":4},"end":{"line":44,"column":29}},"20":{"start":{"line":48,"column":2},"end":{"line":86,"column":4}},"21":{"start":{"line":74,"column":27},"end":{"line":74,"column":54}},"22":{"start":{"line":75,"column":29},"end":{"line":75,"column":63}}},"fnMap":{"0":{"name":"LandingPage","decl":{"start":{"line":9,"column":24},"end":{"line":9,"column":35}},"loc":{"start":{"line":9,"column":38},"end":{"line":87,"column":1}},"line":9},"1":{"name":"(anonymous_1)","decl":{"start":{"line":23,"column":12},"end":{"line":23,"column":13}},"loc":{"start":{"line":23,"column":18},"end":{"line":33,"column":3}},"line":23},"2":{"name":"(anonymous_2)","decl":{"start":{"line":24,"column":33},"end":{"line":24,"column":34}},"loc":{"start":{"line":24,"column":39},"end":{"line":30,"column":5}},"line":24},"3":{"name":"(anonymous_3)","decl":{"start":{"line":26,"column":17},"end":{"line":26,"column":18}},"loc":{"start":{"line":26,"column":23},"end":{"line":29,"column":7}},"line":26},"4":{"name":"(anonymous_4)","decl":{"start":{"line":27,"column":17},"end":{"line":27,"column":18}},"loc":{"start":{"line":27,"column":32},"end":{"line":27,"column":64}},"line":27},"5":{"name":"(anonymous_5)","decl":{"start":{"line":32,"column":11},"end":{"line":32,"column":12}},"loc":{"start":{"line":32,"column":17},"end":{"line":32,"column":40}},"line":32},"6":{"name":"(anonymous_6)","decl":{"start":{"line":35,"column":22},"end":{"line":35,"column":23}},"loc":{"start":{"line":35,"column":28},"end":{"line":45,"column":3}},"line":35},"7":{"name":"(anonymous_7)","decl":{"start":{"line":74,"column":20},"end":{"line":74,"column":21}},"loc":{"start":{"line":74,"column":27},"end":{"line":74,"column":54}},"line":74},"8":{"name":"(anonymous_8)","decl":{"start":{"line":75,"column":22},"end":{"line":75,"column":23}},"loc":{"start":{"line":75,"column":29},"end":{"line":75,"column":63}},"line":75}},"branchMap":{"0":{"loc":{"start":{"line":36,"column":4},"end":{"line":39,"column":5}},"type":"if","locations":[{"start":{"line":36,"column":4},"end":{"line":39,"column":5}},{"start":{},"end":{}}],"line":36},"1":{"loc":{"start":{"line":60,"column":59},"end":{"line":60,"column":90}},"type":"cond-expr","locations":[{"start":{"line":60,"column":66},"end":{"line":60,"column":76}},{"start":{"line":60,"column":79},"end":{"line":60,"column":90}}],"line":60},"2":{"loc":{"start":{"line":75,"column":29},"end":{"line":75,"column":63}},"type":"binary-expr","locations":[{"start":{"line":75,"column":29},"end":{"line":75,"column":46}},{"start":{"line":75,"column":50},"end":{"line":75,"column":63}}],"line":75}},"s":{"0":26,"1":26,"2":26,"3":26,"4":26,"5":26,"6":13,"7":6,"8":6,"9":6,"10":6,"11":6,"12":13,"13":13,"14":26,"15":5,"16":3,"17":3,"18":2,"19":2,"20":26,"21":5,"22":3},"f":{"0":26,"1":13,"2":6,"3":6,"4":6,"5":13,"6":5,"7":5,"8":3},"b":{"0":[3,2],"1":[24,2],"2":[3,2]},"_coverageSchema":"1a1c01bbd47fc00a2c39e90264f33305004495a9","hash":"cdb83f5533427e5e2ea4ca4cd5c180197fc158cf"}
,"C:\\Planning-Poker\\planning-poker\\frontend\\src\\services\\apiService.js": {"path":"C:\\Planning-Poker\\planning-poker\\frontend\\src\\services\\apiService.js","statementMap":{"0":{"start":{"line":7,"column":4},"end":{"line":7,"column":25}},"1":{"start":{"line":8,"column":4},"end":{"line":8,"column":75}},"2":{"start":{"line":12,"column":4},"end":{"line":12,"column":55}},"3":{"start":{"line":16,"column":4},"end":{"line":16,"column":63}},"4":{"start":{"line":20,"column":4},"end":{"line":20,"column":48}},"5":{"start":{"line":24,"column":4},"end":{"line":24,"column":57}},"6":{"start":{"line":28,"column":4},"end":{"line":28,"column":43}},"7":{"start":{"line":32,"column":4},"end":{"line":32,"column":48}},"8":{"start":{"line":36,"column":4},"end":{"line":36,"column":46}},"9":{"start":{"line":40,"column":4},"end":{"line":40,"column":47}},"10":{"start":{"line":44,"column":4},"end":{"line":44,"column":44}},"11":{"start":{"line":48,"column":4},"end":{"line":48,"column":40}},"12":{"start":{"line":52,"column":4},"end":{"line":52,"column":43}},"13":{"start":{"line":56,"column":4},"end":{"line":60,"column":5}},"14":{"start":{"line":57,"column":6},"end":{"line":57,"column":39}},"15":{"start":{"line":59,"column":6},"end":{"line":59,"column":29}},"16":{"start":{"line":64,"column":4},"end":{"line":64,"column":39}},"17":{"start":{"line":68,"column":4},"end":{"line":68,"column":37}},"18":{"start":{"line":72,"column":4},"end":{"line":72,"column":38}},"19":{"start":{"line":76,"column":4},"end":{"line":76,"column":35}},"20":{"start":{"line":81,"column":4},"end":{"line":81,"column":37}},"21":{"start":{"line":85,"column":4},"end":{"line":92,"column":5}},"22":{"start":{"line":86,"column":6},"end":{"line":86,"column":69}},"23":{"start":{"line":87,"column":6},"end":{"line":87,"column":18}},"24":{"start":{"line":89,"column":6},"end":{"line":89,"column":58}},"25":{"start":{"line":90,"column":6},"end":{"line":90,"column":55}},"26":{"start":{"line":91,"column":6},"end":{"line":91,"column":19}},"27":{"start":{"line":96,"column":4},"end":{"line":102,"column":5}},"28":{"start":{"line":97,"column":26},"end":{"line":97,"column":64}},"29":{"start":{"line":98,"column":6},"end":{"line":98,"column":58}},"30":{"start":{"line":100,"column":6},"end":{"line":100,"column":58}},"31":{"start":{"line":101,"column":6},"end":{"line":101,"column":18}},"32":{"start":{"line":106,"column":4},"end":{"line":110,"column":5}},"33":{"start":{"line":107,"column":6},"end":{"line":107,"column":48}},"34":{"start":{"line":109,"column":6},"end":{"line":109,"column":60}},"35":{"start":{"line":114,"column":4},"end":{"line":121,"column":5}},"36":{"start":{"line":115,"column":6},"end":{"line":115,"column":49}},"37":{"start":{"line":116,"column":6},"end":{"line":116,"column":18}},"38":{"start":{"line":118,"column":6},"end":{"line":118,"column":55}},"39":{"start":{"line":119,"column":6},"end":{"line":119,"column":45}},"40":{"start":{"line":120,"column":6},"end":{"line":120,"column":19}},"41":{"start":{"line":125,"column":4},"end":{"line":130,"column":5}},"42":{"start":{"line":126,"column":6},"end":{"line":126,"column":46}},"43":{"start":{"line":128,"column":6},"end":{"line":128,"column":54}},"44":{"start":{"line":129,"column":6},"end":{"line":129,"column":18}},"45":{"start":{"line":134,"column":4},"end":{"line":138,"column":5}},"46":{"start":{"line":135,"column":6},"end":{"line":135,"column":42}},"47":{"start":{"line":137,"column":6},"end":{"line":137,"column":57}},"48":{"start":{"line":142,"column":4},"end":{"line":154,"column":5}},"49":{"start":{"line":144,"column":23},"end":{"line":144,"column":70}},"50":{"start":{"line":145,"column":6},"end":{"line":151,"column":7}},"51":{"start":{"line":146,"column":28},"end":{"line":146,"column":49}},"52":{"start":{"line":148,"column":8},"end":{"line":150,"column":9}},"53":{"start":{"line":149,"column":10},"end":{"line":149,"column":62}},"54":{"start":{"line":153,"column":6},"end":{"line":153,"column":70}},"55":{"start":{"line":157,"column":4},"end":{"line":157,"column":54}},"56":{"start":{"line":161,"column":17},"end":{"line":161,"column":52}},"57":{"start":{"line":163,"column":4},"end":{"line":195,"column":5}},"58":{"start":{"line":164,"column":6},"end":{"line":182,"column":7}},"59":{"start":{"line":165,"column":8},"end":{"line":165,"column":50}},"60":{"start":{"line":166,"column":8},"end":{"line":166,"column":43}},"61":{"start":{"line":167,"column":8},"end":{"line":167,"column":20}},"62":{"start":{"line":169,"column":25},"end":{"line":169,"column":59}},"63":{"start":{"line":170,"column":8},"end":{"line":170,"column":30}},"64":{"start":{"line":171,"column":8},"end":{"line":171,"column":44}},"65":{"start":{"line":172,"column":8},"end":{"line":172,"column":25}},"66":{"start":{"line":173,"column":8},"end":{"line":173,"column":26}},"67":{"start":{"line":175,"column":8},"end":{"line":177,"column":9}},"68":{"start":{"line":176,"column":10},"end":{"line":176,"column":39}},"69":{"start":{"line":179,"column":8},"end":{"line":179,"column":44}},"70":{"start":{"line":180,"column":8},"end":{"line":180,"column":43}},"71":{"start":{"line":181,"column":8},"end":{"line":181,"column":20}},"72":{"start":{"line":184,"column":6},"end":{"line":184,"column":43}},"73":{"start":{"line":185,"column":6},"end":{"line":185,"column":59}},"74":{"start":{"line":187,"column":6},"end":{"line":193,"column":7}},"75":{"start":{"line":188,"column":8},"end":{"line":192,"column":9}},"76":{"start":{"line":189,"column":10},"end":{"line":189,"column":51}},"77":{"start":{"line":191,"column":10},"end":{"line":191,"column":42}},"78":{"start":{"line":194,"column":6},"end":{"line":194,"column":19}},"79":{"start":{"line":199,"column":4},"end":{"line":199,"column":54}},"80":{"start":{"line":199,"column":42},"end":{"line":199,"column":54}},"81":{"start":{"line":201,"column":25},"end":{"line":203,"column":35}},"82":{"start":{"line":202,"column":19},"end":{"line":202,"column":84}},"83":{"start":{"line":203,"column":16},"end":{"line":203,"column":34}},"84":{"start":{"line":205,"column":4},"end":{"line":205,"column":47}},"85":{"start":{"line":205,"column":35},"end":{"line":205,"column":47}},"86":{"start":{"line":207,"column":20},"end":{"line":207,"column":91}},"87":{"start":{"line":207,"column":55},"end":{"line":207,"column":65}},"88":{"start":{"line":208,"column":4},"end":{"line":208,"column":30}},"89":{"start":{"line":213,"column":4},"end":{"line":232,"column":5}},"90":{"start":{"line":214,"column":18},"end":{"line":214,"column":50}},"91":{"start":{"line":215,"column":23},"end":{"line":221,"column":8}},"92":{"start":{"line":223,"column":6},"end":{"line":225,"column":7}},"93":{"start":{"line":224,"column":8},"end":{"line":224,"column":66}},"94":{"start":{"line":227,"column":6},"end":{"line":227,"column":35}},"95":{"start":{"line":229,"column":6},"end":{"line":229,"column":50}},"96":{"start":{"line":230,"column":6},"end":{"line":230,"column":55}},"97":{"start":{"line":231,"column":6},"end":{"line":231,"column":18}},"98":{"start":{"line":236,"column":4},"end":{"line":239,"column":7}},"99":{"start":{"line":243,"column":4},"end":{"line":247,"column":7}},"100":{"start":{"line":251,"column":4},"end":{"line":255,"column":7}},"101":{"start":{"line":259,"column":4},"end":{"line":262,"column":7}},"102":{"start":{"line":266,"column":19},"end":{"line":266,"column":35}},"103":{"start":{"line":295,"column":4},"end":{"line":295,"column":14}}},"fnMap":{"0":{"name":"(anonymous_0)","decl":{"start":{"line":6,"column":2},"end":{"line":6,"column":3}},"loc":{"start":{"line":6,"column":16},"end":{"line":9,"column":3}},"line":6},"1":{"name":"(anonymous_1)","decl":{"start":{"line":11,"column":2},"end":{"line":11,"column":3}},"loc":{"start":{"line":11,"column":29},"end":{"line":13,"column":3}},"line":11},"2":{"name":"(anonymous_2)","decl":{"start":{"line":15,"column":2},"end":{"line":15,"column":3}},"loc":{"start":{"line":15,"column":42},"end":{"line":17,"column":3}},"line":15},"3":{"name":"(anonymous_3)","decl":{"start":{"line":19,"column":2},"end":{"line":19,"column":3}},"loc":{"start":{"line":19,"column":22},"end":{"line":21,"column":3}},"line":19},"4":{"name":"(anonymous_4)","decl":{"start":{"line":23,"column":2},"end":{"line":23,"column":3}},"loc":{"start":{"line":23,"column":37},"end":{"line":25,"column":3}},"line":23},"5":{"name":"(anonymous_5)","decl":{"start":{"line":27,"column":2},"end":{"line":27,"column":3}},"loc":{"start":{"line":27,"column":22},"end":{"line":29,"column":3}},"line":27},"6":{"name":"(anonymous_6)","decl":{"start":{"line":31,"column":2},"end":{"line":31,"column":3}},"loc":{"start":{"line":31,"column":30},"end":{"line":33,"column":3}},"line":31},"7":{"name":"(anonymous_7)","decl":{"start":{"line":35,"column":2},"end":{"line":35,"column":3}},"loc":{"start":{"line":35,"column":28},"end":{"line":37,"column":3}},"line":35},"8":{"name":"(anonymous_8)","decl":{"start":{"line":39,"column":2},"end":{"line":39,"column":3}},"loc":{"start":{"line":39,"column":29},"end":{"line":41,"column":3}},"line":39},"9":{"name":"(anonymous_9)","decl":{"start":{"line":43,"column":2},"end":{"line":43,"column":3}},"loc":{"start":{"line":43,"column":26},"end":{"line":45,"column":3}},"line":43},"10":{"name":"(anonymous_10)","decl":{"start":{"line":47,"column":2},"end":{"line":47,"column":3}},"loc":{"start":{"line":47,"column":22},"end":{"line":49,"column":3}},"line":47},"11":{"name":"(anonymous_11)","decl":{"start":{"line":51,"column":2},"end":{"line":51,"column":3}},"loc":{"start":{"line":51,"column":25},"end":{"line":53,"column":3}},"line":51},"12":{"name":"(anonymous_12)","decl":{"start":{"line":55,"column":2},"end":{"line":55,"column":3}},"loc":{"start":{"line":55,"column":30},"end":{"line":61,"column":3}},"line":55},"13":{"name":"(anonymous_13)","decl":{"start":{"line":63,"column":2},"end":{"line":63,"column":3}},"loc":{"start":{"line":63,"column":28},"end":{"line":65,"column":3}},"line":63},"14":{"name":"(anonymous_14)","decl":{"start":{"line":67,"column":2},"end":{"line":67,"column":3}},"loc":{"start":{"line":67,"column":30},"end":{"line":69,"column":3}},"line":67},"15":{"name":"(anonymous_15)","decl":{"start":{"line":71,"column":2},"end":{"line":71,"column":3}},"loc":{"start":{"line":71,"column":33},"end":{"line":73,"column":3}},"line":71},"16":{"name":"(anonymous_16)","decl":{"start":{"line":75,"column":2},"end":{"line":75,"column":3}},"loc":{"start":{"line":75,"column":30},"end":{"line":77,"column":3}},"line":75},"17":{"name":"(anonymous_17)","decl":{"start":{"line":80,"column":2},"end":{"line":80,"column":3}},"loc":{"start":{"line":80,"column":23},"end":{"line":82,"column":3}},"line":80},"18":{"name":"(anonymous_18)","decl":{"start":{"line":84,"column":2},"end":{"line":84,"column":3}},"loc":{"start":{"line":84,"column":33},"end":{"line":93,"column":3}},"line":84},"19":{"name":"(anonymous_19)","decl":{"start":{"line":95,"column":2},"end":{"line":95,"column":3}},"loc":{"start":{"line":95,"column":25},"end":{"line":103,"column":3}},"line":95},"20":{"name":"(anonymous_20)","decl":{"start":{"line":105,"column":2},"end":{"line":105,"column":3}},"loc":{"start":{"line":105,"column":27},"end":{"line":111,"column":3}},"line":105},"21":{"name":"(anonymous_21)","decl":{"start":{"line":113,"column":2},"end":{"line":113,"column":3}},"loc":{"start":{"line":113,"column":25},"end":{"line":122,"column":3}},"line":113},"22":{"name":"(anonymous_22)","decl":{"start":{"line":124,"column":2},"end":{"line":124,"column":3}},"loc":{"start":{"line":124,"column":16},"end":{"line":131,"column":3}},"line":124},"23":{"name":"(anonymous_23)","decl":{"start":{"line":133,"column":2},"end":{"line":133,"column":3}},"loc":{"start":{"line":133,"column":19},"end":{"line":139,"column":3}},"line":133},"24":{"name":"(anonymous_24)","decl":{"start":{"line":141,"column":2},"end":{"line":141,"column":3}},"loc":{"start":{"line":141,"column":33},"end":{"line":158,"column":3}},"line":141},"25":{"name":"(anonymous_25)","decl":{"start":{"line":160,"column":2},"end":{"line":160,"column":3}},"loc":{"start":{"line":160,"column":29},"end":{"line":196,"column":3}},"line":160},"26":{"name":"(anonymous_26)","decl":{"start":{"line":198,"column":2},"end":{"line":198,"column":3}},"loc":{"start":{"line":198,"column":34},"end":{"line":209,"column":3}},"line":198},"27":{"name":"(anonymous_27)","decl":{"start":{"line":202,"column":14},"end":{"line":202,"column":15}},"loc":{"start":{"line":202,"column":19},"end":{"line":202,"column":84}},"line":202},"28":{"name":"(anonymous_28)","decl":{"start":{"line":203,"column":11},"end":{"line":203,"column":12}},"loc":{"start":{"line":203,"column":16},"end":{"line":203,"column":34}},"line":203},"29":{"name":"(anonymous_29)","decl":{"start":{"line":207,"column":40},"end":{"line":207,"column":41}},"loc":{"start":{"line":207,"column":55},"end":{"line":207,"column":65}},"line":207},"30":{"name":"(anonymous_30)","decl":{"start":{"line":212,"column":2},"end":{"line":212,"column":3}},"loc":{"start":{"line":212,"column":44},"end":{"line":233,"column":3}},"line":212},"31":{"name":"(anonymous_31)","decl":{"start":{"line":235,"column":2},"end":{"line":235,"column":3}},"loc":{"start":{"line":235,"column":36},"end":{"line":240,"column":3}},"line":235},"32":{"name":"(anonymous_32)","decl":{"start":{"line":242,"column":2},"end":{"line":242,"column":3}},"loc":{"start":{"line":242,"column":48},"end":{"line":248,"column":3}},"line":242},"33":{"name":"(anonymous_33)","decl":{"start":{"line":250,"column":2},"end":{"line":250,"column":3}},"loc":{"start":{"line":250,"column":47},"end":{"line":256,"column":3}},"line":250},"34":{"name":"(anonymous_34)","decl":{"start":{"line":258,"column":2},"end":{"line":258,"column":3}},"loc":{"start":{"line":258,"column":39},"end":{"line":263,"column":3}},"line":258}},"branchMap":{"0":{"loc":{"start":{"line":8,"column":19},"end":{"line":8,"column":74}},"type":"binary-expr","locations":[{"start":{"line":8,"column":19},"end":{"line":8,"column":48}},{"start":{"line":8,"column":52},"end":{"line":8,"column":74}}],"line":8},"1":{"loc":{"start":{"line":15,"column":30},"end":{"line":15,"column":40}},"type":"default-arg","locations":[{"start":{"line":15,"column":38},"end":{"line":15,"column":40}}],"line":15},"2":{"loc":{"start":{"line":55,"column":13},"end":{"line":55,"column":28}},"type":"default-arg","locations":[{"start":{"line":55,"column":24},"end":{"line":55,"column":28}}],"line":55},"3":{"loc":{"start":{"line":56,"column":4},"end":{"line":60,"column":5}},"type":"if","locations":[{"start":{"line":56,"column":4},"end":{"line":60,"column":5}},{"start":{"line":58,"column":11},"end":{"line":60,"column":5}}],"line":56},"4":{"loc":{"start":{"line":98,"column":13},"end":{"line":98,"column":57}},"type":"cond-expr","locations":[{"start":{"line":98,"column":27},"end":{"line":98,"column":50}},{"start":{"line":98,"column":53},"end":{"line":98,"column":57}}],"line":98},"5":{"loc":{"start":{"line":145,"column":6},"end":{"line":151,"column":7}},"type":"if","locations":[{"start":{"line":145,"column":6},"end":{"line":151,"column":7}},{"start":{},"end":{}}],"line":145},"6":{"loc":{"start":{"line":148,"column":8},"end":{"line":150,"column":9}},"type":"if","locations":[{"start":{"line":148,"column":8},"end":{"line":150,"column":9}},{"start":{},"end":{}}],"line":148},"7":{"loc":{"start":{"line":148,"column":12},"end":{"line":148,"column":96}},"type":"binary-expr","locations":[{"start":{"line":148,"column":12},"end":{"line":148,"column":52}},{"start":{"line":148,"column":56},"end":{"line":148,"column":96}}],"line":148},"8":{"loc":{"start":{"line":164,"column":6},"end":{"line":182,"column":7}},"type":"if","locations":[{"start":{"line":164,"column":6},"end":{"line":182,"column":7}},{"start":{"line":168,"column":13},"end":{"line":182,"column":7}}],"line":164},"9":{"loc":{"start":{"line":164,"column":10},"end":{"line":164,"column":55}},"type":"binary-expr","locations":[{"start":{"line":164,"column":10},"end":{"line":164,"column":29}},{"start":{"line":164,"column":33},"end":{"line":164,"column":55}}],"line":164},"10":{"loc":{"start":{"line":175,"column":8},"end":{"line":177,"column":9}},"type":"if","locations":[{"start":{"line":175,"column":8},"end":{"line":177,"column":9}},{"start":{},"end":{}}],"line":175},"11":{"loc":{"start":{"line":187,"column":6},"end":{"line":193,"column":7}},"type":"if","locations":[{"start":{"line":187,"column":6},"end":{"line":193,"column":7}},{"start":{},"end":{}}],"line":187},"12":{"loc":{"start":{"line":187,"column":10},"end":{"line":187,"column":56}},"type":"binary-expr","locations":[{"start":{"line":187,"column":10},"end":{"line":187,"column":39}},{"start":{"line":187,"column":43},"end":{"line":187,"column":56}}],"line":187},"13":{"loc":{"start":{"line":199,"column":4},"end":{"line":199,"column":54}},"type":"if","locations":[{"start":{"line":199,"column":4},"end":{"line":199,"column":54}},{"start":{},"end":{}}],"line":199},"14":{"loc":{"start":{"line":199,"column":8},"end":{"line":199,"column":40}},"type":"binary-expr","locations":[{"start":{"line":199,"column":8},"end":{"line":199,"column":16}},{"start":{"line":199,"column":20},"end":{"line":199,"column":40}}],"line":199},"15":{"loc":{"start":{"line":202,"column":19},"end":{"line":202,"column":84}},"type":"binary-expr","locations":[{"start":{"line":202,"column":19},"end":{"line":202,"column":34}},{"start":{"line":202,"column":38},"end":{"line":202,"column":64}},{"start":{"line":202,"column":68},"end":{"line":202,"column":84}}],"line":202},"16":{"loc":{"start":{"line":205,"column":4},"end":{"line":205,"column":47}},"type":"if","locations":[{"start":{"line":205,"column":4},"end":{"line":205,"column":47}},{"start":{},"end":{}}],"line":205},"17":{"loc":{"start":{"line":212,"column":30},"end":{"line":212,"column":42}},"type":"default-arg","locations":[{"start":{"line":212,"column":40},"end":{"line":212,"column":42}}],"line":212},"18":{"loc":{"start":{"line":223,"column":6},"end":{"line":225,"column":7}},"type":"if","locations":[{"start":{"line":223,"column":6},"end":{"line":225,"column":7}},{"start":{},"end":{}}],"line":223},"19":{"loc":{"start":{"line":235,"column":22},"end":{"line":235,"column":34}},"type":"default-arg","locations":[{"start":{"line":235,"column":32},"end":{"line":235,"column":34}}],"line":235},"20":{"loc":{"start":{"line":242,"column":23},"end":{"line":242,"column":32}},"type":"default-arg","locations":[{"start":{"line":242,"column":30},"end":{"line":242,"column":32}}],"line":242},"21":{"loc":{"start":{"line":242,"column":34},"end":{"line":242,"column":46}},"type":"default-arg","locations":[{"start":{"line":242,"column":44},"end":{"line":242,"column":46}}],"line":242},"22":{"loc":{"start":{"line":250,"column":22},"end":{"line":250,"column":31}},"type":"default-arg","locations":[{"start":{"line":250,"column":29},"end":{"line":250,"column":31}}],"line":250},"23":{"loc":{"start":{"line":250,"column":33},"end":{"line":250,"column":45}},"type":"default-arg","locations":[{"start":{"line":250,"column":43},"end":{"line":250,"column":45}}],"line":250},"24":{"loc":{"start":{"line":258,"column":25},"end":{"line":258,"column":37}},"type":"default-arg","locations":[{"start":{"line":258,"column":35},"end":{"line":258,"column":37}}],"line":258}},"s":{"0":5,"1":5,"2":29,"3":2,"4":1,"5":3,"6":1,"7":24,"8":24,"9":15,"10":15,"11":1,"12":1,"13":2,"14":1,"15":1,"16":24,"17":24,"18":16,"19":16,"20":1,"21":6,"22":6,"23":6,"24":0,"25":0,"26":0,"27":25,"28":25,"29":25,"30":0,"31":0,"32":1,"33":1,"34":0,"35":9,"36":9,"37":8,"38":1,"39":1,"40":1,"41":82,"42":82,"43":0,"44":0,"45":1,"46":1,"47":0,"48":5,"49":5,"50":2,"51":0,"52":0,"53":0,"54":3,"55":5,"56":4,"57":4,"58":4,"59":4,"60":2,"61":2,"62":0,"63":0,"64":0,"65":0,"66":0,"67":0,"68":0,"69":0,"70":0,"71":0,"72":2,"73":2,"74":2,"75":2,"76":2,"77":0,"78":2,"79":5,"80":2,"81":3,"82":8,"83":3,"84":3,"85":2,"86":1,"87":3,"88":1,"89":6,"90":6,"91":6,"92":5,"93":1,"94":4,"95":2,"96":2,"97":2,"98":3,"99":1,"100":1,"101":1,"102":5,"103":5},"f":{"0":5,"1":29,"2":2,"3":1,"4":3,"5":1,"6":24,"7":24,"8":15,"9":15,"10":1,"11":1,"12":2,"13":24,"14":24,"15":16,"16":16,"17":1,"18":6,"19":25,"20":1,"21":9,"22":82,"23":1,"24":5,"25":4,"26":5,"27":8,"28":3,"29":3,"30":6,"31":3,"32":1,"33":1,"34":1},"b":{"0":[5,5],"1":[0],"2":[1],"3":[1,1],"4":[23,2],"5":[0,2],"6":[0,0],"7":[0,0],"8":[4,0],"9":[4,4],"10":[0,0],"11":[2,0],"12":[2,2],"13":[2,3],"14":[5,4],"15":[8,7,3],"16":[2,1],"17":[0],"18":[1,4],"19":[3],"20":[0],"21":[1],"22":[0],"23":[1],"24":[1]},"_coverageSchema":"1a1c01bbd47fc00a2c39e90264f33305004495a9","hash":"e29f2c2d09f39d8886649148be85e4dc7c0790fe"}
,"C:\\Planning-Poker\\planning-poker\\frontend\\src\\tests\\testHelpers.js": {"path":"C:\\Planning-Poker\\planning-poker\\frontend\\src\\tests\\testHelpers.js","statementMap":{"0":{"start":{"line":6,"column":32},"end":{"line":11,"column":1}},"1":{"start":{"line":14,"column":32},"end":{"line":18,"column":1}},"2":{"start":{"line":15,"column":2},"end":{"line":17,"column":4}},"3":{"start":{"line":21,"column":31},"end":{"line":23,"column":1}},"4":{"start":{"line":22,"column":2},"end":{"line":22,"column":27}},"5":{"start":{"line":26,"column":35},"end":{"line":28,"column":1}},"6":{"start":{"line":27,"column":2},"end":{"line":27,"column":27}},"7":{"start":{"line":31,"column":27},"end":{"line":33,"column":1}},"8":{"start":{"line":32,"column":2},"end":{"line":32,"column":32}},"9":{"start":{"line":36,"column":28},"end":{"line":36,"column":37}},"10":{"start":{"line":39,"column":32},"end":{"line":61,"column":1}},"11":{"start":{"line":40,"column":2},"end":{"line":43,"column":5}},"12":{"start":{"line":46,"column":2},"end":{"line":49,"column":6}},"13":{"start":{"line":46,"column":39},"end":{"line":49,"column":3}},"14":{"start":{"line":48,"column":23},"end":{"line":48,"column":35}},"15":{"start":{"line":52,"column":2},"end":{"line":54,"column":6}},"16":{"start":{"line":52,"column":27},"end":{"line":54,"column":3}},"17":{"start":{"line":53,"column":14},"end":{"line":53,"column":32}},"18":{"start":{"line":57,"column":2},"end":{"line":57,"column":27}},"19":{"start":{"line":60,"column":2},"end":{"line":60,"column":23}},"20":{"start":{"line":64,"column":29},"end":{"line":74,"column":1}},"21":{"start":{"line":65,"column":2},"end":{"line":65,"column":23}},"22":{"start":{"line":66,"column":2},"end":{"line":66,"column":27}},"23":{"start":{"line":67,"column":2},"end":{"line":67,"column":39}},"24":{"start":{"line":68,"column":2},"end":{"line":68,"column":39}},"25":{"start":{"line":69,"column":2},"end":{"line":69,"column":42}},"26":{"start":{"line":70,"column":2},"end":{"line":70,"column":37}},"27":{"start":{"line":71,"column":2},"end":{"line":73,"column":3}},"28":{"start":{"line":72,"column":4},"end":{"line":72,"column":29}}},"fnMap":{"0":{"name":"(anonymous_0)","decl":{"start":{"line":14,"column":32},"end":{"line":14,"column":33}},"loc":{"start":{"line":14,"column":80},"end":{"line":18,"column":1}},"line":14},"1":{"name":"(anonymous_1)","decl":{"start":{"line":21,"column":31},"end":{"line":21,"column":32}},"loc":{"start":{"line":21,"column":46},"end":{"line":23,"column":1}},"line":21},"2":{"name":"(anonymous_2)","decl":{"start":{"line":26,"column":35},"end":{"line":26,"column":36}},"loc":{"start":{"line":26,"column":50},"end":{"line":28,"column":1}},"line":26},"3":{"name":"(anonymous_3)","decl":{"start":{"line":31,"column":27},"end":{"line":31,"column":28}},"loc":{"start":{"line":31,"column":45},"end":{"line":33,"column":1}},"line":31},"4":{"name":"(anonymous_4)","decl":{"start":{"line":39,"column":32},"end":{"line":39,"column":33}},"loc":{"start":{"line":39,"column":38},"end":{"line":61,"column":1}},"line":39},"5":{"name":"(anonymous_5)","decl":{"start":{"line":46,"column":32},"end":{"line":46,"column":33}},"loc":{"start":{"line":46,"column":39},"end":{"line":49,"column":3}},"line":46},"6":{"name":"(anonymous_6)","decl":{"start":{"line":48,"column":17},"end":{"line":48,"column":18}},"loc":{"start":{"line":48,"column":23},"end":{"line":48,"column":35}},"line":48},"7":{"name":"(anonymous_7)","decl":{"start":{"line":52,"column":20},"end":{"line":52,"column":21}},"loc":{"start":{"line":52,"column":27},"end":{"line":54,"column":3}},"line":52},"8":{"name":"(anonymous_8)","decl":{"start":{"line":53,"column":8},"end":{"line":53,"column":9}},"loc":{"start":{"line":53,"column":14},"end":{"line":53,"column":32}},"line":53},"9":{"name":"(anonymous_9)","decl":{"start":{"line":64,"column":29},"end":{"line":64,"column":30}},"loc":{"start":{"line":64,"column":35},"end":{"line":74,"column":1}},"line":64}},"branchMap":{"0":{"loc":{"start":{"line":14,"column":44},"end":{"line":14,"column":75}},"type":"default-arg","locations":[{"start":{"line":14,"column":73},"end":{"line":14,"column":75}}],"line":14},"1":{"loc":{"start":{"line":14,"column":46},"end":{"line":14,"column":68}},"type":"default-arg","locations":[{"start":{"line":14,"column":63},"end":{"line":14,"column":68}}],"line":14},"2":{"loc":{"start":{"line":71,"column":2},"end":{"line":73,"column":3}},"type":"if","locations":[{"start":{"line":71,"column":2},"end":{"line":73,"column":3}},{"start":{},"end":{}}],"line":71}},"s":{"0":3,"1":3,"2":0,"3":3,"4":5,"5":3,"6":19,"7":3,"8":4,"9":3,"10":3,"11":0,"12":0,"13":0,"14":0,"15":0,"16":0,"17":0,"18":0,"19":0,"20":3,"21":0,"22":0,"23":0,"24":0,"25":0,"26":0,"27":0,"28":0},"f":{"0":0,"1":5,"2":19,"3":4,"4":0,"5":0,"6":0,"7":0,"8":0,"9":0},"b":{"0":[0],"1":[0],"2":[0,0]},"_coverageSchema":"1a1c01bbd47fc00a2c39e90264f33305004495a9","hash":"c19ac0063f6c437266e5eb49b657424f14e1475b"}
}
