{"C:\\Planning-Poker\\planning-poker-pro\\frontend\\src\\App.js": {"path":"C:\\Planning-Poker\\planning-poker-pro\\frontend\\src\\App.js","statementMap":{"0":{"start":{"line":12,"column":2},"end":{"line":26,"column":4}}},"fnMap":{"0":{"name":"App","decl":{"start":{"line":11,"column":9},"end":{"line":11,"column":12}},"loc":{"start":{"line":11,"column":15},"end":{"line":27,"column":1}},"line":11}},"branchMap":{},"s":{"0":3},"f":{"0":3},"b":{},"_coverageSchema":"1a1c01bbd47fc00a2c39e90264f33305004495a9","hash":"c62b5bbb24f73068210d6b9ec96cd0e5b1ddc4c6"}
,"C:\\Planning-Poker\\planning-poker-pro\\frontend\\src\\index.js": {"path":"C:\\Planning-Poker\\planning-poker-pro\\frontend\\src\\index.js","statementMap":{"0":{"start":{"line":6,"column":13},"end":{"line":6,"column":65}},"1":{"start":{"line":7,"column":0},"end":{"line":11,"column":2}}},"fnMap":{},"branchMap":{},"s":{"0":0,"1":0},"f":{},"b":{}}
,"C:\\Planning-Poker\\planning-poker-pro\\frontend\\src\\reportWebVitals.js": {"path":"C:\\Planning-Poker\\planning-poker-pro\\frontend\\src\\reportWebVitals.js","statementMap":{"0":{"start":{"line":1,"column":24},"end":{"line":11,"column":1}},"1":{"start":{"line":2,"column":2},"end":{"line":10,"column":3}},"2":{"start":{"line":3,"column":4},"end":{"line":9,"column":7}},"3":{"start":{"line":4,"column":6},"end":{"line":4,"column":26}},"4":{"start":{"line":5,"column":6},"end":{"line":5,"column":26}},"5":{"start":{"line":6,"column":6},"end":{"line":6,"column":26}},"6":{"start":{"line":7,"column":6},"end":{"line":7,"column":26}},"7":{"start":{"line":8,"column":6},"end":{"line":8,"column":27}}},"fnMap":{"0":{"name":"(anonymous_0)","decl":{"start":{"line":1,"column":24},"end":{"line":1,"column":25}},"loc":{"start":{"line":1,"column":39},"end":{"line":11,"column":1}},"line":1},"1":{"name":"(anonymous_1)","decl":{"start":{"line":3,"column":30},"end":{"line":3,"column":31}},"loc":{"start":{"line":3,"column":79},"end":{"line":9,"column":5}},"line":3}},"branchMap":{"0":{"loc":{"start":{"line":2,"column":2},"end":{"line":10,"column":3}},"type":"if","locations":[{"start":{"line":2,"column":2},"end":{"line":10,"column":3}},{"start":{},"end":{}}],"line":2},"1":{"loc":{"start":{"line":2,"column":6},"end":{"line":2,"column":52}},"type":"binary-expr","locations":[{"start":{"line":2,"column":6},"end":{"line":2,"column":17}},{"start":{"line":2,"column":21},"end":{"line":2,"column":52}}],"line":2}},"s":{"0":0,"1":0,"2":0,"3":0,"4":0,"5":0,"6":0,"7":0},"f":{"0":0,"1":0},"b":{"0":[0,0],"1":[0,0]}}
,"C:\\Planning-Poker\\planning-poker-pro\\frontend\\src\\socket.js": {"path":"C:\\Planning-Poker\\planning-poker-pro\\frontend\\src\\socket.js","statementMap":{"0":{"start":{"line":4,"column":15},"end":{"line":7,"column":2}}},"fnMap":{},"branchMap":{},"s":{"0":0},"f":{},"b":{}}
,"C:\\Planning-Poker\\planning-poker-pro\\frontend\\src\\components\\DarkModeBtn.js": {"path":"C:\\Planning-Poker\\planning-poker-pro\\frontend\\src\\components\\DarkModeBtn.js","statementMap":{"0":{"start":{"line":4,"column":41},"end":{"line":4,"column":54}},"1":{"start":{"line":6,"column":2},"end":{"line":50,"column":3}}},"fnMap":{"0":{"name":"DarkModeBtn","decl":{"start":{"line":3,"column":9},"end":{"line":3,"column":20}},"loc":{"start":{"line":3,"column":23},"end":{"line":51,"column":1}},"line":3}},"branchMap":{"0":{"loc":{"start":{"line":15,"column":16},"end":{"line":15,"column":67}},"type":"cond-expr","locations":[{"start":{"line":15,"column":29},"end":{"line":15,"column":48}},{"start":{"line":15,"column":51},"end":{"line":15,"column":67}}],"line":15},"1":{"loc":{"start":{"line":16,"column":20},"end":{"line":16,"column":54}},"type":"cond-expr","locations":[{"start":{"line":16,"column":33},"end":{"line":16,"column":42}},{"start":{"line":16,"column":45},"end":{"line":16,"column":54}}],"line":16},"2":{"loc":{"start":{"line":17,"column":19},"end":{"line":19,"column":43}},"type":"cond-expr","locations":[{"start":{"line":18,"column":12},"end":{"line":18,"column":48}},{"start":{"line":19,"column":12},"end":{"line":19,"column":43}}],"line":17},"3":{"loc":{"start":{"line":39,"column":17},"end":{"line":39,"column":51}},"type":"cond-expr","locations":[{"start":{"line":39,"column":30},"end":{"line":39,"column":39}},{"start":{"line":39,"column":42},"end":{"line":39,"column":51}}],"line":39},"4":{"loc":{"start":{"line":43,"column":9},"end":{"line":47,"column":9}},"type":"cond-expr","locations":[{"start":{"line":44,"column":10},"end":{"line":44,"column":111}},{"start":{"line":46,"column":10},"end":{"line":46,"column":81}}],"line":43}},"s":{"0":181,"1":181},"f":{"0":181},"b":{"0":[1,180],"1":[1,180],"2":[1,180],"3":[1,180],"4":[180,1]},"_coverageSchema":"1a1c01bbd47fc00a2c39e90264f33305004495a9","hash":"1b5b44a5c6888989dfc3f96816ddf2832804d7ba"}
,"C:\\Planning-Poker\\planning-poker-pro\\frontend\\src\\components\\Navbar.js": {"path":"C:\\Planning-Poker\\planning-poker-pro\\frontend\\src\\components\\Navbar.js","statementMap":{"0":{"start":{"line":6,"column":2},"end":{"line":16,"column":4}}},"fnMap":{"0":{"name":"Navbar","decl":{"start":{"line":5,"column":24},"end":{"line":5,"column":30}},"loc":{"start":{"line":5,"column":33},"end":{"line":17,"column":1}},"line":5}},"branchMap":{},"s":{"0":179},"f":{"0":179},"b":{},"_coverageSchema":"1a1c01bbd47fc00a2c39e90264f33305004495a9","hash":"6f6e0260d96820dc0ff049810807980e15f15956"}
,"C:\\Planning-Poker\\planning-poker-pro\\frontend\\src\\components\\UsersList.js": {"path":"C:\\Planning-Poker\\planning-poker-pro\\frontend\\src\\components\\UsersList.js","statementMap":{"0":{"start":{"line":5,"column":4},"end":{"line":59,"column":6}},"1":{"start":{"line":16,"column":41},"end":{"line":16,"column":111}},"2":{"start":{"line":17,"column":46},"end":{"line":17,"column":81}},"3":{"start":{"line":19,"column":24},"end":{"line":54,"column":26}}},"fnMap":{"0":{"name":"UsersList","decl":{"start":{"line":4,"column":24},"end":{"line":4,"column":33}},"loc":{"start":{"line":4,"column":75},"end":{"line":60,"column":1}},"line":4},"1":{"name":"(anonymous_1)","decl":{"start":{"line":15,"column":33},"end":{"line":15,"column":34}},"loc":{"start":{"line":15,"column":52},"end":{"line":55,"column":21}},"line":15}},"branchMap":{"0":{"loc":{"start":{"line":16,"column":41},"end":{"line":16,"column":111}},"type":"binary-expr","locations":[{"start":{"line":16,"column":41},"end":{"line":16,"column":56}},{"start":{"line":16,"column":61},"end":{"line":16,"column":81}},{"start":{"line":16,"column":85},"end":{"line":16,"column":110}}],"line":16},"1":{"loc":{"start":{"line":22,"column":56},"end":{"line":22,"column":91}},"type":"cond-expr","locations":[{"start":{"line":22,"column":72},"end":{"line":22,"column":86}},{"start":{"line":22,"column":89},"end":{"line":22,"column":91}}],"line":22},"2":{"loc":{"start":{"line":26,"column":67},"end":{"line":26,"column":102}},"type":"cond-expr","locations":[{"start":{"line":26,"column":83},"end":{"line":26,"column":97}},{"start":{"line":26,"column":100},"end":{"line":26,"column":102}}],"line":26},"3":{"loc":{"start":{"line":32,"column":69},"end":{"line":32,"column":104}},"type":"cond-expr","locations":[{"start":{"line":32,"column":85},"end":{"line":32,"column":99}},{"start":{"line":32,"column":102},"end":{"line":32,"column":104}}],"line":32},"4":{"loc":{"start":{"line":34,"column":45},"end":{"line":34,"column":107}},"type":"binary-expr","locations":[{"start":{"line":34,"column":45},"end":{"line":34,"column":58}},{"start":{"line":34,"column":62},"end":{"line":34,"column":107}}],"line":34},"5":{"loc":{"start":{"line":41,"column":37},"end":{"line":45,"column":37}},"type":"binary-expr","locations":[{"start":{"line":41,"column":37},"end":{"line":41,"column":59}},{"start":{"line":42,"column":40},"end":{"line":44,"column":46}}],"line":41},"6":{"loc":{"start":{"line":42,"column":76},"end":{"line":42,"column":106}},"type":"cond-expr","locations":[{"start":{"line":42,"column":87},"end":{"line":42,"column":94}},{"start":{"line":42,"column":97},"end":{"line":42,"column":106}}],"line":42},"7":{"loc":{"start":{"line":43,"column":45},"end":{"line":43,"column":65}},"type":"cond-expr","locations":[{"start":{"line":43,"column":56},"end":{"line":43,"column":59}},{"start":{"line":43,"column":62},"end":{"line":43,"column":65}}],"line":43},"8":{"loc":{"start":{"line":47,"column":37},"end":{"line":51,"column":37}},"type":"binary-expr","locations":[{"start":{"line":47,"column":37},"end":{"line":47,"column":61}},{"start":{"line":47,"column":65},"end":{"line":47,"column":85}},{"start":{"line":47,"column":89},"end":{"line":47,"column":114}},{"start":{"line":48,"column":40},"end":{"line":50,"column":46}}],"line":47}},"s":{"0":12,"1":32,"2":32,"3":32},"f":{"0":12,"1":32},"b":{"0":[32,19,9],"1":[8,24],"2":[8,24],"3":[8,24],"4":[32,8],"5":[32,24],"6":[16,8],"7":[16,8],"8":[32,5,4,4]},"_coverageSchema":"1a1c01bbd47fc00a2c39e90264f33305004495a9","hash":"bade5d0795c2dd88447a859d4e8cc4ec4919fed3"}
,"C:\\Planning-Poker\\planning-poker-pro\\frontend\\src\\components\\VotingCards.js": {"path":"C:\\Planning-Poker\\planning-poker-pro\\frontend\\src\\components\\VotingCards.js","statementMap":{"0":{"start":{"line":5,"column":4},"end":{"line":34,"column":6}},"1":{"start":{"line":13,"column":39},"end":{"line":13,"column":60}},"2":{"start":{"line":14,"column":40},"end":{"line":14,"column":75}},"3":{"start":{"line":16,"column":20},"end":{"line":25,"column":22}},"4":{"start":{"line":19,"column":43},"end":{"line":19,"column":76}},"5":{"start":{"line":38,"column":4},"end":{"line":40,"column":5}},"6":{"start":{"line":39,"column":8},"end":{"line":39,"column":48}},"7":{"start":{"line":42,"column":4},"end":{"line":47,"column":5}},"8":{"start":{"line":43,"column":8},"end":{"line":45,"column":9}},"9":{"start":{"line":44,"column":12},"end":{"line":44,"column":51}},"10":{"start":{"line":46,"column":8},"end":{"line":46,"column":41}},"11":{"start":{"line":49,"column":4},"end":{"line":51,"column":5}},"12":{"start":{"line":50,"column":8},"end":{"line":50,"column":40}},"13":{"start":{"line":53,"column":4},"end":{"line":53,"column":14}}},"fnMap":{"0":{"name":"VotingCards","decl":{"start":{"line":4,"column":24},"end":{"line":4,"column":35}},"loc":{"start":{"line":4,"column":96},"end":{"line":35,"column":1}},"line":4},"1":{"name":"(anonymous_1)","decl":{"start":{"line":12,"column":27},"end":{"line":12,"column":28}},"loc":{"start":{"line":12,"column":44},"end":{"line":26,"column":17}},"line":12},"2":{"name":"(anonymous_2)","decl":{"start":{"line":19,"column":37},"end":{"line":19,"column":38}},"loc":{"start":{"line":19,"column":43},"end":{"line":19,"column":76}},"line":19},"3":{"name":"getStatusMessage","decl":{"start":{"line":37,"column":9},"end":{"line":37,"column":25}},"loc":{"start":{"line":37,"column":61},"end":{"line":54,"column":1}},"line":37}},"branchMap":{"0":{"loc":{"start":{"line":8,"column":17},"end":{"line":8,"column":79}},"type":"cond-expr","locations":[{"start":{"line":8,"column":42},"end":{"line":8,"column":58}},{"start":{"line":8,"column":61},"end":{"line":8,"column":79}}],"line":8},"1":{"loc":{"start":{"line":14,"column":40},"end":{"line":14,"column":75}},"type":"binary-expr","locations":[{"start":{"line":14,"column":40},"end":{"line":14,"column":49}},{"start":{"line":14,"column":53},"end":{"line":14,"column":75}}],"line":14},"2":{"loc":{"start":{"line":19,"column":43},"end":{"line":19,"column":76}},"type":"binary-expr","locations":[{"start":{"line":19,"column":43},"end":{"line":19,"column":54}},{"start":{"line":19,"column":58},"end":{"line":19,"column":76}}],"line":19},"3":{"loc":{"start":{"line":21,"column":54},"end":{"line":21,"column":82}},"type":"cond-expr","locations":[{"start":{"line":21,"column":67},"end":{"line":21,"column":77}},{"start":{"line":21,"column":80},"end":{"line":21,"column":82}}],"line":21},"4":{"loc":{"start":{"line":21,"column":86},"end":{"line":21,"column":112}},"type":"cond-expr","locations":[{"start":{"line":21,"column":97},"end":{"line":21,"column":107}},{"start":{"line":21,"column":110},"end":{"line":21,"column":112}}],"line":21},"5":{"loc":{"start":{"line":21,"column":116},"end":{"line":21,"column":146}},"type":"cond-expr","locations":[{"start":{"line":21,"column":130},"end":{"line":21,"column":141}},{"start":{"line":21,"column":144},"end":{"line":21,"column":146}}],"line":21},"6":{"loc":{"start":{"line":23,"column":29},"end":{"line":23,"column":75}},"type":"cond-expr","locations":[{"start":{"line":23,"column":44},"end":{"line":23,"column":47}},{"start":{"line":23,"column":50},"end":{"line":23,"column":75}}],"line":23},"7":{"loc":{"start":{"line":23,"column":50},"end":{"line":23,"column":75}},"type":"cond-expr","locations":[{"start":{"line":23,"column":65},"end":{"line":23,"column":68}},{"start":{"line":23,"column":71},"end":{"line":23,"column":75}}],"line":23},"8":{"loc":{"start":{"line":38,"column":4},"end":{"line":40,"column":5}},"type":"if","locations":[{"start":{"line":38,"column":4},"end":{"line":40,"column":5}},{"start":{},"end":{}}],"line":38},"9":{"loc":{"start":{"line":42,"column":4},"end":{"line":47,"column":5}},"type":"if","locations":[{"start":{"line":42,"column":4},"end":{"line":47,"column":5}},{"start":{},"end":{}}],"line":42},"10":{"loc":{"start":{"line":43,"column":8},"end":{"line":45,"column":9}},"type":"if","locations":[{"start":{"line":43,"column":8},"end":{"line":45,"column":9}},{"start":{},"end":{}}],"line":43},"11":{"loc":{"start":{"line":49,"column":4},"end":{"line":51,"column":5}},"type":"if","locations":[{"start":{"line":49,"column":4},"end":{"line":51,"column":5}},{"start":{},"end":{}}],"line":49}},"s":{"0":19,"1":159,"2":159,"3":159,"4":2,"5":19,"6":2,"7":17,"8":16,"9":2,"10":14,"11":1,"12":1,"13":0},"f":{"0":19,"1":159,"2":2,"3":19},"b":{"0":[16,3],"1":[159,132],"2":[2,1],"3":[2,157],"4":[27,132],"5":[105,54],"6":[1,158],"7":[18,140],"8":[2,17],"9":[16,1],"10":[2,14],"11":[1,0]},"_coverageSchema":"1a1c01bbd47fc00a2c39e90264f33305004495a9","hash":"4c1efaafd12b2111a8fe1be0664c903cf2b5e213"}
,"C:\\Planning-Poker\\planning-poker-pro\\frontend\\src\\contexts\\DarkModeContext.js": {"path":"C:\\Planning-Poker\\planning-poker-pro\\frontend\\src\\contexts\\DarkModeContext.js","statementMap":{"0":{"start":{"line":3,"column":24},"end":{"line":3,"column":39}},"1":{"start":{"line":5,"column":27},"end":{"line":11,"column":1}},"2":{"start":{"line":6,"column":20},"end":{"line":6,"column":47}},"3":{"start":{"line":7,"column":4},"end":{"line":9,"column":5}},"4":{"start":{"line":8,"column":8},"end":{"line":8,"column":78}},"5":{"start":{"line":10,"column":4},"end":{"line":10,"column":19}},"6":{"start":{"line":13,"column":32},"end":{"line":46,"column":1}},"7":{"start":{"line":14,"column":40},"end":{"line":18,"column":6}},"8":{"start":{"line":16,"column":22},"end":{"line":16,"column":54}},"9":{"start":{"line":17,"column":8},"end":{"line":17,"column":32}},"10":{"start":{"line":20,"column":4},"end":{"line":30,"column":21}},"11":{"start":{"line":22,"column":8},"end":{"line":22,"column":53}},"12":{"start":{"line":25,"column":8},"end":{"line":29,"column":9}},"13":{"start":{"line":26,"column":12},"end":{"line":26,"column":64}},"14":{"start":{"line":28,"column":12},"end":{"line":28,"column":67}},"15":{"start":{"line":32,"column":27},"end":{"line":34,"column":5}},"16":{"start":{"line":33,"column":8},"end":{"line":33,"column":37}},"17":{"start":{"line":33,"column":30},"end":{"line":33,"column":35}},"18":{"start":{"line":36,"column":18},"end":{"line":39,"column":5}},"19":{"start":{"line":41,"column":4},"end":{"line":45,"column":6}}},"fnMap":{"0":{"name":"(anonymous_0)","decl":{"start":{"line":5,"column":27},"end":{"line":5,"column":28}},"loc":{"start":{"line":5,"column":33},"end":{"line":11,"column":1}},"line":5},"1":{"name":"(anonymous_1)","decl":{"start":{"line":13,"column":32},"end":{"line":13,"column":33}},"loc":{"start":{"line":13,"column":50},"end":{"line":46,"column":1}},"line":13},"2":{"name":"(anonymous_2)","decl":{"start":{"line":14,"column":49},"end":{"line":14,"column":50}},"loc":{"start":{"line":14,"column":55},"end":{"line":18,"column":5}},"line":14},"3":{"name":"(anonymous_3)","decl":{"start":{"line":20,"column":14},"end":{"line":20,"column":15}},"loc":{"start":{"line":20,"column":20},"end":{"line":30,"column":5}},"line":20},"4":{"name":"(anonymous_4)","decl":{"start":{"line":32,"column":27},"end":{"line":32,"column":28}},"loc":{"start":{"line":32,"column":33},"end":{"line":34,"column":5}},"line":32},"5":{"name":"(anonymous_5)","decl":{"start":{"line":33,"column":22},"end":{"line":33,"column":23}},"loc":{"start":{"line":33,"column":30},"end":{"line":33,"column":35}},"line":33}},"branchMap":{"0":{"loc":{"start":{"line":7,"column":4},"end":{"line":9,"column":5}},"type":"if","locations":[{"start":{"line":7,"column":4},"end":{"line":9,"column":5}},{"start":{},"end":{}}],"line":7},"1":{"loc":{"start":{"line":25,"column":8},"end":{"line":29,"column":9}},"type":"if","locations":[{"start":{"line":25,"column":8},"end":{"line":29,"column":9}},{"start":{"line":27,"column":15},"end":{"line":29,"column":9}}],"line":25}},"s":{"0":4,"1":4,"2":185,"3":185,"4":2,"5":183,"6":4,"7":49,"8":47,"9":47,"10":49,"11":49,"12":49,"13":3,"14":46,"15":49,"16":2,"17":2,"18":49,"19":49},"f":{"0":185,"1":49,"2":47,"3":49,"4":2,"5":2},"b":{"0":[2,183],"1":[3,46]},"_coverageSchema":"1a1c01bbd47fc00a2c39e90264f33305004495a9","hash":"d771bf936c22c96beede7d238d4ffb9ac8394a45"}
,"C:\\Planning-Poker\\planning-poker-pro\\frontend\\src\\pages\\CreateRoom.js": {"path":"C:\\Planning-Poker\\planning-poker-pro\\frontend\\src\\pages\\CreateRoom.js","statementMap":{"0":{"start":{"line":7,"column":19},"end":{"line":16,"column":1}},"1":{"start":{"line":19,"column":36},"end":{"line":19,"column":48}},"2":{"start":{"line":20,"column":44},"end":{"line":20,"column":65}},"3":{"start":{"line":21,"column":40},"end":{"line":21,"column":55}},"4":{"start":{"line":22,"column":21},"end":{"line":22,"column":34}},"5":{"start":{"line":24,"column":4},"end":{"line":30,"column":19}},"6":{"start":{"line":25,"column":25},"end":{"line":25,"column":57}},"7":{"start":{"line":26,"column":8},"end":{"line":29,"column":9}},"8":{"start":{"line":27,"column":12},"end":{"line":27,"column":26}},"9":{"start":{"line":28,"column":12},"end":{"line":28,"column":19}},"10":{"start":{"line":32,"column":29},"end":{"line":57,"column":5}},"11":{"start":{"line":33,"column":8},"end":{"line":36,"column":9}},"12":{"start":{"line":34,"column":12},"end":{"line":34,"column":46}},"13":{"start":{"line":35,"column":12},"end":{"line":35,"column":19}},"14":{"start":{"line":38,"column":8},"end":{"line":38,"column":28}},"15":{"start":{"line":41,"column":23},"end":{"line":41,"column":43}},"16":{"start":{"line":42,"column":25},"end":{"line":42,"column":57}},"17":{"start":{"line":45,"column":8},"end":{"line":51,"column":12}},"18":{"start":{"line":54,"column":8},"end":{"line":56,"column":16}},"19":{"start":{"line":55,"column":12},"end":{"line":55,"column":40}},"20":{"start":{"line":59,"column":23},"end":{"line":61,"column":5}},"21":{"start":{"line":60,"column":8},"end":{"line":60,"column":22}},"22":{"start":{"line":63,"column":4},"end":{"line":150,"column":6}},"23":{"start":{"line":85,"column":41},"end":{"line":85,"column":68}},"24":{"start":{"line":86,"column":43},"end":{"line":86,"column":82}},"25":{"start":{"line":100,"column":24},"end":{"line":128,"column":30}},"26":{"start":{"line":103,"column":43},"end":{"line":103,"column":63}},"27":{"start":{"line":109,"column":52},"end":{"line":109,"column":72}},"28":{"start":{"line":120,"column":36},"end":{"line":125,"column":43}}},"fnMap":{"0":{"name":"CreateRoom","decl":{"start":{"line":18,"column":24},"end":{"line":18,"column":34}},"loc":{"start":{"line":18,"column":37},"end":{"line":151,"column":1}},"line":18},"1":{"name":"(anonymous_1)","decl":{"start":{"line":24,"column":14},"end":{"line":24,"column":15}},"loc":{"start":{"line":24,"column":20},"end":{"line":30,"column":5}},"line":24},"2":{"name":"(anonymous_2)","decl":{"start":{"line":32,"column":29},"end":{"line":32,"column":30}},"loc":{"start":{"line":32,"column":41},"end":{"line":57,"column":5}},"line":32},"3":{"name":"(anonymous_3)","decl":{"start":{"line":54,"column":19},"end":{"line":54,"column":20}},"loc":{"start":{"line":54,"column":25},"end":{"line":56,"column":9}},"line":54},"4":{"name":"(anonymous_4)","decl":{"start":{"line":59,"column":23},"end":{"line":59,"column":24}},"loc":{"start":{"line":59,"column":29},"end":{"line":61,"column":5}},"line":59},"5":{"name":"(anonymous_5)","decl":{"start":{"line":85,"column":34},"end":{"line":85,"column":35}},"loc":{"start":{"line":85,"column":41},"end":{"line":85,"column":68}},"line":85},"6":{"name":"(anonymous_6)","decl":{"start":{"line":86,"column":36},"end":{"line":86,"column":37}},"loc":{"start":{"line":86,"column":43},"end":{"line":86,"column":82}},"line":86},"7":{"name":"(anonymous_7)","decl":{"start":{"line":99,"column":52},"end":{"line":99,"column":53}},"loc":{"start":{"line":100,"column":24},"end":{"line":128,"column":30}},"line":100},"8":{"name":"(anonymous_8)","decl":{"start":{"line":103,"column":37},"end":{"line":103,"column":38}},"loc":{"start":{"line":103,"column":43},"end":{"line":103,"column":63}},"line":103},"9":{"name":"(anonymous_9)","decl":{"start":{"line":109,"column":46},"end":{"line":109,"column":47}},"loc":{"start":{"line":109,"column":52},"end":{"line":109,"column":72}},"line":109},"10":{"name":"(anonymous_10)","decl":{"start":{"line":119,"column":48},"end":{"line":119,"column":49}},"loc":{"start":{"line":120,"column":36},"end":{"line":125,"column":43}},"line":120}},"branchMap":{"0":{"loc":{"start":{"line":26,"column":8},"end":{"line":29,"column":9}},"type":"if","locations":[{"start":{"line":26,"column":8},"end":{"line":29,"column":9}},{"start":{},"end":{}}],"line":26},"1":{"loc":{"start":{"line":33,"column":8},"end":{"line":36,"column":9}},"type":"if","locations":[{"start":{"line":33,"column":8},"end":{"line":36,"column":9}},{"start":{},"end":{}}],"line":33},"2":{"loc":{"start":{"line":86,"column":43},"end":{"line":86,"column":82}},"type":"binary-expr","locations":[{"start":{"line":86,"column":43},"end":{"line":86,"column":60}},{"start":{"line":86,"column":64},"end":{"line":86,"column":82}}],"line":86},"3":{"loc":{"start":{"line":102,"column":54},"end":{"line":102,"column":92}},"type":"cond-expr","locations":[{"start":{"line":102,"column":77},"end":{"line":102,"column":87}},{"start":{"line":102,"column":90},"end":{"line":102,"column":92}}],"line":102},"4":{"loc":{"start":{"line":113,"column":71},"end":{"line":113,"column":109}},"type":"cond-expr","locations":[{"start":{"line":113,"column":94},"end":{"line":113,"column":104}},{"start":{"line":113,"column":107},"end":{"line":113,"column":109}}],"line":113},"5":{"loc":{"start":{"line":122,"column":64},"end":{"line":122,"column":102}},"type":"cond-expr","locations":[{"start":{"line":122,"column":87},"end":{"line":122,"column":97}},{"start":{"line":122,"column":100},"end":{"line":122,"column":102}}],"line":122},"6":{"loc":{"start":{"line":142,"column":34},"end":{"line":142,"column":70}},"type":"binary-expr","locations":[{"start":{"line":142,"column":34},"end":{"line":142,"column":44}},{"start":{"line":142,"column":48},"end":{"line":142,"column":70}}],"line":142},"7":{"loc":{"start":{"line":145,"column":25},"end":{"line":145,"column":67}},"type":"cond-expr","locations":[{"start":{"line":145,"column":38},"end":{"line":145,"column":51}},{"start":{"line":145,"column":54},"end":{"line":145,"column":67}}],"line":145}},"s":{"0":1,"1":103,"2":103,"3":103,"4":103,"5":103,"6":20,"7":20,"8":1,"9":1,"10":103,"11":5,"12":0,"13":0,"14":5,"15":5,"16":5,"17":5,"18":5,"19":5,"20":103,"21":1,"22":103,"23":76,"24":1,"25":206,"26":2,"27":2,"28":2060},"f":{"0":103,"1":20,"2":5,"3":5,"4":1,"5":76,"6":1,"7":206,"8":2,"9":2,"10":2060},"b":{"0":[1,19],"1":[0,5],"2":[1,1],"3":[103,103],"4":[103,103],"5":[1030,1030],"6":[103,98],"7":[5,98]},"_coverageSchema":"1a1c01bbd47fc00a2c39e90264f33305004495a9","hash":"d5b2a341f89b9d651cd270223cc974ce61a31be4"}
,"C:\\Planning-Poker\\planning-poker-pro\\frontend\\src\\pages\\GamePage.js": {"path":"C:\\Planning-Poker\\planning-poker-pro\\frontend\\src\\pages\\GamePage.js","statementMap":{"0":{"start":{"line":11,"column":21},"end":{"line":11,"column":32}},"1":{"start":{"line":12,"column":19},"end":{"line":12,"column":32}},"2":{"start":{"line":13,"column":36},"end":{"line":19,"column":4}},"3":{"start":{"line":20,"column":26},"end":{"line":20,"column":40}},"4":{"start":{"line":21,"column":38},"end":{"line":21,"column":52}},"5":{"start":{"line":22,"column":38},"end":{"line":22,"column":50}},"6":{"start":{"line":25,"column":23},"end":{"line":25,"column":58}},"7":{"start":{"line":26,"column":19},"end":{"line":26,"column":51}},"8":{"start":{"line":28,"column":2},"end":{"line":56,"column":35}},"9":{"start":{"line":29,"column":4},"end":{"line":32,"column":5}},"10":{"start":{"line":30,"column":6},"end":{"line":30,"column":39}},"11":{"start":{"line":31,"column":6},"end":{"line":31,"column":13}},"12":{"start":{"line":35,"column":24},"end":{"line":35,"column":62}},"13":{"start":{"line":36,"column":4},"end":{"line":39,"column":5}},"14":{"start":{"line":37,"column":21},"end":{"line":37,"column":44}},"15":{"start":{"line":38,"column":6},"end":{"line":38,"column":28}},"16":{"start":{"line":42,"column":4},"end":{"line":42,"column":50}},"17":{"start":{"line":44,"column":4},"end":{"line":46,"column":7}},"18":{"start":{"line":45,"column":6},"end":{"line":45,"column":26}},"19":{"start":{"line":48,"column":4},"end":{"line":50,"column":7}},"20":{"start":{"line":49,"column":6},"end":{"line":49,"column":20}},"21":{"start":{"line":52,"column":4},"end":{"line":55,"column":6}},"22":{"start":{"line":53,"column":6},"end":{"line":53,"column":36}},"23":{"start":{"line":54,"column":6},"end":{"line":54,"column":34}},"24":{"start":{"line":58,"column":25},"end":{"line":63,"column":3}},"25":{"start":{"line":59,"column":17},"end":{"line":59,"column":59}},"26":{"start":{"line":60,"column":4},"end":{"line":62,"column":55}},"27":{"start":{"line":61,"column":18},"end":{"line":61,"column":52}},"28":{"start":{"line":62,"column":19},"end":{"line":62,"column":53}},"29":{"start":{"line":65,"column":21},"end":{"line":68,"column":3}},"30":{"start":{"line":66,"column":4},"end":{"line":66,"column":17}},"31":{"start":{"line":67,"column":4},"end":{"line":67,"column":57}},"32":{"start":{"line":70,"column":23},"end":{"line":72,"column":3}},"33":{"start":{"line":71,"column":4},"end":{"line":71,"column":38}},"34":{"start":{"line":74,"column":24},"end":{"line":78,"column":3}},"35":{"start":{"line":75,"column":4},"end":{"line":75,"column":43}},"36":{"start":{"line":76,"column":4},"end":{"line":76,"column":18}},"37":{"start":{"line":77,"column":4},"end":{"line":77,"column":22}},"38":{"start":{"line":80,"column":26},"end":{"line":84,"column":3}},"39":{"start":{"line":82,"column":4},"end":{"line":82,"column":70}},"40":{"start":{"line":83,"column":4},"end":{"line":83,"column":22}},"41":{"start":{"line":86,"column":19},"end":{"line":86,"column":93}},"42":{"start":{"line":86,"column":82},"end":{"line":86,"column":92}},"43":{"start":{"line":87,"column":20},"end":{"line":87,"column":50}},"44":{"start":{"line":90,"column":25},"end":{"line":90,"column":69}},"45":{"start":{"line":93,"column":25},"end":{"line":93,"column":34}},"46":{"start":{"line":94,"column":2},"end":{"line":98,"column":3}},"47":{"start":{"line":95,"column":4},"end":{"line":95,"column":32}},"48":{"start":{"line":96,"column":9},"end":{"line":98,"column":3}},"49":{"start":{"line":97,"column":4},"end":{"line":97,"column":34}},"50":{"start":{"line":101,"column":27},"end":{"line":112,"column":3}},"51":{"start":{"line":102,"column":4},"end":{"line":102,"column":63}},"52":{"start":{"line":102,"column":51},"end":{"line":102,"column":63}},"53":{"start":{"line":104,"column":25},"end":{"line":106,"column":35}},"54":{"start":{"line":105,"column":19},"end":{"line":105,"column":84}},"55":{"start":{"line":106,"column":16},"end":{"line":106,"column":34}},"56":{"start":{"line":108,"column":4},"end":{"line":108,"column":47}},"57":{"start":{"line":108,"column":35},"end":{"line":108,"column":47}},"58":{"start":{"line":110,"column":20},"end":{"line":110,"column":91}},"59":{"start":{"line":110,"column":55},"end":{"line":110,"column":65}},"60":{"start":{"line":111,"column":4},"end":{"line":111,"column":30}},"61":{"start":{"line":114,"column":24},"end":{"line":114,"column":42}},"62":{"start":{"line":116,"column":2},"end":{"line":326,"column":4}},"63":{"start":{"line":227,"column":39},"end":{"line":227,"column":68}},"64":{"start":{"line":244,"column":49},"end":{"line":244,"column":59}},"65":{"start":{"line":263,"column":20},"end":{"line":288,"column":26}}},"fnMap":{"0":{"name":"GamePage","decl":{"start":{"line":10,"column":24},"end":{"line":10,"column":32}},"loc":{"start":{"line":10,"column":35},"end":{"line":327,"column":1}},"line":10},"1":{"name":"(anonymous_1)","decl":{"start":{"line":28,"column":12},"end":{"line":28,"column":13}},"loc":{"start":{"line":28,"column":18},"end":{"line":56,"column":3}},"line":28},"2":{"name":"(anonymous_2)","decl":{"start":{"line":44,"column":33},"end":{"line":44,"column":34}},"loc":{"start":{"line":44,"column":44},"end":{"line":46,"column":5}},"line":44},"3":{"name":"(anonymous_3)","decl":{"start":{"line":48,"column":31},"end":{"line":48,"column":32}},"loc":{"start":{"line":48,"column":37},"end":{"line":50,"column":5}},"line":48},"4":{"name":"(anonymous_4)","decl":{"start":{"line":52,"column":11},"end":{"line":52,"column":12}},"loc":{"start":{"line":52,"column":17},"end":{"line":55,"column":5}},"line":52},"5":{"name":"(anonymous_5)","decl":{"start":{"line":58,"column":25},"end":{"line":58,"column":26}},"loc":{"start":{"line":58,"column":31},"end":{"line":63,"column":3}},"line":58},"6":{"name":"(anonymous_6)","decl":{"start":{"line":61,"column":12},"end":{"line":61,"column":13}},"loc":{"start":{"line":61,"column":18},"end":{"line":61,"column":52}},"line":61},"7":{"name":"(anonymous_7)","decl":{"start":{"line":62,"column":13},"end":{"line":62,"column":14}},"loc":{"start":{"line":62,"column":19},"end":{"line":62,"column":53}},"line":62},"8":{"name":"(anonymous_8)","decl":{"start":{"line":65,"column":21},"end":{"line":65,"column":22}},"loc":{"start":{"line":65,"column":30},"end":{"line":68,"column":3}},"line":65},"9":{"name":"(anonymous_9)","decl":{"start":{"line":70,"column":23},"end":{"line":70,"column":24}},"loc":{"start":{"line":70,"column":29},"end":{"line":72,"column":3}},"line":70},"10":{"name":"(anonymous_10)","decl":{"start":{"line":74,"column":24},"end":{"line":74,"column":25}},"loc":{"start":{"line":74,"column":30},"end":{"line":78,"column":3}},"line":74},"11":{"name":"(anonymous_11)","decl":{"start":{"line":80,"column":26},"end":{"line":80,"column":27}},"loc":{"start":{"line":80,"column":32},"end":{"line":84,"column":3}},"line":80},"12":{"name":"(anonymous_12)","decl":{"start":{"line":86,"column":75},"end":{"line":86,"column":76}},"loc":{"start":{"line":86,"column":82},"end":{"line":86,"column":92}},"line":86},"13":{"name":"(anonymous_13)","decl":{"start":{"line":101,"column":27},"end":{"line":101,"column":28}},"loc":{"start":{"line":101,"column":33},"end":{"line":112,"column":3}},"line":101},"14":{"name":"(anonymous_14)","decl":{"start":{"line":105,"column":14},"end":{"line":105,"column":15}},"loc":{"start":{"line":105,"column":19},"end":{"line":105,"column":84}},"line":105},"15":{"name":"(anonymous_15)","decl":{"start":{"line":106,"column":11},"end":{"line":106,"column":12}},"loc":{"start":{"line":106,"column":16},"end":{"line":106,"column":34}},"line":106},"16":{"name":"(anonymous_16)","decl":{"start":{"line":110,"column":40},"end":{"line":110,"column":41}},"loc":{"start":{"line":110,"column":55},"end":{"line":110,"column":65}},"line":110},"17":{"name":"(anonymous_17)","decl":{"start":{"line":227,"column":32},"end":{"line":227,"column":33}},"loc":{"start":{"line":227,"column":39},"end":{"line":227,"column":68}},"line":227},"18":{"name":"(anonymous_18)","decl":{"start":{"line":244,"column":44},"end":{"line":244,"column":45}},"loc":{"start":{"line":244,"column":49},"end":{"line":244,"column":59}},"line":244},"19":{"name":"(anonymous_19)","decl":{"start":{"line":262,"column":41},"end":{"line":262,"column":42}},"loc":{"start":{"line":263,"column":20},"end":{"line":288,"column":26}},"line":263}},"branchMap":{"0":{"loc":{"start":{"line":29,"column":4},"end":{"line":32,"column":5}},"type":"if","locations":[{"start":{"line":29,"column":4},"end":{"line":32,"column":5}},{"start":{},"end":{}}],"line":29},"1":{"loc":{"start":{"line":36,"column":4},"end":{"line":39,"column":5}},"type":"if","locations":[{"start":{"line":36,"column":4},"end":{"line":39,"column":5}},{"start":{},"end":{}}],"line":36},"2":{"loc":{"start":{"line":86,"column":19},"end":{"line":86,"column":93}},"type":"binary-expr","locations":[{"start":{"line":86,"column":19},"end":{"line":86,"column":47}},{"start":{"line":86,"column":51},"end":{"line":86,"column":93}}],"line":86},"3":{"loc":{"start":{"line":90,"column":25},"end":{"line":90,"column":69}},"type":"cond-expr","locations":[{"start":{"line":90,"column":38},"end":{"line":90,"column":54}},{"start":{"line":90,"column":57},"end":{"line":90,"column":69}}],"line":90},"4":{"loc":{"start":{"line":94,"column":2},"end":{"line":98,"column":3}},"type":"if","locations":[{"start":{"line":94,"column":2},"end":{"line":98,"column":3}},{"start":{"line":96,"column":9},"end":{"line":98,"column":3}}],"line":94},"5":{"loc":{"start":{"line":94,"column":6},"end":{"line":94,"column":46}},"type":"binary-expr","locations":[{"start":{"line":94,"column":6},"end":{"line":94,"column":23}},{"start":{"line":94,"column":27},"end":{"line":94,"column":46}}],"line":94},"6":{"loc":{"start":{"line":96,"column":9},"end":{"line":98,"column":3}},"type":"if","locations":[{"start":{"line":96,"column":9},"end":{"line":98,"column":3}},{"start":{},"end":{}}],"line":96},"7":{"loc":{"start":{"line":102,"column":4},"end":{"line":102,"column":63}},"type":"if","locations":[{"start":{"line":102,"column":4},"end":{"line":102,"column":63}},{"start":{},"end":{}}],"line":102},"8":{"loc":{"start":{"line":102,"column":8},"end":{"line":102,"column":49}},"type":"binary-expr","locations":[{"start":{"line":102,"column":8},"end":{"line":102,"column":27}},{"start":{"line":102,"column":31},"end":{"line":102,"column":49}}],"line":102},"9":{"loc":{"start":{"line":105,"column":19},"end":{"line":105,"column":84}},"type":"binary-expr","locations":[{"start":{"line":105,"column":19},"end":{"line":105,"column":34}},{"start":{"line":105,"column":38},"end":{"line":105,"column":64}},{"start":{"line":105,"column":68},"end":{"line":105,"column":84}}],"line":105},"10":{"loc":{"start":{"line":108,"column":4},"end":{"line":108,"column":47}},"type":"if","locations":[{"start":{"line":108,"column":4},"end":{"line":108,"column":47}},{"start":{},"end":{}}],"line":108},"11":{"loc":{"start":{"line":128,"column":13},"end":{"line":128,"column":62}},"type":"cond-expr","locations":[{"start":{"line":128,"column":26},"end":{"line":128,"column":41}},{"start":{"line":128,"column":44},"end":{"line":128,"column":62}}],"line":128},"12":{"loc":{"start":{"line":136,"column":13},"end":{"line":142,"column":13}},"type":"binary-expr","locations":[{"start":{"line":136,"column":13},"end":{"line":136,"column":23}},{"start":{"line":137,"column":14},"end":{"line":141,"column":21}}],"line":136},"13":{"loc":{"start":{"line":154,"column":11},"end":{"line":183,"column":11}},"type":"binary-expr","locations":[{"start":{"line":154,"column":11},"end":{"line":154,"column":20}},{"start":{"line":155,"column":12},"end":{"line":182,"column":15}}],"line":154},"14":{"loc":{"start":{"line":156,"column":15},"end":{"line":163,"column":15}},"type":"binary-expr","locations":[{"start":{"line":156,"column":15},"end":{"line":156,"column":33}},{"start":{"line":156,"column":37},"end":{"line":156,"column":66}},{"start":{"line":157,"column":16},"end":{"line":162,"column":25}}],"line":156},"15":{"loc":{"start":{"line":165,"column":15},"end":{"line":172,"column":15}},"type":"binary-expr","locations":[{"start":{"line":165,"column":15},"end":{"line":165,"column":32}},{"start":{"line":165,"column":36},"end":{"line":165,"column":55}},{"start":{"line":165,"column":59},"end":{"line":165,"column":67}},{"start":{"line":166,"column":16},"end":{"line":171,"column":25}}],"line":165},"16":{"loc":{"start":{"line":174,"column":15},"end":{"line":181,"column":15}},"type":"binary-expr","locations":[{"start":{"line":174,"column":15},"end":{"line":174,"column":33}},{"start":{"line":175,"column":16},"end":{"line":180,"column":25}}],"line":174},"17":{"loc":{"start":{"line":196,"column":15},"end":{"line":196,"column":67}},"type":"binary-expr","locations":[{"start":{"line":196,"column":15},"end":{"line":196,"column":45}},{"start":{"line":196,"column":49},"end":{"line":196,"column":67}}],"line":196},"18":{"loc":{"start":{"line":197,"column":15},"end":{"line":197,"column":68}},"type":"binary-expr","locations":[{"start":{"line":197,"column":15},"end":{"line":197,"column":44}},{"start":{"line":197,"column":48},"end":{"line":197,"column":68}}],"line":197},"19":{"loc":{"start":{"line":198,"column":15},"end":{"line":198,"column":59}},"type":"binary-expr","locations":[{"start":{"line":198,"column":15},"end":{"line":198,"column":46}},{"start":{"line":198,"column":50},"end":{"line":198,"column":59}}],"line":198},"20":{"loc":{"start":{"line":202,"column":13},"end":{"line":210,"column":13}},"type":"binary-expr","locations":[{"start":{"line":202,"column":13},"end":{"line":202,"column":35}},{"start":{"line":203,"column":14},"end":{"line":209,"column":20}}],"line":202},"21":{"loc":{"start":{"line":212,"column":13},"end":{"line":239,"column":13}},"type":"binary-expr","locations":[{"start":{"line":212,"column":13},"end":{"line":212,"column":43}},{"start":{"line":213,"column":14},"end":{"line":238,"column":20}}],"line":212},"22":{"loc":{"start":{"line":215,"column":19},"end":{"line":217,"column":81}},"type":"cond-expr","locations":[{"start":{"line":216,"column":22},"end":{"line":216,"column":59}},{"start":{"line":217,"column":22},"end":{"line":217,"column":81}}],"line":215},"23":{"loc":{"start":{"line":221,"column":17},"end":{"line":231,"column":17}},"type":"binary-expr","locations":[{"start":{"line":221,"column":17},"end":{"line":221,"column":26}},{"start":{"line":221,"column":30},"end":{"line":221,"column":59}},{"start":{"line":222,"column":18},"end":{"line":230,"column":24}}],"line":221},"24":{"loc":{"start":{"line":233,"column":17},"end":{"line":237,"column":17}},"type":"binary-expr","locations":[{"start":{"line":233,"column":17},"end":{"line":233,"column":46}},{"start":{"line":233,"column":50},"end":{"line":233,"column":60}},{"start":{"line":234,"column":18},"end":{"line":236,"column":22}}],"line":233},"25":{"loc":{"start":{"line":241,"column":13},"end":{"line":252,"column":13}},"type":"binary-expr","locations":[{"start":{"line":241,"column":13},"end":{"line":241,"column":42}},{"start":{"line":242,"column":14},"end":{"line":251,"column":20}}],"line":241},"26":{"loc":{"start":{"line":246,"column":17},"end":{"line":250,"column":17}},"type":"binary-expr","locations":[{"start":{"line":246,"column":17},"end":{"line":246,"column":21}},{"start":{"line":247,"column":18},"end":{"line":249,"column":22}}],"line":246},"27":{"loc":{"start":{"line":254,"column":13},"end":{"line":301,"column":13}},"type":"binary-expr","locations":[{"start":{"line":254,"column":13},"end":{"line":254,"column":44}},{"start":{"line":255,"column":14},"end":{"line":300,"column":20}}],"line":254},"28":{"loc":{"start":{"line":265,"column":53},"end":{"line":265,"column":103}},"type":"cond-expr","locations":[{"start":{"line":265,"column":84},"end":{"line":265,"column":98}},{"start":{"line":265,"column":101},"end":{"line":265,"column":103}}],"line":265},"29":{"loc":{"start":{"line":269,"column":52},"end":{"line":269,"column":102}},"type":"cond-expr","locations":[{"start":{"line":269,"column":83},"end":{"line":269,"column":97}},{"start":{"line":269,"column":100},"end":{"line":269,"column":102}}],"line":269},"30":{"loc":{"start":{"line":276,"column":61},"end":{"line":276,"column":111}},"type":"cond-expr","locations":[{"start":{"line":276,"column":92},"end":{"line":276,"column":106}},{"start":{"line":276,"column":109},"end":{"line":276,"column":111}}],"line":276},"31":{"loc":{"start":{"line":279,"column":25},"end":{"line":281,"column":25}},"type":"binary-expr","locations":[{"start":{"line":279,"column":25},"end":{"line":279,"column":53}},{"start":{"line":280,"column":26},"end":{"line":280,"column":71}}],"line":279},"32":{"loc":{"start":{"line":286,"column":25},"end":{"line":286,"column":94}},"type":"cond-expr","locations":[{"start":{"line":286,"column":77},"end":{"line":286,"column":88}},{"start":{"line":286,"column":91},"end":{"line":286,"column":94}}],"line":286},"33":{"loc":{"start":{"line":286,"column":25},"end":{"line":286,"column":74}},"type":"binary-expr","locations":[{"start":{"line":286,"column":25},"end":{"line":286,"column":45}},{"start":{"line":286,"column":49},"end":{"line":286,"column":74}}],"line":286},"34":{"loc":{"start":{"line":293,"column":17},"end":{"line":299,"column":17}},"type":"binary-expr","locations":[{"start":{"line":293,"column":17},"end":{"line":293,"column":30}},{"start":{"line":294,"column":18},"end":{"line":298,"column":24}}],"line":293},"35":{"loc":{"start":{"line":305,"column":11},"end":{"line":313,"column":11}},"type":"binary-expr","locations":[{"start":{"line":305,"column":11},"end":{"line":305,"column":42}},{"start":{"line":306,"column":12},"end":{"line":312,"column":14}}],"line":305}},"s":{"0":56,"1":56,"2":56,"3":56,"4":56,"5":56,"6":56,"7":56,"8":56,"9":24,"10":1,"11":1,"12":23,"13":23,"14":22,"15":22,"16":23,"17":23,"18":6,"19":23,"20":1,"21":23,"22":23,"23":23,"24":56,"25":2,"26":2,"27":1,"28":1,"29":56,"30":2,"31":2,"32":56,"33":0,"34":56,"35":0,"36":0,"37":0,"38":56,"39":1,"40":1,"41":56,"42":10,"43":56,"44":56,"45":56,"46":56,"47":2,"48":54,"49":1,"50":56,"51":56,"52":55,"53":1,"54":2,"55":0,"56":1,"57":1,"58":0,"59":0,"60":0,"61":56,"62":56,"63":1,"64":4,"65":2},"f":{"0":56,"1":24,"2":6,"3":1,"4":23,"5":2,"6":1,"7":1,"8":2,"9":0,"10":0,"11":1,"12":10,"13":56,"14":2,"15":0,"16":0,"17":1,"18":4,"19":2},"b":{"0":[1,23],"1":[22,1],"2":[56,8],"3":[32,24],"4":[2,54],"5":[56,3],"6":[1,53],"7":[55,1],"8":[56,1],"9":[2,2,0],"10":[1,0],"11":[32,24],"12":[56,32],"13":[56,8],"14":[8,5,4],"15":[8,3,2,0],"16":[8,1],"17":[56,53],"18":[56,2],"19":[56,1],"20":[56,0],"21":[56,53],"22":[48,5],"23":[53,5,4],"24":[53,5,1],"25":[56,2],"26":[2,0],"27":[56,1],"28":[1,1],"29":[1,1],"30":[1,1],"31":[2,1],"32":[2,0],"33":[2,2],"34":[1,0],"35":[56,55]},"_coverageSchema":"1a1c01bbd47fc00a2c39e90264f33305004495a9","hash":"3144fc4a6f4ec6dbce3271996a6f44dd2f602466"}
,"C:\\Planning-Poker\\planning-poker-pro\\frontend\\src\\pages\\JoinGame.js": {"path":"C:\\Planning-Poker\\planning-poker-pro\\frontend\\src\\pages\\JoinGame.js","statementMap":{"0":{"start":{"line":9,"column":21},"end":{"line":9,"column":32}},"1":{"start":{"line":10,"column":48},"end":{"line":10,"column":60}},"2":{"start":{"line":11,"column":19},"end":{"line":11,"column":32}},"3":{"start":{"line":13,"column":2},"end":{"line":31,"column":17}},"4":{"start":{"line":15,"column":4},"end":{"line":19,"column":7}},"5":{"start":{"line":16,"column":6},"end":{"line":16,"column":27}},"6":{"start":{"line":18,"column":6},"end":{"line":18,"column":29}},"7":{"start":{"line":22,"column":4},"end":{"line":25,"column":7}},"8":{"start":{"line":24,"column":6},"end":{"line":24,"column":34}},"9":{"start":{"line":27,"column":4},"end":{"line":30,"column":6}},"10":{"start":{"line":28,"column":6},"end":{"line":28,"column":35}},"11":{"start":{"line":29,"column":6},"end":{"line":29,"column":32}},"12":{"start":{"line":33,"column":25},"end":{"line":44,"column":3}},"13":{"start":{"line":34,"column":4},"end":{"line":37,"column":5}},"14":{"start":{"line":35,"column":6},"end":{"line":35,"column":45}},"15":{"start":{"line":36,"column":6},"end":{"line":36,"column":13}},"16":{"start":{"line":40,"column":4},"end":{"line":40,"column":54}},"17":{"start":{"line":43,"column":4},"end":{"line":43,"column":67}},"18":{"start":{"line":46,"column":2},"end":{"line":81,"column":6}},"19":{"start":{"line":67,"column":29},"end":{"line":67,"column":63}},"20":{"start":{"line":68,"column":31},"end":{"line":68,"column":68}}},"fnMap":{"0":{"name":"JoinGame","decl":{"start":{"line":8,"column":24},"end":{"line":8,"column":32}},"loc":{"start":{"line":8,"column":35},"end":{"line":82,"column":1}},"line":8},"1":{"name":"(anonymous_1)","decl":{"start":{"line":13,"column":12},"end":{"line":13,"column":13}},"loc":{"start":{"line":13,"column":18},"end":{"line":31,"column":3}},"line":13},"2":{"name":"(anonymous_2)","decl":{"start":{"line":15,"column":32},"end":{"line":15,"column":33}},"loc":{"start":{"line":15,"column":49},"end":{"line":19,"column":5}},"line":15},"3":{"name":"(anonymous_3)","decl":{"start":{"line":22,"column":29},"end":{"line":22,"column":30}},"loc":{"start":{"line":22,"column":45},"end":{"line":25,"column":5}},"line":22},"4":{"name":"(anonymous_4)","decl":{"start":{"line":27,"column":11},"end":{"line":27,"column":12}},"loc":{"start":{"line":27,"column":17},"end":{"line":30,"column":5}},"line":27},"5":{"name":"(anonymous_5)","decl":{"start":{"line":33,"column":25},"end":{"line":33,"column":26}},"loc":{"start":{"line":33,"column":31},"end":{"line":44,"column":3}},"line":33},"6":{"name":"(anonymous_6)","decl":{"start":{"line":67,"column":22},"end":{"line":67,"column":23}},"loc":{"start":{"line":67,"column":29},"end":{"line":67,"column":63}},"line":67},"7":{"name":"(anonymous_7)","decl":{"start":{"line":68,"column":24},"end":{"line":68,"column":25}},"loc":{"start":{"line":68,"column":31},"end":{"line":68,"column":68}},"line":68}},"branchMap":{"0":{"loc":{"start":{"line":34,"column":4},"end":{"line":37,"column":5}},"type":"if","locations":[{"start":{"line":34,"column":4},"end":{"line":37,"column":5}},{"start":{},"end":{}}],"line":34},"1":{"loc":{"start":{"line":68,"column":31},"end":{"line":68,"column":68}},"type":"binary-expr","locations":[{"start":{"line":68,"column":31},"end":{"line":68,"column":48}},{"start":{"line":68,"column":52},"end":{"line":68,"column":68}}],"line":68}},"s":{"0":176,"1":176,"2":176,"3":176,"4":15,"5":1,"6":1,"7":15,"8":2,"9":15,"10":15,"11":15,"12":176,"13":7,"14":2,"15":2,"16":5,"17":5,"18":176,"19":160,"20":1},"f":{"0":176,"1":15,"2":1,"3":2,"4":15,"5":7,"6":160,"7":1},"b":{"0":[2,5],"1":[1,1]},"_coverageSchema":"1a1c01bbd47fc00a2c39e90264f33305004495a9","hash":"bd1e3f6cddab28ee2f448f793e83ec5ee7c0a15b"}
,"C:\\Planning-Poker\\planning-poker-pro\\frontend\\src\\pages\\LandingPage.js": {"path":"C:\\Planning-Poker\\planning-poker-pro\\frontend\\src\\pages\\LandingPage.js","statementMap":{"0":{"start":{"line":9,"column":34},"end":{"line":9,"column":46}},"1":{"start":{"line":10,"column":25},"end":{"line":10,"column":39}},"2":{"start":{"line":11,"column":27},"end":{"line":11,"column":38}},"3":{"start":{"line":12,"column":19},"end":{"line":12,"column":32}},"4":{"start":{"line":14,"column":18},"end":{"line":20,"column":3}},"5":{"start":{"line":22,"column":2},"end":{"line":32,"column":23}},"6":{"start":{"line":23,"column":21},"end":{"line":29,"column":12}},"7":{"start":{"line":24,"column":6},"end":{"line":24,"column":21}},"8":{"start":{"line":25,"column":6},"end":{"line":28,"column":14}},"9":{"start":{"line":26,"column":8},"end":{"line":26,"column":66}},"10":{"start":{"line":26,"column":32},"end":{"line":26,"column":64}},"11":{"start":{"line":27,"column":8},"end":{"line":27,"column":22}},"12":{"start":{"line":31,"column":4},"end":{"line":31,"column":41}},"13":{"start":{"line":31,"column":17},"end":{"line":31,"column":40}},"14":{"start":{"line":34,"column":22},"end":{"line":44,"column":3}},"15":{"start":{"line":35,"column":4},"end":{"line":38,"column":5}},"16":{"start":{"line":36,"column":6},"end":{"line":36,"column":45}},"17":{"start":{"line":37,"column":6},"end":{"line":37,"column":13}},"18":{"start":{"line":41,"column":4},"end":{"line":41,"column":47}},"19":{"start":{"line":43,"column":4},"end":{"line":43,"column":29}},"20":{"start":{"line":47,"column":2},"end":{"line":85,"column":4}},"21":{"start":{"line":73,"column":27},"end":{"line":73,"column":54}},"22":{"start":{"line":74,"column":29},"end":{"line":74,"column":63}}},"fnMap":{"0":{"name":"LandingPage","decl":{"start":{"line":8,"column":24},"end":{"line":8,"column":35}},"loc":{"start":{"line":8,"column":38},"end":{"line":86,"column":1}},"line":8},"1":{"name":"(anonymous_1)","decl":{"start":{"line":22,"column":12},"end":{"line":22,"column":13}},"loc":{"start":{"line":22,"column":18},"end":{"line":32,"column":3}},"line":22},"2":{"name":"(anonymous_2)","decl":{"start":{"line":23,"column":33},"end":{"line":23,"column":34}},"loc":{"start":{"line":23,"column":39},"end":{"line":29,"column":5}},"line":23},"3":{"name":"(anonymous_3)","decl":{"start":{"line":25,"column":17},"end":{"line":25,"column":18}},"loc":{"start":{"line":25,"column":23},"end":{"line":28,"column":7}},"line":25},"4":{"name":"(anonymous_4)","decl":{"start":{"line":26,"column":17},"end":{"line":26,"column":18}},"loc":{"start":{"line":26,"column":32},"end":{"line":26,"column":64}},"line":26},"5":{"name":"(anonymous_5)","decl":{"start":{"line":31,"column":11},"end":{"line":31,"column":12}},"loc":{"start":{"line":31,"column":17},"end":{"line":31,"column":40}},"line":31},"6":{"name":"(anonymous_6)","decl":{"start":{"line":34,"column":22},"end":{"line":34,"column":23}},"loc":{"start":{"line":34,"column":28},"end":{"line":44,"column":3}},"line":34},"7":{"name":"(anonymous_7)","decl":{"start":{"line":73,"column":20},"end":{"line":73,"column":21}},"loc":{"start":{"line":73,"column":27},"end":{"line":73,"column":54}},"line":73},"8":{"name":"(anonymous_8)","decl":{"start":{"line":74,"column":22},"end":{"line":74,"column":23}},"loc":{"start":{"line":74,"column":29},"end":{"line":74,"column":63}},"line":74}},"branchMap":{"0":{"loc":{"start":{"line":35,"column":4},"end":{"line":38,"column":5}},"type":"if","locations":[{"start":{"line":35,"column":4},"end":{"line":38,"column":5}},{"start":{},"end":{}}],"line":35},"1":{"loc":{"start":{"line":59,"column":59},"end":{"line":59,"column":90}},"type":"cond-expr","locations":[{"start":{"line":59,"column":66},"end":{"line":59,"column":76}},{"start":{"line":59,"column":79},"end":{"line":59,"column":90}}],"line":59},"2":{"loc":{"start":{"line":74,"column":29},"end":{"line":74,"column":63}},"type":"binary-expr","locations":[{"start":{"line":74,"column":29},"end":{"line":74,"column":46}},{"start":{"line":74,"column":50},"end":{"line":74,"column":63}}],"line":74}},"s":{"0":26,"1":26,"2":26,"3":26,"4":26,"5":26,"6":13,"7":6,"8":6,"9":6,"10":6,"11":6,"12":13,"13":13,"14":26,"15":5,"16":3,"17":3,"18":2,"19":2,"20":26,"21":5,"22":3},"f":{"0":26,"1":13,"2":6,"3":6,"4":6,"5":13,"6":5,"7":5,"8":3},"b":{"0":[3,2],"1":[24,2],"2":[3,2]},"_coverageSchema":"1a1c01bbd47fc00a2c39e90264f33305004495a9","hash":"a8381620efc3e7960d36b975ae71193c518d6869"}
,"C:\\Planning-Poker\\planning-poker-pro\\frontend\\src\\tests\\testHelpers.js": {"path":"C:\\Planning-Poker\\planning-poker-pro\\frontend\\src\\tests\\testHelpers.js","statementMap":{"0":{"start":{"line":6,"column":32},"end":{"line":11,"column":1}},"1":{"start":{"line":14,"column":32},"end":{"line":18,"column":1}},"2":{"start":{"line":15,"column":2},"end":{"line":17,"column":4}},"3":{"start":{"line":21,"column":31},"end":{"line":23,"column":1}},"4":{"start":{"line":22,"column":2},"end":{"line":22,"column":27}},"5":{"start":{"line":26,"column":35},"end":{"line":28,"column":1}},"6":{"start":{"line":27,"column":2},"end":{"line":27,"column":27}},"7":{"start":{"line":31,"column":27},"end":{"line":33,"column":1}},"8":{"start":{"line":32,"column":2},"end":{"line":32,"column":32}},"9":{"start":{"line":36,"column":28},"end":{"line":36,"column":37}},"10":{"start":{"line":39,"column":32},"end":{"line":61,"column":1}},"11":{"start":{"line":40,"column":2},"end":{"line":43,"column":5}},"12":{"start":{"line":46,"column":2},"end":{"line":49,"column":6}},"13":{"start":{"line":46,"column":39},"end":{"line":49,"column":3}},"14":{"start":{"line":48,"column":23},"end":{"line":48,"column":35}},"15":{"start":{"line":52,"column":2},"end":{"line":54,"column":6}},"16":{"start":{"line":52,"column":27},"end":{"line":54,"column":3}},"17":{"start":{"line":53,"column":14},"end":{"line":53,"column":32}},"18":{"start":{"line":57,"column":2},"end":{"line":57,"column":27}},"19":{"start":{"line":60,"column":2},"end":{"line":60,"column":23}},"20":{"start":{"line":64,"column":29},"end":{"line":74,"column":1}},"21":{"start":{"line":65,"column":2},"end":{"line":65,"column":23}},"22":{"start":{"line":66,"column":2},"end":{"line":66,"column":27}},"23":{"start":{"line":67,"column":2},"end":{"line":67,"column":39}},"24":{"start":{"line":68,"column":2},"end":{"line":68,"column":39}},"25":{"start":{"line":69,"column":2},"end":{"line":69,"column":42}},"26":{"start":{"line":70,"column":2},"end":{"line":70,"column":37}},"27":{"start":{"line":71,"column":2},"end":{"line":73,"column":3}},"28":{"start":{"line":72,"column":4},"end":{"line":72,"column":29}}},"fnMap":{"0":{"name":"(anonymous_0)","decl":{"start":{"line":14,"column":32},"end":{"line":14,"column":33}},"loc":{"start":{"line":14,"column":80},"end":{"line":18,"column":1}},"line":14},"1":{"name":"(anonymous_1)","decl":{"start":{"line":21,"column":31},"end":{"line":21,"column":32}},"loc":{"start":{"line":21,"column":46},"end":{"line":23,"column":1}},"line":21},"2":{"name":"(anonymous_2)","decl":{"start":{"line":26,"column":35},"end":{"line":26,"column":36}},"loc":{"start":{"line":26,"column":50},"end":{"line":28,"column":1}},"line":26},"3":{"name":"(anonymous_3)","decl":{"start":{"line":31,"column":27},"end":{"line":31,"column":28}},"loc":{"start":{"line":31,"column":45},"end":{"line":33,"column":1}},"line":31},"4":{"name":"(anonymous_4)","decl":{"start":{"line":39,"column":32},"end":{"line":39,"column":33}},"loc":{"start":{"line":39,"column":38},"end":{"line":61,"column":1}},"line":39},"5":{"name":"(anonymous_5)","decl":{"start":{"line":46,"column":32},"end":{"line":46,"column":33}},"loc":{"start":{"line":46,"column":39},"end":{"line":49,"column":3}},"line":46},"6":{"name":"(anonymous_6)","decl":{"start":{"line":48,"column":17},"end":{"line":48,"column":18}},"loc":{"start":{"line":48,"column":23},"end":{"line":48,"column":35}},"line":48},"7":{"name":"(anonymous_7)","decl":{"start":{"line":52,"column":20},"end":{"line":52,"column":21}},"loc":{"start":{"line":52,"column":27},"end":{"line":54,"column":3}},"line":52},"8":{"name":"(anonymous_8)","decl":{"start":{"line":53,"column":8},"end":{"line":53,"column":9}},"loc":{"start":{"line":53,"column":14},"end":{"line":53,"column":32}},"line":53},"9":{"name":"(anonymous_9)","decl":{"start":{"line":64,"column":29},"end":{"line":64,"column":30}},"loc":{"start":{"line":64,"column":35},"end":{"line":74,"column":1}},"line":64}},"branchMap":{"0":{"loc":{"start":{"line":14,"column":44},"end":{"line":14,"column":75}},"type":"default-arg","locations":[{"start":{"line":14,"column":73},"end":{"line":14,"column":75}}],"line":14},"1":{"loc":{"start":{"line":14,"column":46},"end":{"line":14,"column":68}},"type":"default-arg","locations":[{"start":{"line":14,"column":63},"end":{"line":14,"column":68}}],"line":14},"2":{"loc":{"start":{"line":71,"column":2},"end":{"line":73,"column":3}},"type":"if","locations":[{"start":{"line":71,"column":2},"end":{"line":73,"column":3}},{"start":{},"end":{}}],"line":71}},"s":{"0":3,"1":3,"2":0,"3":3,"4":5,"5":3,"6":19,"7":3,"8":4,"9":3,"10":3,"11":0,"12":0,"13":0,"14":0,"15":0,"16":0,"17":0,"18":0,"19":0,"20":3,"21":0,"22":0,"23":0,"24":0,"25":0,"26":0,"27":0,"28":0},"f":{"0":0,"1":5,"2":19,"3":4,"4":0,"5":0,"6":0,"7":0,"8":0,"9":0},"b":{"0":[0],"1":[0],"2":[0,0]},"_coverageSchema":"1a1c01bbd47fc00a2c39e90264f33305004495a9","hash":"544c14d45f7dac7923a2b678db0f6354d17bf308"}
}
