TN:
SF:src\App.js
FN:11,App
FNF:1
FNH:1
FNDA:3,App
DA:12,3
LF:1
LH:1
BRF:0
BRH:0
end_of_record
TN:
SF:src\index.js
FNF:0
FNH:0
DA:6,0
DA:7,0
LF:2
LH:0
BRF:0
BRH:0
end_of_record
TN:
SF:src\reportWebVitals.js
FN:1,(anonymous_0)
FN:3,(anonymous_1)
FNF:2
FNH:0
FNDA:0,(anonymous_0)
FNDA:0,(anonymous_1)
DA:1,0
DA:2,0
DA:3,0
DA:4,0
DA:5,0
DA:6,0
DA:7,0
DA:8,0
LF:8
LH:0
BRDA:2,0,0,0
BRDA:2,0,1,0
BRDA:2,1,0,0
BRDA:2,1,1,0
BRF:4
BRH:0
end_of_record
TN:
SF:src\socket.js
FNF:0
FNH:0
DA:4,0
LF:1
LH:0
BRF:0
BRH:0
end_of_record
TN:
SF:src\components\DarkModeBtn.js
FN:3,DarkModeBtn
FNF:1
FNH:1
FNDA:181,DarkModeBtn
DA:4,181
DA:6,181
LF:2
LH:2
BRDA:15,0,0,1
BRDA:15,0,1,180
BRDA:16,1,0,1
BRDA:16,1,1,180
BRDA:17,2,0,1
BRDA:17,2,1,180
BRDA:39,3,0,1
BRDA:39,3,1,180
BRDA:43,4,0,180
BRDA:43,4,1,1
BRF:10
BRH:10
end_of_record
TN:
SF:src\components\Navbar.js
FN:5,Navbar
FNF:1
FNH:1
FNDA:179,Navbar
DA:6,179
LF:1
LH:1
BRF:0
BRH:0
end_of_record
TN:
SF:src\components\UsersList.js
FN:4,UsersList
FN:15,(anonymous_1)
FNF:2
FNH:2
FNDA:12,UsersList
FNDA:32,(anonymous_1)
DA:5,12
DA:16,32
DA:17,32
DA:19,32
LF:4
LH:4
BRDA:16,0,0,32
BRDA:16,0,1,19
BRDA:16,0,2,9
BRDA:22,1,0,8
BRDA:22,1,1,24
BRDA:26,2,0,8
BRDA:26,2,1,24
BRDA:32,3,0,8
BRDA:32,3,1,24
BRDA:34,4,0,32
BRDA:34,4,1,8
BRDA:41,5,0,32
BRDA:41,5,1,24
BRDA:42,6,0,16
BRDA:42,6,1,8
BRDA:43,7,0,16
BRDA:43,7,1,8
BRDA:47,8,0,32
BRDA:47,8,1,5
BRDA:47,8,2,4
BRDA:47,8,3,4
BRF:21
BRH:21
end_of_record
TN:
SF:src\components\VotingCards.js
FN:4,VotingCards
FN:12,(anonymous_1)
FN:19,(anonymous_2)
FN:37,getStatusMessage
FNF:4
FNH:4
FNDA:19,VotingCards
FNDA:159,(anonymous_1)
FNDA:2,(anonymous_2)
FNDA:19,getStatusMessage
DA:5,19
DA:13,159
DA:14,159
DA:16,159
DA:19,2
DA:38,19
DA:39,2
DA:42,17
DA:43,16
DA:44,2
DA:46,14
DA:49,1
DA:50,1
DA:53,0
LF:14
LH:13
BRDA:8,0,0,16
BRDA:8,0,1,3
BRDA:14,1,0,159
BRDA:14,1,1,132
BRDA:19,2,0,2
BRDA:19,2,1,1
BRDA:21,3,0,2
BRDA:21,3,1,157
BRDA:21,4,0,27
BRDA:21,4,1,132
BRDA:21,5,0,105
BRDA:21,5,1,54
BRDA:23,6,0,1
BRDA:23,6,1,158
BRDA:23,7,0,18
BRDA:23,7,1,140
BRDA:38,8,0,2
BRDA:38,8,1,17
BRDA:42,9,0,16
BRDA:42,9,1,1
BRDA:43,10,0,2
BRDA:43,10,1,14
BRDA:49,11,0,1
BRDA:49,11,1,0
BRF:24
BRH:23
end_of_record
TN:
SF:src\contexts\DarkModeContext.js
FN:5,(anonymous_0)
FN:13,(anonymous_1)
FN:14,(anonymous_2)
FN:20,(anonymous_3)
FN:32,(anonymous_4)
FN:33,(anonymous_5)
FNF:6
FNH:6
FNDA:185,(anonymous_0)
FNDA:49,(anonymous_1)
FNDA:47,(anonymous_2)
FNDA:49,(anonymous_3)
FNDA:2,(anonymous_4)
FNDA:2,(anonymous_5)
DA:3,4
DA:5,4
DA:6,185
DA:7,185
DA:8,2
DA:10,183
DA:13,4
DA:14,49
DA:16,47
DA:17,47
DA:20,49
DA:22,49
DA:25,49
DA:26,3
DA:28,46
DA:32,49
DA:33,2
DA:36,49
DA:41,49
LF:19
LH:19
BRDA:7,0,0,2
BRDA:7,0,1,183
BRDA:25,1,0,3
BRDA:25,1,1,46
BRF:4
BRH:4
end_of_record
TN:
SF:src\pages\CreateRoom.js
FN:18,CreateRoom
FN:24,(anonymous_1)
FN:32,(anonymous_2)
FN:54,(anonymous_3)
FN:59,(anonymous_4)
FN:85,(anonymous_5)
FN:86,(anonymous_6)
FN:99,(anonymous_7)
FN:103,(anonymous_8)
FN:109,(anonymous_9)
FN:119,(anonymous_10)
FNF:11
FNH:11
FNDA:103,CreateRoom
FNDA:20,(anonymous_1)
FNDA:5,(anonymous_2)
FNDA:5,(anonymous_3)
FNDA:1,(anonymous_4)
FNDA:76,(anonymous_5)
FNDA:1,(anonymous_6)
FNDA:206,(anonymous_7)
FNDA:2,(anonymous_8)
FNDA:2,(anonymous_9)
FNDA:2060,(anonymous_10)
DA:7,1
DA:19,103
DA:20,103
DA:21,103
DA:22,103
DA:24,103
DA:25,20
DA:26,20
DA:27,1
DA:28,1
DA:32,103
DA:33,5
DA:34,0
DA:35,0
DA:38,5
DA:41,5
DA:42,5
DA:45,5
DA:54,5
DA:55,5
DA:59,103
DA:60,1
DA:63,103
DA:85,76
DA:86,1
DA:100,206
DA:103,2
DA:109,2
DA:120,2060
LF:29
LH:27
BRDA:26,0,0,1
BRDA:26,0,1,19
BRDA:33,1,0,0
BRDA:33,1,1,5
BRDA:86,2,0,1
BRDA:86,2,1,1
BRDA:102,3,0,103
BRDA:102,3,1,103
BRDA:113,4,0,103
BRDA:113,4,1,103
BRDA:122,5,0,1030
BRDA:122,5,1,1030
BRDA:142,6,0,103
BRDA:142,6,1,98
BRDA:145,7,0,5
BRDA:145,7,1,98
BRF:16
BRH:15
end_of_record
TN:
SF:src\pages\GamePage.js
FN:10,GamePage
FN:28,(anonymous_1)
FN:44,(anonymous_2)
FN:48,(anonymous_3)
FN:52,(anonymous_4)
FN:58,(anonymous_5)
FN:61,(anonymous_6)
FN:62,(anonymous_7)
FN:65,(anonymous_8)
FN:70,(anonymous_9)
FN:74,(anonymous_10)
FN:80,(anonymous_11)
FN:86,(anonymous_12)
FN:101,(anonymous_13)
FN:105,(anonymous_14)
FN:106,(anonymous_15)
FN:110,(anonymous_16)
FN:227,(anonymous_17)
FN:244,(anonymous_18)
FN:262,(anonymous_19)
FNF:20
FNH:16
FNDA:56,GamePage
FNDA:24,(anonymous_1)
FNDA:6,(anonymous_2)
FNDA:1,(anonymous_3)
FNDA:23,(anonymous_4)
FNDA:2,(anonymous_5)
FNDA:1,(anonymous_6)
FNDA:1,(anonymous_7)
FNDA:2,(anonymous_8)
FNDA:0,(anonymous_9)
FNDA:0,(anonymous_10)
FNDA:1,(anonymous_11)
FNDA:10,(anonymous_12)
FNDA:56,(anonymous_13)
FNDA:2,(anonymous_14)
FNDA:0,(anonymous_15)
FNDA:0,(anonymous_16)
FNDA:1,(anonymous_17)
FNDA:4,(anonymous_18)
FNDA:2,(anonymous_19)
DA:11,56
DA:12,56
DA:13,56
DA:20,56
DA:21,56
DA:22,56
DA:25,56
DA:26,56
DA:28,56
DA:29,24
DA:30,1
DA:31,1
DA:35,23
DA:36,23
DA:37,22
DA:38,22
DA:42,23
DA:44,23
DA:45,6
DA:48,23
DA:49,1
DA:52,23
DA:53,23
DA:54,23
DA:58,56
DA:59,2
DA:60,2
DA:61,1
DA:62,1
DA:65,56
DA:66,2
DA:67,2
DA:70,56
DA:71,0
DA:74,56
DA:75,0
DA:76,0
DA:77,0
DA:80,56
DA:82,1
DA:83,1
DA:86,56
DA:87,56
DA:90,56
DA:93,56
DA:94,56
DA:95,2
DA:96,54
DA:97,1
DA:101,56
DA:102,56
DA:104,1
DA:105,2
DA:106,0
DA:108,1
DA:110,0
DA:111,0
DA:114,56
DA:116,56
DA:227,1
DA:244,4
DA:263,2
LF:62
LH:55
BRDA:29,0,0,1
BRDA:29,0,1,23
BRDA:36,1,0,22
BRDA:36,1,1,1
BRDA:86,2,0,56
BRDA:86,2,1,8
BRDA:90,3,0,32
BRDA:90,3,1,24
BRDA:94,4,0,2
BRDA:94,4,1,54
BRDA:94,5,0,56
BRDA:94,5,1,3
BRDA:96,6,0,1
BRDA:96,6,1,53
BRDA:102,7,0,55
BRDA:102,7,1,1
BRDA:102,8,0,56
BRDA:102,8,1,1
BRDA:105,9,0,2
BRDA:105,9,1,2
BRDA:105,9,2,0
BRDA:108,10,0,1
BRDA:108,10,1,0
BRDA:128,11,0,32
BRDA:128,11,1,24
BRDA:136,12,0,56
BRDA:136,12,1,32
BRDA:154,13,0,56
BRDA:154,13,1,8
BRDA:156,14,0,8
BRDA:156,14,1,5
BRDA:156,14,2,4
BRDA:165,15,0,8
BRDA:165,15,1,3
BRDA:165,15,2,2
BRDA:165,15,3,0
BRDA:174,16,0,8
BRDA:174,16,1,1
BRDA:196,17,0,56
BRDA:196,17,1,53
BRDA:197,18,0,56
BRDA:197,18,1,2
BRDA:198,19,0,56
BRDA:198,19,1,1
BRDA:202,20,0,56
BRDA:202,20,1,0
BRDA:212,21,0,56
BRDA:212,21,1,53
BRDA:215,22,0,48
BRDA:215,22,1,5
BRDA:221,23,0,53
BRDA:221,23,1,5
BRDA:221,23,2,4
BRDA:233,24,0,53
BRDA:233,24,1,5
BRDA:233,24,2,1
BRDA:241,25,0,56
BRDA:241,25,1,2
BRDA:246,26,0,2
BRDA:246,26,1,0
BRDA:254,27,0,56
BRDA:254,27,1,1
BRDA:265,28,0,1
BRDA:265,28,1,1
BRDA:269,29,0,1
BRDA:269,29,1,1
BRDA:276,30,0,1
BRDA:276,30,1,1
BRDA:279,31,0,2
BRDA:279,31,1,1
BRDA:286,32,0,2
BRDA:286,32,1,0
BRDA:286,33,0,2
BRDA:286,33,1,2
BRDA:293,34,0,1
BRDA:293,34,1,0
BRDA:305,35,0,56
BRDA:305,35,1,55
BRF:78
BRH:71
end_of_record
TN:
SF:src\pages\JoinGame.js
FN:8,JoinGame
FN:13,(anonymous_1)
FN:15,(anonymous_2)
FN:22,(anonymous_3)
FN:27,(anonymous_4)
FN:33,(anonymous_5)
FN:67,(anonymous_6)
FN:68,(anonymous_7)
FNF:8
FNH:8
FNDA:176,JoinGame
FNDA:15,(anonymous_1)
FNDA:1,(anonymous_2)
FNDA:2,(anonymous_3)
FNDA:15,(anonymous_4)
FNDA:7,(anonymous_5)
FNDA:160,(anonymous_6)
FNDA:1,(anonymous_7)
DA:9,176
DA:10,176
DA:11,176
DA:13,176
DA:15,15
DA:16,1
DA:18,1
DA:22,15
DA:24,2
DA:27,15
DA:28,15
DA:29,15
DA:33,176
DA:34,7
DA:35,2
DA:36,2
DA:40,5
DA:43,5
DA:46,176
DA:67,160
DA:68,1
LF:21
LH:21
BRDA:34,0,0,2
BRDA:34,0,1,5
BRDA:68,1,0,1
BRDA:68,1,1,1
BRF:4
BRH:4
end_of_record
TN:
SF:src\pages\LandingPage.js
FN:8,LandingPage
FN:22,(anonymous_1)
FN:23,(anonymous_2)
FN:25,(anonymous_3)
FN:26,(anonymous_4)
FN:31,(anonymous_5)
FN:34,(anonymous_6)
FN:73,(anonymous_7)
FN:74,(anonymous_8)
FNF:9
FNH:9
FNDA:26,LandingPage
FNDA:13,(anonymous_1)
FNDA:6,(anonymous_2)
FNDA:6,(anonymous_3)
FNDA:6,(anonymous_4)
FNDA:13,(anonymous_5)
FNDA:5,(anonymous_6)
FNDA:5,(anonymous_7)
FNDA:3,(anonymous_8)
DA:9,26
DA:10,26
DA:11,26
DA:12,26
DA:14,26
DA:22,26
DA:23,13
DA:24,6
DA:25,6
DA:26,6
DA:27,6
DA:31,13
DA:34,26
DA:35,5
DA:36,3
DA:37,3
DA:41,2
DA:43,2
DA:47,26
DA:73,5
DA:74,3
LF:21
LH:21
BRDA:35,0,0,3
BRDA:35,0,1,2
BRDA:59,1,0,24
BRDA:59,1,1,2
BRDA:74,2,0,3
BRDA:74,2,1,2
BRF:6
BRH:6
end_of_record
TN:
SF:src\tests\testHelpers.js
FN:14,(anonymous_0)
FN:21,(anonymous_1)
FN:26,(anonymous_2)
FN:31,(anonymous_3)
FN:39,(anonymous_4)
FN:46,(anonymous_5)
FN:48,(anonymous_6)
FN:52,(anonymous_7)
FN:53,(anonymous_8)
FN:64,(anonymous_9)
FNF:10
FNH:3
FNDA:0,(anonymous_0)
FNDA:5,(anonymous_1)
FNDA:19,(anonymous_2)
FNDA:4,(anonymous_3)
FNDA:0,(anonymous_4)
FNDA:0,(anonymous_5)
FNDA:0,(anonymous_6)
FNDA:0,(anonymous_7)
FNDA:0,(anonymous_8)
FNDA:0,(anonymous_9)
DA:6,3
DA:14,3
DA:15,0
DA:21,3
DA:22,5
DA:26,3
DA:27,19
DA:31,3
DA:32,4
DA:36,3
DA:39,3
DA:40,0
DA:46,0
DA:48,0
DA:52,0
DA:53,0
DA:57,0
DA:60,0
DA:64,3
DA:65,0
DA:66,0
DA:67,0
DA:68,0
DA:69,0
DA:70,0
DA:71,0
DA:72,0
LF:27
LH:11
BRDA:14,0,0,0
BRDA:14,1,0,0
BRDA:71,2,0,0
BRDA:71,2,1,0
BRF:4
BRH:0
end_of_record
