TN:
SF:src\App.js
FN:12,App
FN:14,(anonymous_1)
FNF:2
FNH:2
FNDA:3,App
FNDA:3,(anonymous_1)
DA:14,3
DA:15,3
DA:18,3
LF:3
LH:3
BRF:0
BRH:0
end_of_record
TN:
SF:src\index.js
FNF:0
FNH:0
DA:6,0
DA:7,0
LF:2
LH:0
BRF:0
BRH:0
end_of_record
TN:
SF:src\reportWebVitals.js
FN:1,(anonymous_0)
FN:3,(anonymous_1)
FNF:2
FNH:0
FNDA:0,(anonymous_0)
FNDA:0,(anonymous_1)
DA:1,0
DA:2,0
DA:3,0
DA:4,0
DA:5,0
DA:6,0
DA:7,0
DA:8,0
LF:8
LH:0
BRDA:2,0,0,0
BRDA:2,0,1,0
BRDA:2,1,0,0
BRDA:2,1,1,0
BRF:4
BRH:0
end_of_record
TN:
SF:src\socket.js
FNF:0
FNH:0
DA:4,2
LF:1
LH:1
BRF:0
BRH:0
end_of_record
TN:
SF:src\components\DarkModeBtn.js
FN:3,DarkModeBtn
FNF:1
FNH:1
FNDA:181,DarkModeBtn
DA:4,181
DA:6,181
LF:2
LH:2
BRDA:15,0,0,1
BRDA:15,0,1,180
BRDA:16,1,0,1
BRDA:16,1,1,180
BRDA:17,2,0,1
BRDA:17,2,1,180
BRDA:39,3,0,1
BRDA:39,3,1,180
BRDA:43,4,0,180
BRDA:43,4,1,1
BRF:10
BRH:10
end_of_record
TN:
SF:src\components\Navbar.js
FN:5,Navbar
FNF:1
FNH:1
FNDA:179,Navbar
DA:6,179
LF:1
LH:1
BRF:0
BRH:0
end_of_record
TN:
SF:src\components\UsersList.js
FN:4,UsersList
FN:15,(anonymous_1)
FNF:2
FNH:2
FNDA:12,UsersList
FNDA:32,(anonymous_1)
DA:5,12
DA:16,32
DA:17,32
DA:19,32
LF:4
LH:4
BRDA:16,0,0,32
BRDA:16,0,1,19
BRDA:16,0,2,9
BRDA:22,1,0,8
BRDA:22,1,1,24
BRDA:26,2,0,8
BRDA:26,2,1,24
BRDA:32,3,0,8
BRDA:32,3,1,24
BRDA:34,4,0,32
BRDA:34,4,1,8
BRDA:41,5,0,32
BRDA:41,5,1,24
BRDA:42,6,0,16
BRDA:42,6,1,8
BRDA:43,7,0,16
BRDA:43,7,1,8
BRDA:47,8,0,32
BRDA:47,8,1,5
BRDA:47,8,2,4
BRDA:47,8,3,4
BRF:21
BRH:21
end_of_record
TN:
SF:src\components\VotingCards.js
FN:4,VotingCards
FN:12,(anonymous_1)
FN:19,(anonymous_2)
FN:37,getStatusMessage
FNF:4
FNH:4
FNDA:19,VotingCards
FNDA:159,(anonymous_1)
FNDA:2,(anonymous_2)
FNDA:19,getStatusMessage
DA:5,19
DA:13,159
DA:14,159
DA:16,159
DA:19,2
DA:38,19
DA:39,2
DA:42,17
DA:43,16
DA:44,2
DA:46,14
DA:49,1
DA:50,1
DA:53,0
LF:14
LH:13
BRDA:8,0,0,16
BRDA:8,0,1,3
BRDA:14,1,0,159
BRDA:14,1,1,132
BRDA:19,2,0,2
BRDA:19,2,1,1
BRDA:21,3,0,2
BRDA:21,3,1,157
BRDA:21,4,0,27
BRDA:21,4,1,132
BRDA:21,5,0,105
BRDA:21,5,1,54
BRDA:23,6,0,1
BRDA:23,6,1,158
BRDA:23,7,0,18
BRDA:23,7,1,140
BRDA:38,8,0,2
BRDA:38,8,1,17
BRDA:42,9,0,16
BRDA:42,9,1,1
BRDA:43,10,0,2
BRDA:43,10,1,14
BRDA:49,11,0,1
BRDA:49,11,1,0
BRF:24
BRH:23
end_of_record
TN:
SF:src\contexts\DarkModeContext.js
FN:5,(anonymous_0)
FN:13,(anonymous_1)
FN:14,(anonymous_2)
FN:20,(anonymous_3)
FN:32,(anonymous_4)
FN:33,(anonymous_5)
FNF:6
FNH:6
FNDA:185,(anonymous_0)
FNDA:49,(anonymous_1)
FNDA:47,(anonymous_2)
FNDA:49,(anonymous_3)
FNDA:2,(anonymous_4)
FNDA:2,(anonymous_5)
DA:3,4
DA:5,4
DA:6,185
DA:7,185
DA:8,2
DA:10,183
DA:13,4
DA:14,49
DA:16,47
DA:17,47
DA:20,49
DA:22,49
DA:25,49
DA:26,3
DA:28,46
DA:32,49
DA:33,2
DA:36,49
DA:41,49
LF:19
LH:19
BRDA:7,0,0,2
BRDA:7,0,1,183
BRDA:25,1,0,3
BRDA:25,1,1,46
BRF:4
BRH:4
end_of_record
TN:
SF:src\pages\CreateRoom.js
FN:19,CreateRoom
FN:25,(anonymous_1)
FN:33,(anonymous_2)
FN:55,(anonymous_3)
FN:60,(anonymous_4)
FN:86,(anonymous_5)
FN:87,(anonymous_6)
FN:100,(anonymous_7)
FN:104,(anonymous_8)
FN:110,(anonymous_9)
FN:120,(anonymous_10)
FNF:11
FNH:11
FNDA:103,CreateRoom
FNDA:20,(anonymous_1)
FNDA:5,(anonymous_2)
FNDA:5,(anonymous_3)
FNDA:1,(anonymous_4)
FNDA:76,(anonymous_5)
FNDA:1,(anonymous_6)
FNDA:206,(anonymous_7)
FNDA:2,(anonymous_8)
FNDA:2,(anonymous_9)
FNDA:2060,(anonymous_10)
DA:8,1
DA:20,103
DA:21,103
DA:22,103
DA:23,103
DA:25,103
DA:26,20
DA:27,20
DA:28,1
DA:29,1
DA:33,103
DA:34,5
DA:35,0
DA:36,0
DA:39,5
DA:42,5
DA:43,5
DA:46,5
DA:55,5
DA:56,5
DA:60,103
DA:61,1
DA:64,103
DA:86,76
DA:87,1
DA:101,206
DA:104,2
DA:110,2
DA:121,2060
LF:29
LH:27
BRDA:27,0,0,1
BRDA:27,0,1,19
BRDA:34,1,0,0
BRDA:34,1,1,5
BRDA:87,2,0,1
BRDA:87,2,1,1
BRDA:103,3,0,103
BRDA:103,3,1,103
BRDA:114,4,0,103
BRDA:114,4,1,103
BRDA:123,5,0,1030
BRDA:123,5,1,1030
BRDA:143,6,0,103
BRDA:143,6,1,98
BRDA:146,7,0,5
BRDA:146,7,1,98
BRF:16
BRH:15
end_of_record
TN:
SF:src\pages\GamePage.js
FN:9,GamePage
FN:27,(anonymous_1)
FN:42,(anonymous_2)
FN:46,(anonymous_3)
FN:50,(anonymous_4)
FN:56,(anonymous_5)
FN:60,(anonymous_6)
FN:65,(anonymous_7)
FN:69,(anonymous_8)
FN:75,(anonymous_9)
FN:81,(anonymous_10)
FN:209,(anonymous_11)
FN:226,(anonymous_12)
FN:244,(anonymous_13)
FNF:14
FNH:12
FNDA:56,GamePage
FNDA:24,(anonymous_1)
FNDA:6,(anonymous_2)
FNDA:1,(anonymous_3)
FNDA:23,(anonymous_4)
FNDA:2,(anonymous_5)
FNDA:2,(anonymous_6)
FNDA:0,(anonymous_7)
FNDA:0,(anonymous_8)
FNDA:1,(anonymous_9)
FNDA:10,(anonymous_10)
FNDA:1,(anonymous_11)
FNDA:4,(anonymous_12)
FNDA:2,(anonymous_13)
DA:10,56
DA:11,56
DA:12,56
DA:19,56
DA:20,56
DA:21,56
DA:24,56
DA:25,56
DA:27,56
DA:28,24
DA:29,1
DA:30,1
DA:34,23
DA:35,23
DA:36,22
DA:40,23
DA:42,23
DA:43,6
DA:46,23
DA:47,1
DA:50,23
DA:51,23
DA:52,23
DA:56,56
DA:57,2
DA:60,56
DA:61,2
DA:62,2
DA:65,56
DA:66,0
DA:69,56
DA:70,0
DA:71,0
DA:72,0
DA:75,56
DA:77,1
DA:78,1
DA:81,56
DA:82,56
DA:85,56
DA:88,56
DA:89,56
DA:90,2
DA:91,54
DA:92,1
DA:96,56
DA:98,56
DA:209,1
DA:226,4
DA:245,2
LF:50
LH:46
BRDA:28,0,0,1
BRDA:28,0,1,23
BRDA:35,1,0,22
BRDA:35,1,1,1
BRDA:81,2,0,56
BRDA:81,2,1,8
BRDA:85,3,0,32
BRDA:85,3,1,24
BRDA:89,4,0,2
BRDA:89,4,1,54
BRDA:89,5,0,56
BRDA:89,5,1,3
BRDA:91,6,0,1
BRDA:91,6,1,53
BRDA:96,7,0,1
BRDA:96,7,1,55
BRDA:110,8,0,32
BRDA:110,8,1,24
BRDA:118,9,0,56
BRDA:118,9,1,32
BRDA:136,10,0,56
BRDA:136,10,1,8
BRDA:138,11,0,8
BRDA:138,11,1,5
BRDA:138,11,2,4
BRDA:147,12,0,8
BRDA:147,12,1,3
BRDA:147,12,2,2
BRDA:147,12,3,0
BRDA:156,13,0,8
BRDA:156,13,1,1
BRDA:178,14,0,56
BRDA:178,14,1,53
BRDA:179,15,0,56
BRDA:179,15,1,2
BRDA:180,16,0,56
BRDA:180,16,1,1
BRDA:184,17,0,56
BRDA:184,17,1,0
BRDA:194,18,0,56
BRDA:194,18,1,53
BRDA:197,19,0,48
BRDA:197,19,1,5
BRDA:203,20,0,53
BRDA:203,20,1,5
BRDA:203,20,2,4
BRDA:215,21,0,53
BRDA:215,21,1,5
BRDA:215,21,2,1
BRDA:223,22,0,56
BRDA:223,22,1,2
BRDA:228,23,0,2
BRDA:228,23,1,0
BRDA:236,24,0,56
BRDA:236,24,1,1
BRDA:247,25,0,1
BRDA:247,25,1,1
BRDA:251,26,0,1
BRDA:251,26,1,1
BRDA:258,27,0,1
BRDA:258,27,1,1
BRDA:261,28,0,2
BRDA:261,28,1,1
BRDA:268,29,0,2
BRDA:268,29,1,0
BRDA:268,30,0,2
BRDA:268,30,1,2
BRDA:275,31,0,1
BRDA:275,31,1,0
BRDA:287,32,0,56
BRDA:287,32,1,55
BRF:71
BRH:66
end_of_record
TN:
SF:src\pages\JoinGame.js
FN:8,JoinGame
FN:13,(anonymous_1)
FN:15,(anonymous_2)
FN:22,(anonymous_3)
FN:27,(anonymous_4)
FN:33,(anonymous_5)
FN:67,(anonymous_6)
FN:68,(anonymous_7)
FNF:8
FNH:8
FNDA:176,JoinGame
FNDA:15,(anonymous_1)
FNDA:1,(anonymous_2)
FNDA:2,(anonymous_3)
FNDA:15,(anonymous_4)
FNDA:7,(anonymous_5)
FNDA:160,(anonymous_6)
FNDA:1,(anonymous_7)
DA:9,176
DA:10,176
DA:11,176
DA:13,176
DA:15,15
DA:16,1
DA:18,1
DA:22,15
DA:24,2
DA:27,15
DA:28,15
DA:29,15
DA:33,176
DA:34,7
DA:35,2
DA:36,2
DA:40,5
DA:43,5
DA:46,176
DA:67,160
DA:68,1
LF:21
LH:21
BRDA:34,0,0,2
BRDA:34,0,1,5
BRDA:68,1,0,1
BRDA:68,1,1,1
BRF:4
BRH:4
end_of_record
TN:
SF:src\pages\LandingPage.js
FN:9,LandingPage
FN:23,(anonymous_1)
FN:24,(anonymous_2)
FN:26,(anonymous_3)
FN:27,(anonymous_4)
FN:32,(anonymous_5)
FN:35,(anonymous_6)
FN:74,(anonymous_7)
FN:75,(anonymous_8)
FNF:9
FNH:9
FNDA:26,LandingPage
FNDA:13,(anonymous_1)
FNDA:6,(anonymous_2)
FNDA:6,(anonymous_3)
FNDA:6,(anonymous_4)
FNDA:13,(anonymous_5)
FNDA:5,(anonymous_6)
FNDA:5,(anonymous_7)
FNDA:3,(anonymous_8)
DA:10,26
DA:11,26
DA:12,26
DA:13,26
DA:15,26
DA:23,26
DA:24,13
DA:25,6
DA:26,6
DA:27,6
DA:28,6
DA:32,13
DA:35,26
DA:36,5
DA:37,3
DA:38,3
DA:42,2
DA:44,2
DA:48,26
DA:74,5
DA:75,3
LF:21
LH:21
BRDA:36,0,0,3
BRDA:36,0,1,2
BRDA:60,1,0,24
BRDA:60,1,1,2
BRDA:75,2,0,3
BRDA:75,2,1,2
BRF:6
BRH:6
end_of_record
TN:
SF:src\services\apiService.js
FN:6,(anonymous_0)
FN:11,(anonymous_1)
FN:15,(anonymous_2)
FN:19,(anonymous_3)
FN:23,(anonymous_4)
FN:27,(anonymous_5)
FN:31,(anonymous_6)
FN:35,(anonymous_7)
FN:39,(anonymous_8)
FN:43,(anonymous_9)
FN:47,(anonymous_10)
FN:51,(anonymous_11)
FN:55,(anonymous_12)
FN:63,(anonymous_13)
FN:67,(anonymous_14)
FN:71,(anonymous_15)
FN:75,(anonymous_16)
FN:80,(anonymous_17)
FN:84,(anonymous_18)
FN:95,(anonymous_19)
FN:105,(anonymous_20)
FN:113,(anonymous_21)
FN:124,(anonymous_22)
FN:133,(anonymous_23)
FN:141,(anonymous_24)
FN:160,(anonymous_25)
FN:198,(anonymous_26)
FN:202,(anonymous_27)
FN:203,(anonymous_28)
FN:207,(anonymous_29)
FN:212,(anonymous_30)
FN:235,(anonymous_31)
FN:242,(anonymous_32)
FN:250,(anonymous_33)
FN:258,(anonymous_34)
FNF:35
FNH:35
FNDA:5,(anonymous_0)
FNDA:29,(anonymous_1)
FNDA:2,(anonymous_2)
FNDA:1,(anonymous_3)
FNDA:3,(anonymous_4)
FNDA:1,(anonymous_5)
FNDA:24,(anonymous_6)
FNDA:24,(anonymous_7)
FNDA:15,(anonymous_8)
FNDA:15,(anonymous_9)
FNDA:1,(anonymous_10)
FNDA:1,(anonymous_11)
FNDA:2,(anonymous_12)
FNDA:24,(anonymous_13)
FNDA:24,(anonymous_14)
FNDA:16,(anonymous_15)
FNDA:16,(anonymous_16)
FNDA:1,(anonymous_17)
FNDA:6,(anonymous_18)
FNDA:25,(anonymous_19)
FNDA:1,(anonymous_20)
FNDA:9,(anonymous_21)
FNDA:82,(anonymous_22)
FNDA:1,(anonymous_23)
FNDA:5,(anonymous_24)
FNDA:4,(anonymous_25)
FNDA:5,(anonymous_26)
FNDA:8,(anonymous_27)
FNDA:3,(anonymous_28)
FNDA:3,(anonymous_29)
FNDA:6,(anonymous_30)
FNDA:3,(anonymous_31)
FNDA:1,(anonymous_32)
FNDA:1,(anonymous_33)
FNDA:1,(anonymous_34)
DA:7,5
DA:8,5
DA:12,29
DA:16,2
DA:20,1
DA:24,3
DA:28,1
DA:32,24
DA:36,24
DA:40,15
DA:44,15
DA:48,1
DA:52,1
DA:56,2
DA:57,1
DA:59,1
DA:64,24
DA:68,24
DA:72,16
DA:76,16
DA:81,1
DA:85,6
DA:86,6
DA:87,6
DA:89,0
DA:90,0
DA:91,0
DA:96,25
DA:97,25
DA:98,25
DA:100,0
DA:101,0
DA:106,1
DA:107,1
DA:109,0
DA:114,9
DA:115,9
DA:116,8
DA:118,1
DA:119,1
DA:120,1
DA:125,82
DA:126,82
DA:128,0
DA:129,0
DA:134,1
DA:135,1
DA:137,0
DA:142,5
DA:144,5
DA:145,2
DA:146,0
DA:148,0
DA:149,0
DA:153,3
DA:157,5
DA:161,4
DA:163,4
DA:164,4
DA:165,4
DA:166,2
DA:167,2
DA:169,0
DA:170,0
DA:171,0
DA:172,0
DA:173,0
DA:175,0
DA:176,0
DA:179,0
DA:180,0
DA:181,0
DA:184,2
DA:185,2
DA:187,2
DA:188,2
DA:189,2
DA:191,0
DA:194,2
DA:199,5
DA:201,3
DA:202,8
DA:203,3
DA:205,3
DA:207,3
DA:208,1
DA:213,6
DA:214,6
DA:215,6
DA:223,5
DA:224,1
DA:227,4
DA:229,2
DA:230,2
DA:231,2
DA:236,3
DA:243,1
DA:251,1
DA:259,1
DA:266,5
DA:295,5
LF:101
LH:78
BRDA:8,0,0,5
BRDA:8,0,1,5
BRDA:15,1,0,0
BRDA:55,2,0,1
BRDA:56,3,0,1
BRDA:56,3,1,1
BRDA:98,4,0,23
BRDA:98,4,1,2
BRDA:145,5,0,0
BRDA:145,5,1,2
BRDA:148,6,0,0
BRDA:148,6,1,0
BRDA:148,7,0,0
BRDA:148,7,1,0
BRDA:164,8,0,4
BRDA:164,8,1,0
BRDA:164,9,0,4
BRDA:164,9,1,4
BRDA:175,10,0,0
BRDA:175,10,1,0
BRDA:187,11,0,2
BRDA:187,11,1,0
BRDA:187,12,0,2
BRDA:187,12,1,2
BRDA:199,13,0,2
BRDA:199,13,1,3
BRDA:199,14,0,5
BRDA:199,14,1,4
BRDA:202,15,0,8
BRDA:202,15,1,7
BRDA:202,15,2,3
BRDA:205,16,0,2
BRDA:205,16,1,1
BRDA:212,17,0,0
BRDA:223,18,0,1
BRDA:223,18,1,4
BRDA:235,19,0,3
BRDA:242,20,0,0
BRDA:242,21,0,1
BRDA:250,22,0,0
BRDA:250,23,0,1
BRDA:258,24,0,1
BRF:42
BRH:29
end_of_record
TN:
SF:src\tests\testHelpers.js
FN:14,(anonymous_0)
FN:21,(anonymous_1)
FN:26,(anonymous_2)
FN:31,(anonymous_3)
FN:39,(anonymous_4)
FN:46,(anonymous_5)
FN:48,(anonymous_6)
FN:52,(anonymous_7)
FN:53,(anonymous_8)
FN:64,(anonymous_9)
FNF:10
FNH:3
FNDA:0,(anonymous_0)
FNDA:5,(anonymous_1)
FNDA:19,(anonymous_2)
FNDA:4,(anonymous_3)
FNDA:0,(anonymous_4)
FNDA:0,(anonymous_5)
FNDA:0,(anonymous_6)
FNDA:0,(anonymous_7)
FNDA:0,(anonymous_8)
FNDA:0,(anonymous_9)
DA:6,3
DA:14,3
DA:15,0
DA:21,3
DA:22,5
DA:26,3
DA:27,19
DA:31,3
DA:32,4
DA:36,3
DA:39,3
DA:40,0
DA:46,0
DA:48,0
DA:52,0
DA:53,0
DA:57,0
DA:60,0
DA:64,3
DA:65,0
DA:66,0
DA:67,0
DA:68,0
DA:69,0
DA:70,0
DA:71,0
DA:72,0
LF:27
LH:11
BRDA:14,0,0,0
BRDA:14,1,0,0
BRDA:71,2,0,0
BRDA:71,2,1,0
BRF:4
BRH:0
end_of_record
