{"total": {"lines":{"total":71,"covered":5,"skipped":0,"pct":7.04},"statements":{"total":78,"covered":5,"skipped":0,"pct":6.41},"functions":{"total":17,"covered":0,"skipped":0,"pct":0},"branches":{"total":22,"covered":0,"skipped":0,"pct":0},"branchesTrue":{"total":0,"covered":0,"skipped":0,"pct":100}}
,"C:\\Users\\k64169479\\OneDrive - KONE Corporation\\Planning-Poker\\planning-poker\\backend\\socket.js": {"lines":{"total":53,"covered":0,"skipped":0,"pct":0},"functions":{"total":15,"covered":0,"skipped":0,"pct":0},"statements":{"total":59,"covered":0,"skipped":0,"pct":0},"branches":{"total":20,"covered":0,"skipped":0,"pct":0}}
,"C:\\Users\\k64169479\\OneDrive - KONE Corporation\\Planning-Poker\\planning-poker\\backend\\data\\games.js": {"lines":{"total":2,"covered":2,"skipped":0,"pct":100},"functions":{"total":0,"covered":0,"skipped":0,"pct":100},"statements":{"total":2,"covered":2,"skipped":0,"pct":100},"branches":{"total":0,"covered":0,"skipped":0,"pct":100}}
,"C:\\Users\\k64169479\\OneDrive - KONE Corporation\\Planning-Poker\\planning-poker\\backend\\routes\\gameRoutes.js": {"lines":{"total":13,"covered":0,"skipped":0,"pct":0},"functions":{"total":2,"covered":0,"skipped":0,"pct":0},"statements":{"total":14,"covered":0,"skipped":0,"pct":0},"branches":{"total":2,"covered":0,"skipped":0,"pct":0}}
,"C:\\Users\\k64169479\\OneDrive - KONE Corporation\\Planning-Poker\\planning-poker\\backend\\utils\\generateId.js": {"lines":{"total":3,"covered":3,"skipped":0,"pct":100},"functions":{"total":0,"covered":0,"skipped":0,"pct":100},"statements":{"total":3,"covered":3,"skipped":0,"pct":100},"branches":{"total":0,"covered":0,"skipped":0,"pct":100}}
}
