TN:
SF:socket.js
FN:3,setupSocket
FN:4,(anonymous_1)
FN:8,(anonymous_2)
FN:24,(anonymous_3)
FN:43,(anonymous_4)
FN:65,(anonymous_5)
FN:75,(anonymous_6)
FN:76,(anonymous_7)
FN:84,(anonymous_8)
FN:93,(anonymous_9)
FN:101,(anonymous_10)
FN:103,(anonymous_11)
FN:115,(anonymous_12)
FN:118,(anonymous_13)
FNF:14
FNH:14
FNDA:12,setupSocket
FNDA:11,(anonymous_1)
FNDA:3,(anonymous_2)
FNDA:2,(anonymous_3)
FNDA:2,(anonymous_4)
FNDA:2,(anonymous_5)
FNDA:1,(anonymous_6)
FNDA:1,(anonymous_7)
FNDA:2,(anonymous_8)
FNDA:1,(anonymous_9)
FNDA:1,(anonymous_10)
FNDA:2,(anonymous_11)
FNDA:2,(anonymous_12)
FNDA:1,(anonymous_13)
DA:1,2
DA:4,12
DA:5,11
DA:8,11
DA:9,3
DA:12,3
DA:13,1
DA:20,1
DA:24,3
DA:25,3
DA:26,0
DA:28,0
DA:29,0
DA:30,0
DA:31,0
DA:34,0
DA:35,0
DA:36,0
DA:37,0
DA:38,0
DA:43,3
DA:44,3
DA:46,1
DA:47,1
DA:48,1
DA:52,2
DA:53,2
DA:55,2
DA:58,2
DA:61,2
DA:65,11
DA:66,2
DA:67,1
DA:68,1
DA:69,1
DA:70,1
DA:75,11
DA:76,1
DA:77,1
DA:79,1
DA:82,1
DA:84,2
DA:93,11
DA:94,1
DA:95,1
DA:96,1
DA:101,11
DA:102,1
DA:103,2
DA:104,1
DA:105,1
DA:106,1
DA:108,1
DA:109,1
DA:110,1
DA:115,11
DA:116,2
DA:117,1
DA:118,1
DA:119,1
DA:120,1
DA:121,1
DA:123,1
DA:130,2
LF:64
LH:54
BRDA:12,0,0,1
BRDA:12,0,1,2
BRDA:25,1,0,0
BRDA:25,1,1,3
BRDA:26,2,0,0
BRDA:26,2,1,0
BRDA:43,3,0,2
BRDA:43,3,1,1
BRDA:44,4,0,1
BRDA:44,4,1,2
BRDA:66,5,0,1
BRDA:66,5,1,1
BRDA:66,6,0,2
BRDA:66,6,1,2
BRDA:68,7,0,1
BRDA:68,7,1,1
BRDA:70,8,0,0
BRDA:70,8,1,1
BRDA:77,9,0,1
BRDA:77,9,1,0
BRDA:87,10,0,0
BRDA:87,10,1,2
BRDA:94,11,0,1
BRDA:94,11,1,0
BRDA:102,12,0,1
BRDA:102,12,1,0
BRDA:119,13,0,1
BRDA:119,13,1,0
BRF:28
BRH:19
end_of_record
TN:
SF:data\games.js
FNF:0
FNH:0
DA:2,4
DA:5,4
LF:2
LH:2
BRF:0
BRH:0
end_of_record
TN:
SF:routes\gameRoutes.js
FN:7,(anonymous_0)
FN:14,(anonymous_1)
FNF:2
FNH:2
FNDA:3,(anonymous_0)
FNDA:4,(anonymous_1)
DA:1,2
DA:2,2
DA:3,2
DA:4,2
DA:7,2
DA:8,3
DA:9,2
DA:10,2
DA:14,2
DA:15,4
DA:16,4
DA:17,3
DA:20,2
LF:13
LH:13
BRDA:16,0,0,1
BRDA:16,0,1,3
BRF:2
BRH:2
end_of_record
TN:
SF:utils\generateId.js
FNF:0
FNH:0
DA:1,3
DA:3,3
DA:5,3
LF:3
LH:3
BRF:0
BRH:0
end_of_record
